WARNING:tensorflow:From /home/molamola/.local/lib/python3.5/site-packages/tensorflow/python/framework/op_def_library.py:263: colocate_with (from tensorflow.python.framework.ops) is deprecated and will be removed in a future version.
Instructions for updating:
Colocations handled automatically by placer.
WARNING:tensorflow:From /home/molamola/PycharmProjects/baidubaikeQMSystem/topNAttention/atnn.py:184: calling dropout (from tensorflow.python.ops.nn_ops) with keep_prob is deprecated and will be removed in a future version.
Instructions for updating:
Please use `rate` instead of `keep_prob`. Rate should be set to `rate = 1 - keep_prob`.
WARNING:tensorflow:From /home/molamola/PycharmProjects/baidubaikeQMSystem/topNAttention/atnn.py:210: sparse_to_dense (from tensorflow.python.ops.sparse_ops) is deprecated and will be removed in a future version.
Instructions for updating:
Create a `tf.sparse.SparseTensor` and use `tf.sparse.to_dense` instead.
WARNING:tensorflow:From /home/molamola/.local/lib/python3.5/site-packages/tensorflow/python/ops/math_ops.py:3066: to_int32 (from tensorflow.python.ops.math_ops) is deprecated and will be removed in a future version.
Instructions for updating:
Use tf.cast instead.
2019-05-28 15:47:50.674413: I tensorflow/core/platform/cpu_feature_guard.cc:141] Your CPU supports instructions that this TensorFlow binary was not compiled to use: AVX2 FMA
2019-05-28 15:47:50.679601: I tensorflow/core/platform/profile_utils/cpu_utils.cc:94] CPU Frequency: 2394400000 Hz
2019-05-28 15:47:50.679842: I tensorflow/compiler/xla/service/service.cc:150] XLA service 0x546e780 executing computations on platform Host. Devices:
2019-05-28 15:47:50.679873: I tensorflow/compiler/xla/service/service.cc:158]   StreamExecutor device (0): <undefined>, <undefined>
Variable: W_top_1:0
Shape: (5, 8)
Variable: b_top_1:0
Shape: (8,)
Variable: W_other_1:0
Shape: (17, 10)
Variable: b_other_1:0
Shape: (10,)
Variable: end_layer:0
Shape: (18, 2)
Variable: b_end:0
Shape: (2,)
build data
特色词条2008条,非特色词条:5989条
start training
epoch:0
loss:0.5736181139945984
loss:0.5501400828361511
loss:0.5782428979873657
loss:0.5554630756378174
loss:0.5452807545661926
loss:0.5197494029998779
loss:0.5310344099998474
loss:0.5391659736633301
loss:0.5652987957000732
loss:0.550051212310791
--------------------------------------------------
{'r': 0.010634396828776219, 'f1': 0.020735962210984303, 'p': 0.5, 'acc': 0.7558333333333334}
build data
特色词条2008条,非特色词条:5989条
start training
epoch:1
loss:0.5492037534713745
loss:0.533484160900116
loss:0.5450674295425415
loss:0.5248703360557556
loss:0.5276615023612976
loss:0.5138316750526428
loss:0.5281042456626892
loss:0.5322028994560242
loss:0.5229748487472534
loss:0.5257943868637085
--------------------------------------------------
{'r': 0.009239780549596998, 'f1': 0.01812154114849652, 'p': 0.5, 'acc': 0.7566666666666667}
build data
特色词条2008条,非特色词条:5989条
start training
epoch:2
loss:0.49431219696998596
loss:0.5334183573722839
loss:0.5296297669410706
loss:0.49555015563964844
loss:0.4954114854335785
loss:0.515471339225769
loss:0.49577170610427856
loss:0.524978518486023
loss:0.5089199542999268
loss:0.5027887225151062
--------------------------------------------------
{'r': 0.012402448929145257, 'f1': 0.023995115995115994, 'p': 0.4, 'acc': 0.7483333333333334}
build data
特色词条2008条,非特色词条:5989条
start training
epoch:3
loss:0.5077701210975647
loss:0.4583808481693268
loss:0.4729851186275482
loss:0.5214717388153076
loss:0.4835679531097412
loss:0.4917701482772827
loss:0.5046096444129944
loss:0.4894738793373108
loss:0.4821764826774597
loss:0.5145758390426636
--------------------------------------------------
{'r': 0.0226419872628889, 'f1': 0.04324439547534599, 'p': 0.575, 'acc': 0.7479166666666666}
build data
特色词条2008条,非特色词条:5989条
start training
epoch:4
loss:0.48742735385894775
loss:0.4746192693710327
loss:0.5114205479621887
loss:0.49331802129745483
loss:0.47286495566368103
loss:0.46431824564933777
loss:0.46865570545196533
loss:0.500499963760376
loss:0.4637894034385681
loss:0.44569122791290283
--------------------------------------------------
{'r': 0.059910106705124644, 'f1': 0.11007822032021557, 'p': 0.7857142857142858, 'acc': 0.7583333333333333}
build data
特色词条2008条,非特色词条:5989条
start training
epoch:5
loss:0.4883985221385956
loss:0.4584592878818512
loss:0.4408596456050873
loss:0.4504795968532562
loss:0.44321563839912415
loss:0.4666082561016083
loss:0.4651159942150116
loss:0.45494502782821655
loss:0.4444195330142975
loss:0.494586706161499
--------------------------------------------------
{'r': 0.09846992570471397, 'f1': 0.17729480958978067, 'p': 0.9652777777777779, 'acc': 0.7583333333333333}
build data
特色词条2008条,非特色词条:5989条
start training
epoch:6
loss:0.47142207622528076
loss:0.4704643785953522
loss:0.45265069603919983
loss:0.4518809914588928
loss:0.45468732714653015
loss:0.4403378963470459
loss:0.47558674216270447
loss:0.4558589458465576
loss:0.42807090282440186
loss:0.47044637799263
--------------------------------------------------
{'r': 0.14747042413716457, 'f1': 0.25249090424663867, 'p': 0.9261111111111111, 'acc': 0.7845833333333334}
build data
特色词条2008条,非特色词条:5989条
start training
epoch:7
loss:0.4714379608631134
loss:0.4275875687599182
loss:0.4326064884662628
loss:0.44916191697120667
loss:0.4264538288116455
loss:0.4272453784942627
loss:0.4452098309993744
loss:0.43085387349128723
loss:0.4582802951335907
loss:0.4599993824958801
--------------------------------------------------
{'r': 0.1853501299839995, 'f1': 0.30538465301359907, 'p': 0.9143162393162394, 'acc': 0.7929166666666667}
build data
特色词条2008条,非特色词条:5989条
start training
epoch:8
loss:0.4499729573726654
loss:0.41146260499954224
loss:0.44940832257270813
loss:0.44359397888183594
loss:0.4281705617904663
loss:0.4357018768787384
loss:0.44476765394210815
loss:0.4104062616825104
loss:0.41263386607170105
loss:0.415228933095932
--------------------------------------------------
{'r': 0.23270756366499548, 'f1': 0.36563841595560315, 'p': 0.8802422723475354, 'acc': 0.7954166666666667}
build data
特色词条2008条,非特色词条:5989条
start training
epoch:9
loss:0.42302951216697693
loss:0.434461772441864
loss:0.40935325622558594
loss:0.40219759941101074
loss:0.4467718005180359
loss:0.42578431963920593
loss:0.4264642000198364
loss:0.43173927068710327
loss:0.41081503033638
loss:0.4034746587276459
--------------------------------------------------
{'r': 0.2562887980321207, 'f1': 0.3928654573763969, 'p': 0.8769608648056924, 'acc': 0.8108333333333333}
build data
特色词条2008条,非特色词条:5989条
start training
epoch:10
loss:0.43193069100379944
loss:0.4244101345539093
loss:0.4336627423763275
loss:0.39690765738487244
loss:0.4197480380535126
loss:0.39001861214637756
loss:0.404894083738327
loss:0.41393715143203735
loss:0.4006638526916504
loss:0.4229518473148346
--------------------------------------------------
{'r': 0.329547140517228, 'f1': 0.4722690918490981, 'p': 0.8584835884646257, 'acc': 0.8241666666666665}
build data
特色词条2008条,非特色词条:5989条
start training
epoch:11
loss:0.4132898449897766
loss:0.377258837223053
loss:0.41262540221214294
loss:0.37242555618286133
loss:0.39962443709373474
loss:0.4251002073287964
loss:0.40711551904678345
loss:0.40550050139427185
loss:0.3973521590232849
loss:0.40837326645851135
--------------------------------------------------
{'r': 0.3588674405912107, 'f1': 0.5086313982724403, 'p': 0.8937170079329773, 'acc': 0.8233333333333333}
build data
特色词条2008条,非特色词条:5989条
start training
epoch:12
loss:0.41297951340675354
loss:0.40129217505455017
loss:0.41350412368774414
loss:0.4057372212409973
loss:0.38730043172836304
loss:0.3646492063999176
loss:0.38710957765579224
loss:0.38102424144744873
loss:0.39248716831207275
loss:0.37944576144218445
--------------------------------------------------
{'r': 0.40108058915688866, 'f1': 0.5414169503341292, 'p': 0.8541493704196451, 'acc': 0.82875}
build data
特色词条2008条,非特色词条:5989条
start training
epoch:13
loss:0.3915584683418274
loss:0.371717244386673
loss:0.41988369822502136
loss:0.36978840827941895
loss:0.403108149766922
loss:0.3917689621448517
loss:0.3643539845943451
loss:0.372737854719162
loss:0.3904803991317749
loss:0.37483957409858704
--------------------------------------------------
{'r': 0.3852226172116385, 'f1': 0.5324125981218224, 'p': 0.8821836985268025, 'acc': 0.8300000000000001}
build data
特色词条2008条,非特色词条:5989条
start training
epoch:14
loss:0.3656984269618988
loss:0.3762267231941223
loss:0.37425485253334045
loss:0.3853392004966736
loss:0.3771398365497589
loss:0.3914848566055298
loss:0.37541231513023376
loss:0.37568795680999756
loss:0.35294991731643677
loss:0.4100193381309509
--------------------------------------------------
{'r': 0.4179174544531953, 'f1': 0.5638938578357711, 'p': 0.8718063129465655, 'acc': 0.8412499999999999}
build data
特色词条2008条,非特色词条:5989条
start training
epoch:15
loss:0.3588288724422455
loss:0.3830517530441284
loss:0.3869854807853699
loss:0.34470057487487793
loss:0.39990001916885376
loss:0.3925382196903229
loss:0.3682537078857422
loss:0.3501916527748108
loss:0.36849862337112427
loss:0.34663301706314087
--------------------------------------------------
{'r': 0.46655976843414776, 'f1': 0.5971370809526486, 'p': 0.8436699622093815, 'acc': 0.8466666666666667}
build data
特色词条2008条,非特色词条:5989条
start training
epoch:16
loss:0.3363476097583771
loss:0.36134544014930725
loss:0.39326211810112
loss:0.38130876421928406
loss:0.35270723700523376
loss:0.3927272856235504
loss:0.356585294008255
loss:0.365617960691452
loss:0.3453133702278137
loss:0.35524749755859375
--------------------------------------------------
{'r': 0.46320812415039914, 'f1': 0.5992965396556219, 'p': 0.865400150261712, 'acc': 0.8474999999999998}
build data
特色词条2008条,非特色词条:5989条
start training
epoch:17
loss:0.3543984591960907
loss:0.34287625551223755
loss:0.37646448612213135
loss:0.34458526968955994
loss:0.39226865768432617
loss:0.3611457943916321
loss:0.33193421363830566
loss:0.3645760715007782
loss:0.33969390392303467
loss:0.382354199886322
--------------------------------------------------
{'r': 0.4578071178027135, 'f1': 0.5954699942605732, 'p': 0.8602802805020546, 'acc': 0.8462500000000001}
build data
特色词条2008条,非特色词条:5989条
start training
epoch:18
loss:0.3488052189350128
loss:0.33703356981277466
loss:0.29740041494369507
loss:0.40151357650756836
loss:0.3671145439147949
loss:0.35042354464530945
loss:0.35399550199508667
loss:0.33383989334106445
loss:0.37354472279548645
loss:0.37309491634368896
--------------------------------------------------
{'r': 0.4867876582673306, 'f1': 0.6198706329164818, 'p': 0.8641539600750127, 'acc': 0.8504166666666668}
build data
特色词条2008条,非特色词条:5989条
start training
epoch:19
loss:0.3169025778770447
loss:0.34940168261528015
loss:0.3565894365310669
loss:0.34495964646339417
loss:0.3593566119670868
loss:0.3458670377731323
loss:0.35251373052597046
loss:0.3552928566932678
loss:0.33439043164253235
loss:0.3405185341835022
--------------------------------------------------
{'r': 0.511505043247191, 'f1': 0.6402705395544593, 'p': 0.8635746833617034, 'acc': 0.8550000000000001}
build data
特色词条2008条,非特色词条:5989条
start training
epoch:20
loss:0.34660226106643677
loss:0.34417933225631714
loss:0.35313841700553894
loss:0.3312193751335144
loss:0.3494047224521637
loss:0.3304014503955841
loss:0.3480176031589508
loss:0.33489471673965454
loss:0.3305255174636841
loss:0.35885313153266907
--------------------------------------------------
{'r': 0.4906072181364477, 'f1': 0.6160417286075959, 'p': 0.8381527090730823, 'acc': 0.8512500000000001}
build data
特色词条2008条,非特色词条:5989条
start training
epoch:21
loss:0.3269408941268921
loss:0.3175369203090668
loss:0.31473833322525024
loss:0.3486515283584595
loss:0.33989205956459045
loss:0.3549271523952484
loss:0.3393618166446686
loss:0.3320118188858032
loss:0.3566381633281708
loss:0.35805484652519226
--------------------------------------------------
{'r': 0.5215478115035387, 'f1': 0.6355054580880546, 'p': 0.8177919857795592, 'acc': 0.8595833333333334}
build data
特色词条2008条,非特色词条:5989条
start training
epoch:22
loss:0.3178999722003937
loss:0.35961470007896423
loss:0.3372318148612976
loss:0.3146982491016388
loss:0.33591267466545105
loss:0.34852805733680725
loss:0.3429858088493347
loss:0.3302302956581116
loss:0.3576168119907379
loss:0.3227686882019043
--------------------------------------------------
{'r': 0.5659709081814345, 'f1': 0.6823675114944833, 'p': 0.8676081815896787, 'acc': 0.8666666666666668}
build data
特色词条2008条,非特色词条:5989条
start training
epoch:23
loss:0.3199694752693176
loss:0.3324333131313324
loss:0.3238811790943146
loss:0.3389160633087158
loss:0.33216392993927
loss:0.3413052260875702
loss:0.3286347985267639
loss:0.3227452039718628
loss:0.31726065278053284
loss:0.32027697563171387
--------------------------------------------------
{'r': 0.551998025375237, 'f1': 0.6581576925899382, 'p': 0.8236706719533057, 'acc': 0.8574999999999999}
build data
特色词条2008条,非特色词条:5989条
start training
epoch:24
loss:0.328725129365921
loss:0.30926698446273804
loss:0.32605448365211487
loss:0.3590923547744751
loss:0.3122237026691437
loss:0.32871031761169434
loss:0.33726438879966736
loss:0.324866384267807
loss:0.3109484612941742
loss:0.3324926197528839
--------------------------------------------------
{'r': 0.5822934440678061, 'f1': 0.6898125826235665, 'p': 0.8539109221978769, 'acc': 0.8699999999999999}
build data
特色词条2008条,非特色词条:5989条
start training
epoch:25
loss:0.3439517617225647
loss:0.3293876647949219
loss:0.3219837248325348
loss:0.290641725063324
loss:0.3292660117149353
loss:0.3104296624660492
loss:0.30583488941192627
loss:0.3083299398422241
loss:0.3306189179420471
loss:0.3268132209777832
--------------------------------------------------
{'r': 0.5667820209920655, 'f1': 0.6815531433300197, 'p': 0.8588338487696638, 'acc': 0.8641666666666667}
build data
特色词条2008条,非特色词条:5989条
start training
epoch:26
loss:0.3298734724521637
loss:0.2751329243183136
loss:0.33980950713157654
loss:0.32711461186408997
loss:0.29473787546157837
loss:0.3448915183544159
loss:0.29214411973953247
loss:0.3140828609466553
loss:0.3288736343383789
loss:0.30761367082595825
--------------------------------------------------
{'r': 0.5648411263475783, 'f1': 0.6720494941393175, 'p': 0.8409431010721045, 'acc': 0.8575000000000002}
build data
特色词条2008条,非特色词条:5989条
start training
epoch:27
loss:0.32779112458229065
loss:0.339223176240921
loss:0.2971997857093811
loss:0.3188628852367401
loss:0.34316301345825195
loss:0.3118956685066223
loss:0.26617634296417236
loss:0.326397180557251
loss:0.31362178921699524
loss:0.3078886568546295
--------------------------------------------------
{'r': 0.5853666674621041, 'f1': 0.6803363701246475, 'p': 0.8193420295506881, 'acc': 0.8679166666666666}
build data
特色词条2008条,非特色词条:5989条
start training
epoch:28
loss:0.33210641145706177
loss:0.30913102626800537
loss:0.33020904660224915
loss:0.32082468271255493
loss:0.30072349309921265
loss:0.2836700975894928
loss:0.3428967297077179
loss:0.309144526720047
loss:0.2925984859466553
loss:0.28189292550086975
--------------------------------------------------
{'r': 0.609255034683857, 'f1': 0.701561770505681, 'p': 0.8333084108282774, 'acc': 0.8775000000000001}
build data
特色词条2008条,非特色词条:5989条
start training
epoch:29
loss:0.34222882986068726
loss:0.28433117270469666
loss:0.2814963161945343
loss:0.30951833724975586
loss:0.28602585196495056
loss:0.3151642084121704
loss:0.3230036795139313
loss:0.28361478447914124
loss:0.3087385892868042
loss:0.3174416720867157
--------------------------------------------------
{'r': 0.590409881681159, 'f1': 0.6915458613323213, 'p': 0.8391731527296955, 'acc': 0.8754166666666666}
build data
特色词条2008条,非特色词条:5989条
start training
epoch:30
loss:0.3162076473236084
loss:0.29492393136024475
loss:0.3065175712108612
loss:0.29789629578590393
loss:0.32641342282295227
loss:0.3062642514705658
loss:0.31700000166893005
loss:0.30746620893478394
loss:0.2860594093799591
loss:0.30723142623901367
--------------------------------------------------
{'r': 0.6314880707421816, 'f1': 0.7155688287098743, 'p': 0.8304206502192137, 'acc': 0.8762500000000001}
build data
特色词条2008条,非特色词条:5989条
start training
epoch:31
loss:0.2876978814601898
loss:0.3048607110977173
loss:0.31195443868637085
loss:0.2952267825603485
loss:0.29412761330604553
loss:0.318088561296463
loss:0.3328048586845398
loss:0.2595938444137573
loss:0.300988107919693
loss:0.32482364773750305
--------------------------------------------------
{'r': 0.6057720474232621, 'f1': 0.6997202960514189, 'p': 0.8329449788842286, 'acc': 0.8783333333333335}
build data
特色词条2008条,非特色词条:5989条
start training
epoch:32
loss:0.31406885385513306
loss:0.30672240257263184
loss:0.28809472918510437
loss:0.3033921420574188
loss:0.2763645648956299
loss:0.2912728488445282
loss:0.30679330229759216
loss:0.29020431637763977
loss:0.2936279773712158
loss:0.2850106358528137
--------------------------------------------------
{'r': 0.635875043370488, 'f1': 0.7220745557989254, 'p': 0.8378980126015557, 'acc': 0.8791666666666668}
build data
特色词条2008条,非特色词条:5989条
start training
epoch:33
loss:0.3279077708721161
loss:0.27358293533325195
loss:0.30063867568969727
loss:0.29301339387893677
loss:0.27790704369544983
loss:0.30706965923309326
loss:0.31812384724617004
loss:0.28917768597602844
loss:0.2929607331752777
loss:0.2862143814563751
--------------------------------------------------
{'r': 0.6326916412362465, 'f1': 0.7282247376002603, 'p': 0.8600877805462586, 'acc': 0.8812500000000002}
build data
特色词条2008条,非特色词条:5989条
start training
epoch:34
loss:0.28184881806373596
loss:0.3032795190811157
loss:0.29705697298049927
loss:0.2963346540927887
loss:0.31537672877311707
loss:0.2720136344432831
loss:0.26868104934692383
loss:0.2858944237232208
loss:0.28611549735069275
loss:0.2925232946872711
--------------------------------------------------
{'r': 0.6093329818329819, 'f1': 0.7004001781963292, 'p': 0.8272098112964376, 'acc': 0.8708333333333333}
build data
特色词条2008条,非特色词条:5989条
start training
epoch:35
loss:0.29805052280426025
loss:0.2867722511291504
loss:0.3099285662174225
loss:0.28486254811286926
loss:0.2596859633922577
loss:0.26165536046028137
loss:0.32176318764686584
loss:0.29203692078590393
loss:0.3157171308994293
loss:0.29965075850486755
--------------------------------------------------
{'r': 0.6320715139656341, 'f1': 0.7203006183812928, 'p': 0.8417922938626383, 'acc': 0.8795833333333333}
build data
特色词条2008条,非特色词条:5989条
start training
epoch:36
loss:0.3090081512928009
loss:0.2818673253059387
loss:0.2929493486881256
loss:0.2671245336532593
loss:0.31083714962005615
loss:0.3085624575614929
loss:0.2570318579673767
loss:0.29526931047439575
loss:0.2724335193634033
loss:0.30943024158477783
--------------------------------------------------
{'r': 0.6257537087471224, 'f1': 0.72199696351709, 'p': 0.8563507820374827, 'acc': 0.8829166666666668}
build data
特色词条2008条,非特色词条:5989条
start training
epoch:37
loss:0.3203970491886139
loss:0.30153170228004456
loss:0.28936758637428284
loss:0.2867228090763092
loss:0.2804034650325775
loss:0.27523913979530334
loss:0.2664760649204254
loss:0.2709001898765564
loss:0.30914145708084106
loss:0.2585682272911072
--------------------------------------------------
{'r': 0.6447570771473469, 'f1': 0.7369557494947236, 'p': 0.8643460929682345, 'acc': 0.8854166666666667}
build data
特色词条2008条,非特色词条:5989条
start training
epoch:38
loss:0.26868677139282227
loss:0.28322768211364746
loss:0.30782797932624817
loss:0.2872975170612335
loss:0.25836822390556335
loss:0.27891653776168823
loss:0.25635308027267456
loss:0.25459596514701843
loss:0.31382542848587036
loss:0.27019596099853516
--------------------------------------------------
{'r': 0.5992796995412506, 'f1': 0.702716290097626, 'p': 0.8517067108319722, 'acc': 0.8720833333333333}
build data
特色词条2008条,非特色词条:5989条
start training
epoch:39
loss:0.296417236328125
loss:0.26347166299819946
loss:0.28795263171195984
loss:0.2903231084346771
loss:0.28149929642677307
loss:0.30261003971099854
loss:0.2778184711933136
loss:0.23941272497177124
loss:0.30604490637779236
loss:0.28722402453422546
--------------------------------------------------
{'r': 0.6294214251072482, 'f1': 0.7269467113870082, 'p': 0.8645800321302272, 'acc': 0.8783333333333333}
build data
特色词条2008条,非特色词条:5989条
start training
epoch:40
loss:0.2712378203868866
loss:0.2602842450141907
loss:0.2540932893753052
loss:0.3070183992385864
loss:0.28000375628471375
loss:0.2689164876937866
loss:0.32205674052238464
loss:0.27575254440307617
loss:0.2799234092235565
loss:0.27265459299087524
--------------------------------------------------
{'r': 0.6777027546393133, 'f1': 0.7509714551176379, 'p': 0.8444518259890492, 'acc': 0.8870833333333333}
build data
特色词条2008条,非特色词条:5989条
start training
epoch:41
loss:0.2991141080856323
loss:0.2625024914741516
loss:0.29765138030052185
loss:0.26077786087989807
loss:0.2899036705493927
loss:0.3068544864654541
loss:0.271786093711853
loss:0.2593075931072235
loss:0.24345529079437256
loss:0.23889639973640442
--------------------------------------------------
{'r': 0.6410652030292064, 'f1': 0.7213673708661968, 'p': 0.8294139199019988, 'acc': 0.87625}
build data
特色词条2008条,非特色词条:5989条
start training
epoch:42
loss:0.26948338747024536
loss:0.31096914410591125
loss:0.297435998916626
loss:0.25919267535209656
loss:0.2638854682445526
loss:0.2766392230987549
loss:0.26657533645629883
loss:0.2783273160457611
loss:0.28167781233787537
loss:0.2528042793273926
--------------------------------------------------
{'r': 0.6827507888616241, 'f1': 0.7641699735775258, 'p': 0.8717413886565494, 'acc': 0.8899999999999999}
build data
特色词条2008条,非特色词条:5989条
start training
epoch:43
loss:0.2646239101886749
loss:0.24742847681045532
loss:0.2773042321205139
loss:0.2658839523792267
loss:0.28574541211128235
loss:0.26436179876327515
loss:0.3131513297557831
loss:0.26892268657684326
loss:0.29950791597366333
loss:0.24855218827724457
--------------------------------------------------
{'r': 0.6644055417567718, 'f1': 0.7402804261723621, 'p': 0.8407156281219865, 'acc': 0.8841666666666667}
build data
特色词条2008条,非特色词条:5989条
start training
epoch:44
loss:0.2832713723182678
loss:0.2691633701324463
loss:0.29120609164237976
loss:0.24650298058986664
loss:0.27553504705429077
loss:0.26906919479370117
loss:0.25907087326049805
loss:0.23656374216079712
loss:0.2933601140975952
loss:0.25029924511909485
--------------------------------------------------
{'r': 0.6201476955608484, 'f1': 0.716904619820686, 'p': 0.8566115750682233, 'acc': 0.8804166666666667}
build data
特色词条2008条,非特色词条:5989条
start training
epoch:45
loss:0.27415159344673157
loss:0.25354692339897156
loss:0.2525081932544708
loss:0.2575853168964386
loss:0.27696406841278076
loss:0.25670868158340454
loss:0.28339114785194397
loss:0.2707316279411316
loss:0.28754839301109314
loss:0.28733646869659424
--------------------------------------------------
{'r': 0.6847982867250073, 'f1': 0.7540133372542306, 'p': 0.8458014685954179, 'acc': 0.89125}
build data
特色词条2008条,非特色词条:5989条
start training
epoch:46
loss:0.27924251556396484
loss:0.2636459767818451
loss:0.28011348843574524
loss:0.26210498809814453
loss:0.2304411232471466
loss:0.2908678650856018
loss:0.2542136311531067
loss:0.2940971851348877
loss:0.27443239092826843
loss:0.23734150826931
--------------------------------------------------
{'r': 0.6512796829607173, 'f1': 0.7378945198705485, 'p': 0.8530036630036631, 'acc': 0.88375}
build data
特色词条2008条,非特色词条:5989条
start training
epoch:47
loss:0.28428134322166443
loss:0.26595112681388855
loss:0.2419382780790329
loss:0.26063451170921326
loss:0.2912224233150482
loss:0.25604912638664246
loss:0.27172932028770447
loss:0.26072993874549866
loss:0.2828858494758606
loss:0.2535262107849121
--------------------------------------------------
{'r': 0.6738498149883535, 'f1': 0.7385628133225193, 'p': 0.820775962543204, 'acc': 0.8841666666666667}
build data
特色词条2008条,非特色词条:5989条
start training
epoch:48
loss:0.22995835542678833
loss:0.2512953579425812
loss:0.25957077741622925
loss:0.25462228059768677
loss:0.26438966393470764
loss:0.271563321352005
loss:0.24954266846179962
loss:0.2757367193698883
loss:0.2845859229564667
loss:0.2651851177215576
--------------------------------------------------
{'r': 0.679716886531976, 'f1': 0.7471049003667555, 'p': 0.8326946097947255, 'acc': 0.8795833333333334}
build data
特色词条2008条,非特色词条:5989条
start training
epoch:49
loss:0.2614729404449463
loss:0.26011019945144653
loss:0.26374781131744385
loss:0.22935821115970612
loss:0.26110467314720154
loss:0.29925939440727234
loss:0.3006202280521393
loss:0.2800334095954895
loss:0.2612123489379883
loss:0.23458968102931976
--------------------------------------------------
{'r': 0.6636350611753838, 'f1': 0.7434411308464463, 'p': 0.8504637666475612, 'acc': 0.8875000000000002}
build data
特色词条2008条,非特色词条:5989条
start training
epoch:50
loss:0.2784290313720703
loss:0.2813326120376587
loss:0.279100626707077
loss:0.2749520540237427
loss:0.263888418674469
loss:0.24818535149097443
loss:0.2647147476673126
loss:0.2719573676586151
loss:0.26147016882896423
loss:0.23774948716163635
--------------------------------------------------
{'r': 0.664478800788088, 'f1': 0.7551940070788924, 'p': 0.8781584783141388, 'acc': 0.8908333333333335}
build data
特色词条2008条,非特色词条:5989条
start training
epoch:51
loss:0.25891703367233276
loss:0.26319023966789246
loss:0.2657090723514557
loss:0.27224671840667725
loss:0.27626702189445496
loss:0.2391960173845291
loss:0.2502080202102661
loss:0.2765025496482849
loss:0.2368539720773697
loss:0.2505743205547333
--------------------------------------------------
{'r': 0.6590093876260387, 'f1': 0.7477013024143851, 'p': 0.8682484088023141, 'acc': 0.8854166666666667}
build data
特色词条2008条,非特色词条:5989条
start training
epoch:52
loss:0.26102933287620544
loss:0.2575611472129822
loss:0.2672651708126068
loss:0.23900936543941498
loss:0.2706499695777893
loss:0.2534918189048767
loss:0.24910759925842285
loss:0.26462531089782715
loss:0.25719836354255676
loss:0.2633865475654602
--------------------------------------------------
{'r': 0.6582387827136129, 'f1': 0.7378876796696427, 'p': 0.8458816081750202, 'acc': 0.8837499999999998}
build data
特色词条2008条,非特色词条:5989条
start training
epoch:53
loss:0.28053829073905945
loss:0.2533825635910034
loss:0.27247488498687744
loss:0.2563624382019043
loss:0.2441888302564621
loss:0.25473159551620483
loss:0.269871324300766
loss:0.2867473065853119
loss:0.24953830242156982
loss:0.260586678981781
--------------------------------------------------
{'r': 0.6964153618471375, 'f1': 0.7723540358583323, 'p': 0.8704736566374759, 'acc': 0.8954166666666667}
build data
特色词条2008条,非特色词条:5989条
start training
epoch:54
loss:0.30371829867362976
loss:0.29304611682891846
loss:0.2485877275466919
loss:0.25548088550567627
loss:0.25230875611305237
loss:0.24930626153945923
loss:0.24989843368530273
loss:0.25742053985595703
loss:0.22960041463375092
loss:0.27492865920066833
--------------------------------------------------
{'r': 0.6587894733740675, 'f1': 0.7501549800427554, 'p': 0.877018987755749, 'acc': 0.89375}
build data
特色词条2008条,非特色词条:5989条
start training
epoch:55
loss:0.2541992664337158
loss:0.27973008155822754
loss:0.25587448477745056
loss:0.2611934244632721
loss:0.2597651481628418
loss:0.269484281539917
loss:0.2495788186788559
loss:0.2579652965068817
loss:0.244557723402977
loss:0.2587224245071411
--------------------------------------------------
{'r': 0.7144873022560507, 'f1': 0.7776216536491165, 'p': 0.8549729160831797, 'acc': 0.8983333333333334}
build data
特色词条2008条,非特色词条:5989条
start training
epoch:56
loss:0.2434292733669281
loss:0.22688283026218414
loss:0.2597654163837433
loss:0.2780565917491913
loss:0.24285277724266052
loss:0.2778570353984833
loss:0.284827321767807
loss:0.2842848598957062
loss:0.23996031284332275
loss:0.26265615224838257
--------------------------------------------------
{'r': 0.7185822645887698, 'f1': 0.7835686848602762, 'p': 0.8655662385399973, 'acc': 0.8995833333333334}
build data
特色词条2008条,非特色词条:5989条
start training
epoch:57
loss:0.2641083896160126
loss:0.24136865139007568
loss:0.23911848664283752
loss:0.2483128011226654
loss:0.2638072967529297
loss:0.24695979058742523
loss:0.24669261276721954
loss:0.24426177144050598
loss:0.25001800060272217
loss:0.2674138844013214
--------------------------------------------------
{'r': 0.6871998092679925, 'f1': 0.7623272842049238, 'p': 0.8599729161889564, 'acc': 0.8858333333333335}
build data
特色词条2008条,非特色词条:5989条
start training
epoch:58
loss:0.23078258335590363
loss:0.2649162709712982
loss:0.22510308027267456
loss:0.23630453646183014
loss:0.26029887795448303
loss:0.2153511494398117
loss:0.30199238657951355
loss:0.282865971326828
loss:0.245920330286026
loss:0.282065212726593
--------------------------------------------------
{'r': 0.722816497006991, 'f1': 0.7809298715112185, 'p': 0.8533589072847452, 'acc': 0.8966666666666667}
build data
特色词条2008条,非特色词条:5989条
start training
epoch:59
loss:0.2805493175983429
loss:0.2658126950263977
loss:0.23213520646095276
loss:0.24166534841060638
loss:0.24333922564983368
loss:0.260638564825058
loss:0.23007240891456604
loss:0.26358065009117126
loss:0.20219099521636963
loss:0.2683987617492676
--------------------------------------------------
{'r': 0.6847455833225438, 'f1': 0.7614666735372432, 'p': 0.8632478280789891, 'acc': 0.8924999999999998}
build data
特色词条2008条,非特色词条:5989条
start training
epoch:60
loss:0.2538926899433136
loss:0.2848314046859741
loss:0.25897765159606934
loss:0.27573925256729126
loss:0.2742888033390045
loss:0.22144806385040283
loss:0.2647768557071686
loss:0.25798529386520386
loss:0.27642232179641724
loss:0.23949742317199707
--------------------------------------------------
{'r': 0.7197934446439388, 'f1': 0.7894617866008403, 'p': 0.8756264139754277, 'acc': 0.9041666666666666}
build data
特色词条2008条,非特色词条:5989条
start training
epoch:61
loss:0.22851061820983887
loss:0.25504639744758606
loss:0.27604398131370544
loss:0.25874048471450806
loss:0.2478979378938675
loss:0.28591009974479675
loss:0.24704042077064514
loss:0.2695809304714203
loss:0.2634435296058655
loss:0.24931859970092773
--------------------------------------------------
{'r': 0.7155216959570946, 'f1': 0.7815879462518789, 'p': 0.8642717972888843, 'acc': 0.90625}
build data
特色词条2008条,非特色词条:5989条
start training
epoch:62
loss:0.22084638476371765
loss:0.29134416580200195
loss:0.2561737596988678
loss:0.26361221075057983
loss:0.28760454058647156
loss:0.2577560842037201
loss:0.24761992692947388
loss:0.23070557415485382
loss:0.24562345445156097
loss:0.2631603479385376
--------------------------------------------------
{'r': 0.7408823107537309, 'f1': 0.791710476346234, 'p': 0.8559623999846746, 'acc': 0.9029166666666668}
build data
特色词条2008条,非特色词条:5989条
start training
epoch:63
loss:0.24948002398014069
loss:0.24401162564754486
loss:0.24290286004543304
loss:0.24625562131404877
loss:0.24233165383338928
loss:0.2378065288066864
loss:0.2481413185596466
loss:0.2902965843677521
loss:0.22639167308807373
loss:0.26044604182243347
--------------------------------------------------
{'r': 0.706546520111638, 'f1': 0.7681988941559568, 'p': 0.8439968623924317, 'acc': 0.8941666666666667}
build data
特色词条2008条,非特色词条:5989条
start training
epoch:64
loss:0.27128857374191284
loss:0.2536492943763733
loss:0.23581044375896454
loss:0.236893430352211
loss:0.2987281382083893
loss:0.22324952483177185
loss:0.2444837987422943
loss:0.2547057867050171
loss:0.24689452350139618
loss:0.2506563663482666
--------------------------------------------------
{'r': 0.6997477140908417, 'f1': 0.7744969411621481, 'p': 0.8695429370310416, 'acc': 0.8966666666666667}
build data
特色词条2008条,非特色词条:5989条
start training
epoch:65
loss:0.21228738129138947
loss:0.2753123939037323
loss:0.25359636545181274
loss:0.2532842457294464
loss:0.23815861344337463
loss:0.2608097791671753
loss:0.2438441514968872
loss:0.24764522910118103
loss:0.23950739204883575
loss:0.23600798845291138
--------------------------------------------------
{'r': 0.681800106972275, 'f1': 0.7561629812965245, 'p': 0.8573265085339333, 'acc': 0.8916666666666666}
build data
特色词条2008条,非特色词条:5989条
start training
epoch:66
loss:0.25488191843032837
loss:0.2546079754829407
loss:0.2532898187637329
loss:0.24792976677417755
loss:0.19535209238529205
loss:0.2681638300418854
loss:0.23154906928539276
loss:0.2611091136932373
loss:0.2682189643383026
loss:0.2368476390838623
--------------------------------------------------
{'r': 0.7303171716087329, 'f1': 0.777350435741981, 'p': 0.8355689194345045, 'acc': 0.8991666666666667}
build data
特色词条2008条,非特色词条:5989条
start training
epoch:67
loss:0.2696693539619446
loss:0.2076292783021927
loss:0.24678945541381836
loss:0.24544614553451538
loss:0.23852211236953735
loss:0.22739222645759583
loss:0.2475973516702652
loss:0.23835241794586182
loss:0.24380329251289368
loss:0.29422324895858765
--------------------------------------------------
{'r': 0.7001099526472003, 'f1': 0.7697533020797543, 'p': 0.8590533886410251, 'acc': 0.8975}
build data
特色词条2008条,非特色词条:5989条
start training
epoch:68
loss:0.20146018266677856
loss:0.23073559999465942
loss:0.24920272827148438
loss:0.26629140973091125
loss:0.24398842453956604
loss:0.22173908352851868
loss:0.2459353506565094
loss:0.2662917375564575
loss:0.27358174324035645
loss:0.25778108835220337
--------------------------------------------------
{'r': 0.7121786138898341, 'f1': 0.7727817430040468, 'p': 0.8484645620799125, 'acc': 0.8975}
build data
特色词条2008条,非特色词条:5989条
start training
epoch:69
loss:0.25737282633781433
loss:0.25941920280456543
loss:0.24635601043701172
loss:0.23186908662319183
loss:0.22922208905220032
loss:0.2354259490966797
loss:0.26766377687454224
loss:0.2612084150314331
loss:0.2523128390312195
loss:0.25550371408462524
--------------------------------------------------
{'r': 0.7404341382029507, 'f1': 0.7895864869134669, 'p': 0.8481805242760831, 'acc': 0.9033333333333331}
build data
特色词条2008条,非特色词条:5989条
start training
epoch:70
loss:0.22177916765213013
loss:0.25070327520370483
loss:0.24010862410068512
loss:0.22007791697978973
loss:0.2506318986415863
loss:0.28768640756607056
loss:0.2604433298110962
loss:0.24670134484767914
loss:0.236589714884758
loss:0.24363993108272552
--------------------------------------------------
{'r': 0.7265938377381765, 'f1': 0.7815978407424506, 'p': 0.8493888671382319, 'acc': 0.8987499999999999}
build data
特色词条2008条,非特色词条:5989条
start training
epoch:71
loss:0.2423088103532791
loss:0.24024349451065063
loss:0.253623902797699
loss:0.23508363962173462
loss:0.24440668523311615
loss:0.2418874055147171
loss:0.24254517257213593
loss:0.2888801693916321
loss:0.2321736365556717
loss:0.2648908197879791
--------------------------------------------------
{'r': 0.7334523035363228, 'f1': 0.7929161842961168, 'p': 0.8693386041715202, 'acc': 0.9025000000000001}
build data
特色词条2008条,非特色词条:5989条
start training
epoch:72
loss:0.2432616800069809
loss:0.2362622320652008
loss:0.25461697578430176
loss:0.2538997232913971
loss:0.2436063438653946
loss:0.23894068598747253
loss:0.24258111417293549
loss:0.247440367937088
loss:0.24824973940849304
loss:0.2291102558374405
--------------------------------------------------
{'r': 0.7288830835786813, 'f1': 0.7857075091803227, 'p': 0.8538240286151184, 'acc': 0.89875}
build data
特色词条2008条,非特色词条:5989条
start training
epoch:73
loss:0.23469005525112152
loss:0.23411647975444794
loss:0.23745779693126678
loss:0.26799219846725464
loss:0.23433953523635864
loss:0.2465468943119049
loss:0.24568064510822296
loss:0.2657260000705719
loss:0.2686363756656647
loss:0.24832521378993988
--------------------------------------------------
{'r': 0.7641176412547953, 'f1': 0.8065150228119965, 'p': 0.856390262682692, 'acc': 0.9095833333333333}
build data
特色词条2008条,非特色词条:5989条
start training
epoch:74
loss:0.26732245087623596
loss:0.24624712765216827
loss:0.22363606095314026
loss:0.27292364835739136
loss:0.251536101102829
loss:0.22775383293628693
loss:0.22557030618190765
loss:0.282486230134964
loss:0.21584424376487732
loss:0.22524493932724
--------------------------------------------------
{'r': 0.7354015422019244, 'f1': 0.7937400038280769, 'p': 0.8639520596740706, 'acc': 0.9037499999999999}
build data
特色词条2008条,非特色词条:5989条
start training
epoch:75
loss:0.25589972734451294
loss:0.25116103887557983
loss:0.23713435232639313
loss:0.2423420250415802
loss:0.23728838562965393
loss:0.2451445609331131
loss:0.22673140466213226
loss:0.24757930636405945
loss:0.2233380228281021
loss:0.2537873685359955
--------------------------------------------------
{'r': 0.7321684092335058, 'f1': 0.78469236476694, 'p': 0.8512723423289573, 'acc': 0.8979166666666668}
build data
特色词条2008条,非特色词条:5989条
start training
epoch:76
loss:0.20634472370147705
loss:0.27792447805404663
loss:0.2663547098636627
loss:0.2554163932800293
loss:0.2296084761619568
loss:0.24182552099227905
loss:0.29009824991226196
loss:0.22053080797195435
loss:0.22302423417568207
loss:0.2210371494293213
--------------------------------------------------
{'r': 0.7207806142793862, 'f1': 0.7785813218781481, 'p': 0.8480363777505842, 'acc': 0.9008333333333333}
build data
特色词条2008条,非特色词条:5989条
start training
epoch:77
loss:0.23709221184253693
loss:0.22724688053131104
loss:0.26647230982780457
loss:0.23371602594852448
loss:0.2799209952354431
loss:0.25196459889411926
loss:0.23887303471565247
loss:0.2283177524805069
loss:0.2559192478656769
loss:0.23812517523765564
--------------------------------------------------
{'r': 0.7570526767252288, 'f1': 0.7973306747430513, 'p': 0.844214807878447, 'acc': 0.9087500000000001}
build data
特色词条2008条,非特色词条:5989条
start training
epoch:78
loss:0.2320357710123062
loss:0.18942755460739136
loss:0.2634040415287018
loss:0.24259506165981293
loss:0.23326413333415985
loss:0.20951585471630096
loss:0.24445676803588867
loss:0.23677384853363037
loss:0.278905987739563
loss:0.2811175584793091
--------------------------------------------------
{'r': 0.7355287831047254, 'f1': 0.7953641424503163, 'p': 0.8686121951895585, 'acc': 0.9045833333333333}
build data
特色词条2008条,非特色词条:5989条
start training
epoch:79
loss:0.2645362913608551
loss:0.25984111428260803
loss:0.26510629057884216
loss:0.22346943616867065
loss:0.23283421993255615
loss:0.22937148809432983
loss:0.23430222272872925
loss:0.2460099458694458
loss:0.2207072377204895
loss:0.2725917398929596
--------------------------------------------------
{'r': 0.7466910771930635, 'f1': 0.79772750077599, 'p': 0.8620736190523426, 'acc': 0.9079166666666667}
build data
特色词条2008条,非特色词条:5989条
start training
epoch:80
loss:0.2552412152290344
loss:0.22263257205486298
loss:0.24897073209285736
loss:0.24723267555236816
loss:0.20852628350257874
loss:0.24158000946044922
loss:0.25724488496780396
loss:0.2605575919151306
loss:0.23557889461517334
loss:0.2328493893146515
--------------------------------------------------
{'r': 0.7181073945587068, 'f1': 0.7729370308879211, 'p': 0.8396015635453861, 'acc': 0.8983333333333332}
build data
特色词条2008条,非特色词条:5989条
start training
epoch:81
loss:0.27882617712020874
loss:0.20995181798934937
loss:0.22994831204414368
loss:0.22630397975444794
loss:0.25207042694091797
loss:0.23839764297008514
loss:0.23593655228614807
loss:0.27284666895866394
loss:0.23348084092140198
loss:0.24809423089027405
--------------------------------------------------
{'r': 0.7537210480395783, 'f1': 0.7949810668216768, 'p': 0.842285621108102, 'acc': 0.9083333333333334}
build data
特色词条2008条,非特色词条:5989条
start training
epoch:82
loss:0.26130497455596924
loss:0.25811097025871277
loss:0.24417367577552795
loss:0.2425766885280609
loss:0.2339022010564804
loss:0.19170351326465607
loss:0.25758567452430725
loss:0.2042609453201294
loss:0.24059773981571198
loss:0.24023981392383575
--------------------------------------------------
{'r': 0.7635171658455507, 'f1': 0.8021622194140526, 'p': 0.8473714433310313, 'acc': 0.9049999999999999}
build data
特色词条2008条,非特色词条:5989条
start training
epoch:83
loss:0.2141152024269104
loss:0.25943928956985474
loss:0.25261956453323364
loss:0.21862320601940155
loss:0.26204565167427063
loss:0.250407338142395
loss:0.2479289323091507
loss:0.203099325299263
loss:0.21867768466472626
loss:0.2527531385421753
--------------------------------------------------
{'r': 0.7298465826053766, 'f1': 0.7863360232208063, 'p': 0.8548353097460228, 'acc': 0.9029166666666667}
build data
特色词条2008条,非特色词条:5989条
start training
epoch:84
loss:0.23955869674682617
loss:0.2247760146856308
loss:0.2289191633462906
loss:0.27418631315231323
loss:0.21922415494918823
loss:0.23266907036304474
loss:0.261159211397171
loss:0.24857279658317566
loss:0.2309151589870453
loss:0.22938087582588196
--------------------------------------------------
{'r': 0.7250853131619956, 'f1': 0.788278461644335, 'p': 0.868328490700965, 'acc': 0.9033333333333333}
build data
特色词条2008条,非特色词条:5989条
start training
epoch:85
loss:0.21321137249469757
loss:0.2214333713054657
loss:0.28092166781425476
loss:0.23416189849376678
loss:0.24009595811367035
loss:0.2527244985103607
loss:0.23698903620243073
loss:0.2243638038635254
loss:0.2584730088710785
loss:0.22342972457408905
--------------------------------------------------
{'r': 0.7419235744828857, 'f1': 0.782711934285697, 'p': 0.8314602669280401, 'acc': 0.8966666666666667}
build data
特色词条2008条,非特色词条:5989条
start training
epoch:86
loss:0.22900931537151337
loss:0.2594257891178131
loss:0.23974445462226868
loss:0.2461099624633789
loss:0.23002463579177856
loss:0.22252772748470306
loss:0.20031102001667023
loss:0.2536833882331848
loss:0.22867710888385773
loss:0.24385303258895874
--------------------------------------------------
{'r': 0.7169295005963654, 'f1': 0.7887247748141542, 'p': 0.8783487083685658, 'acc': 0.9008333333333333}
build data
特色词条2008条,非特色词条:5989条
start training
epoch:87
loss:0.23817463219165802
loss:0.23267625272274017
loss:0.2589295506477356
loss:0.24219579994678497
loss:0.20645110309123993
loss:0.25874537229537964
loss:0.2054295837879181
loss:0.24599026143550873
loss:0.23136304318904877
loss:0.2407899647951126
--------------------------------------------------
{'r': 0.7495330600351776, 'f1': 0.7944889053321784, 'p': 0.8500127145255749, 'acc': 0.9025000000000001}
build data
特色词条2008条,非特色词条:5989条
start training
epoch:88
loss:0.23902808129787445
loss:0.24999317526817322
loss:0.2412949502468109
loss:0.23214025795459747
loss:0.22641950845718384
loss:0.2275729924440384
loss:0.25643250346183777
loss:0.22381843626499176
loss:0.2119501382112503
loss:0.23688840866088867
--------------------------------------------------
{'r': 0.7513319368673987, 'f1': 0.8035756301443087, 'p': 0.866370228236508, 'acc': 0.9083333333333334}
build data
特色词条2008条,非特色词条:5989条
start training
epoch:89
loss:0.22725622355937958
loss:0.24342592060565948
loss:0.2308085709810257
loss:0.23993460834026337
loss:0.2572130262851715
loss:0.24836675822734833
loss:0.21413671970367432
loss:0.21042239665985107
loss:0.2250189334154129
loss:0.25832512974739075
--------------------------------------------------
{'r': 0.7447919556590957, 'f1': 0.7940358159798314, 'p': 0.853037044986082, 'acc': 0.9008333333333335}
build data
特色词条2008条,非特色词条:5989条
start training
epoch:90
loss:0.23382052779197693
loss:0.24707628786563873
loss:0.24417829513549805
loss:0.21202360093593597
loss:0.23220352828502655
loss:0.22950905561447144
loss:0.24958381056785583
loss:0.25519511103630066
loss:0.228750079870224
loss:0.2412007600069046
--------------------------------------------------
{'r': 0.7277669898281374, 'f1': 0.7887584757543374, 'p': 0.8660102432797462, 'acc': 0.9041666666666666}
build data
特色词条2008条,非特色词条:5989条
start training
epoch:91
loss:0.23274539411067963
loss:0.24126413464546204
loss:0.25645267963409424
loss:0.2129581719636917
loss:0.27754640579223633
loss:0.2313845157623291
loss:0.22009626030921936
loss:0.23662443459033966
loss:0.23536668717861176
loss:0.23684845864772797
--------------------------------------------------
{'r': 0.7470926991683805, 'f1': 0.8016824234623308, 'p': 0.8678161065834106, 'acc': 0.9095833333333333}
build data
特色词条2008条,非特色词条:5989条
start training
epoch:92
loss:0.22558243572711945
loss:0.2322896271944046
loss:0.22381246089935303
loss:0.20218952000141144
loss:0.2864273190498352
loss:0.2687288224697113
loss:0.23532429337501526
loss:0.2171129286289215
loss:0.2682148814201355
loss:0.2016505002975464
--------------------------------------------------
{'r': 0.7364942616638069, 'f1': 0.7937899712199883, 'p': 0.8640342735000021, 'acc': 0.9066666666666665}
build data
特色词条2008条,非特色词条:5989条
start training
epoch:93
loss:0.22353293001651764
loss:0.2076331526041031
loss:0.2504100203514099
loss:0.26200419664382935
loss:0.20725975930690765
loss:0.24932020902633667
loss:0.24096331000328064
loss:0.23631270229816437
loss:0.25774917006492615
loss:0.24327388405799866
--------------------------------------------------
{'r': 0.732009729177926, 'f1': 0.7977463700892372, 'p': 0.880461620271, 'acc': 0.9054166666666668}
build data
特色词条2008条,非特色词条:5989条
start training
epoch:94
loss:0.24798046052455902
loss:0.21691164374351501
loss:0.21484512090682983
loss:0.24017563462257385
loss:0.28094029426574707
loss:0.22193992137908936
loss:0.24825266003608704
loss:0.2265022248029709
loss:0.23679625988006592
loss:0.22303107380867004
--------------------------------------------------
{'r': 0.7399966220928855, 'f1': 0.7870055281558193, 'p': 0.8444814375037624, 'acc': 0.9083333333333332}
build data
特色词条2008条,非特色词条:5989条
start training
epoch:95
loss:0.18314561247825623
loss:0.28158631920814514
loss:0.2377474308013916
loss:0.21481196582317352
loss:0.23698417842388153
loss:0.23593208193778992
loss:0.22561044991016388
loss:0.22350984811782837
loss:0.21238058805465698
loss:0.2508459985256195
--------------------------------------------------
{'r': 0.7344868696275143, 'f1': 0.7925991934736418, 'p': 0.8628337349083235, 'acc': 0.9020833333333333}
build data
特色词条2008条,非特色词条:5989条
start training
epoch:96
loss:0.2537790834903717
loss:0.23341181874275208
loss:0.21649160981178284
loss:0.2186218500137329
loss:0.25159093737602234
loss:0.23083534836769104
loss:0.2035464346408844
loss:0.2713562846183777
loss:0.22141045331954956
loss:0.22151559591293335
--------------------------------------------------
{'r': 0.7501035976278947, 'f1': 0.7943942685206459, 'p': 0.8490808634539533, 'acc': 0.905}
build data
特色词条2008条,非特色词条:5989条
start training
epoch:97
loss:0.21637099981307983
loss:0.24609677493572235
loss:0.21831710636615753
loss:0.19989103078842163
loss:0.2465135157108307
loss:0.24816904962062836
loss:0.23613238334655762
loss:0.265886127948761
loss:0.21251215040683746
loss:0.200491800904274
--------------------------------------------------
{'r': 0.7408512283661834, 'f1': 0.793048151619643, 'p': 0.8569525952054482, 'acc': 0.9029166666666668}
build data
特色词条2008条,非特色词条:5989条
start training
epoch:98
loss:0.21963582932949066
loss:0.24178601801395416
loss:0.22930416464805603
loss:0.22917988896369934
loss:0.22627538442611694
loss:0.2240823209285736
loss:0.2157733291387558
loss:0.21688206493854523
loss:0.23071302473545074
loss:0.2384505420923233
--------------------------------------------------
{'r': 0.7333044288709284, 'f1': 0.7866068092529919, 'p': 0.8520477707489897, 'acc': 0.9020833333333333}
build data
特色词条2008条,非特色词条:5989条
start training
epoch:99
loss:0.23732949793338776
loss:0.26032859086990356
loss:0.24484315514564514
loss:0.2226981371641159
loss:0.20235730707645416
loss:0.2601235806941986
loss:0.2079826146364212
loss:0.2538397014141083
loss:0.21021102368831635
loss:0.24479219317436218
--------------------------------------------------
{'r': 0.782975741770087, 'f1': 0.8259513114848211, 'p': 0.8749332048933525, 'acc': 0.91625}
build data
特色词条2008条,非特色词条:5989条
start training
epoch:100
loss:0.2471923828125
loss:0.2233276516199112
loss:0.23503802716732025
loss:0.21052491664886475
loss:0.19678278267383575
loss:0.25427886843681335
loss:0.24639062583446503
loss:0.24875189363956451
loss:0.2478085160255432
loss:0.21246521174907684
--------------------------------------------------
{'r': 0.7511576923776151, 'f1': 0.8033106845652652, 'p': 0.8659966801803763, 'acc': 0.9095833333333333}
build data
特色词条2008条,非特色词条:5989条
start training
epoch:101
loss:0.20763376355171204
loss:0.2345479279756546
loss:0.22326551377773285
loss:0.2490530014038086
loss:0.26423174142837524
loss:0.2195514291524887
loss:0.2368229776620865
loss:0.23045313358306885
loss:0.22391991317272186
loss:0.2274734526872635
--------------------------------------------------
{'r': 0.7637278428841657, 'f1': 0.805945442458673, 'p': 0.8550499880085567, 'acc': 0.9112500000000001}
build data
特色词条2008条,非特色词条:5989条
start training
epoch:102
loss:0.25595471262931824
loss:0.22076615691184998
loss:0.2374650239944458
loss:0.21300750970840454
loss:0.2690839171409607
loss:0.23183123767375946
loss:0.20534272491931915
loss:0.22504369914531708
loss:0.2235710769891739
loss:0.23272718489170074
--------------------------------------------------
{'r': 0.7513983654161702, 'f1': 0.8070475278940025, 'p': 0.8736787848743506, 'acc': 0.9079166666666666}
build data
特色词条2008条,非特色词条:5989条
start training
epoch:103
loss:0.2511669397354126
loss:0.2409074604511261
loss:0.23194552958011627
loss:0.2103768140077591
loss:0.23449952900409698
loss:0.23073914647102356
loss:0.21019405126571655
loss:0.2109694629907608
loss:0.20658700168132782
loss:0.24032044410705566
--------------------------------------------------
{'r': 0.729534033048506, 'f1': 0.7860437900049704, 'p': 0.8537988058736363, 'acc': 0.9025000000000001}
build data
特色词条2008条,非特色词条:5989条
start training
epoch:104
loss:0.2385616898536682
loss:0.21196414530277252
loss:0.2286503165960312
loss:0.23801027238368988
loss:0.19057150185108185
loss:0.22880937159061432
loss:0.2298571914434433
loss:0.225431427359581
loss:0.24661271274089813
loss:0.21132370829582214
--------------------------------------------------
{'r': 0.7286949929448256, 'f1': 0.7864434137715864, 'p': 0.8566963287576262, 'acc': 0.8987499999999999}
build data
特色词条2008条,非特色词条:5989条
start training
epoch:105
loss:0.2160392850637436
loss:0.22847183048725128
loss:0.2126723676919937
loss:0.2306806743144989
loss:0.22911009192466736
loss:0.18910610675811768
loss:0.25597965717315674
loss:0.24586795270442963
loss:0.24348138272762299
loss:0.22644388675689697
--------------------------------------------------
{'r': 0.7350469499527713, 'f1': 0.7902339581304203, 'p': 0.8558696732288377, 'acc': 0.9029166666666665}
build data
特色词条2008条,非特色词条:5989条
start training
epoch:106
loss:0.20851822197437286
loss:0.21990352869033813
loss:0.24067504703998566
loss:0.23679181933403015
loss:0.20876626670360565
loss:0.2677312195301056
loss:0.25958865880966187
loss:0.22406306862831116
loss:0.22297775745391846
loss:0.23188112676143646
--------------------------------------------------
{'r': 0.7496363801538917, 'f1': 0.8033832558867269, 'p': 0.8687618448962882, 'acc': 0.9091666666666669}
build data
特色词条2008条,非特色词条:5989条
start training
epoch:107
loss:0.2412223219871521
loss:0.24124854803085327
loss:0.2556154727935791
loss:0.22806362807750702
loss:0.2361612319946289
loss:0.19639433920383453
loss:0.22001242637634277
loss:0.20179173350334167
loss:0.2296687215566635
loss:0.23065969347953796
--------------------------------------------------
{'r': 0.719376165243169, 'f1': 0.7793409179354212, 'p': 0.8556169578422791, 'acc': 0.9000000000000001}
build data
特色词条2008条,非特色词条:5989条
start training
epoch:108
loss:0.20562118291854858
loss:0.2575814425945282
loss:0.22036907076835632
loss:0.24146847426891327
loss:0.2327476292848587
loss:0.21193824708461761
loss:0.2352951467037201
loss:0.21354618668556213
loss:0.23952876031398773
loss:0.22551044821739197
--------------------------------------------------
{'r': 0.7425820704574406, 'f1': 0.7971749058801374, 'p': 0.8637374688804978, 'acc': 0.9058333333333334}
build data
特色词条2008条,非特色词条:5989条
start training
epoch:109
loss:0.23979471623897552
loss:0.23957200348377228
loss:0.22130268812179565
loss:0.23879016935825348
loss:0.2166692018508911
loss:0.22322691977024078
loss:0.2572501003742218
loss:0.18948008120059967
loss:0.20770683884620667
loss:0.23108133673667908
--------------------------------------------------
{'r': 0.73940587808074, 'f1': 0.7971395578904383, 'p': 0.8657704844859226, 'acc': 0.9033333333333331}
build data
特色词条2008条,非特色词条:5989条
start training
epoch:110
loss:0.21203561127185822
loss:0.22489407658576965
loss:0.21410565078258514
loss:0.24069298803806305
loss:0.2565598785877228
loss:0.24311408400535583
loss:0.25532031059265137
loss:0.20005841553211212
loss:0.22938117384910583
loss:0.2366487830877304
--------------------------------------------------
{'r': 0.7670950570736748, 'f1': 0.8102811687273815, 'p': 0.8603476159205969, 'acc': 0.9095833333333333}
build data
特色词条2008条,非特色词条:5989条
start training
epoch:111
loss:0.19899927079677582
loss:0.20989610254764557
loss:0.26741865277290344
loss:0.18518787622451782
loss:0.21784694492816925
loss:0.2522730529308319
loss:0.21590383350849152
loss:0.19099578261375427
loss:0.2553247809410095
loss:0.2932684123516083
--------------------------------------------------
{'r': 0.7528571292855474, 'f1': 0.8023276192095288, 'p': 0.8608479363496537, 'acc': 0.9091666666666667}
build data
特色词条2008条,非特色词条:5989条
start training
epoch:112
loss:0.2664772868156433
loss:0.24630816280841827
loss:0.2364060878753662
loss:0.24007059633731842
loss:0.2151987999677658
loss:0.20689775049686432
loss:0.22255177795886993
loss:0.2667142450809479
loss:0.24098628759384155
loss:0.19668035209178925
--------------------------------------------------
{'r': 0.7763841272389956, 'f1': 0.826144034482733, 'p': 0.8837912058718604, 'acc': 0.9170833333333333}
build data
特色词条2008条,非特色词条:5989条
start training
epoch:113
loss:0.2504779100418091
loss:0.22418655455112457
loss:0.20419368147850037
loss:0.2188735157251358
loss:0.2296469807624817
loss:0.21699455380439758
loss:0.24242596328258514
loss:0.22614754736423492
loss:0.20072628557682037
loss:0.23955349624156952
--------------------------------------------------
{'r': 0.7564672687803135, 'f1': 0.8118435724473498, 'p': 0.8777356301991863, 'acc': 0.9099999999999999}
build data
特色词条2008条,非特色词条:5989条
start training
epoch:114
loss:0.24186201393604279
loss:0.23222531378269196
loss:0.20434090495109558
loss:0.22987894713878632
loss:0.2388463169336319
loss:0.27031058073043823
loss:0.22222895920276642
loss:0.1864572912454605
loss:0.2099570482969284
loss:0.21386337280273438
--------------------------------------------------
{'r': 0.7673610627424079, 'f1': 0.799509824850422, 'p': 0.8401014312016042, 'acc': 0.90625}
build data
特色词条2008条,非特色词条:5989条
start training
epoch:115
loss:0.24522055685520172
loss:0.22132577002048492
loss:0.2674519419670105
loss:0.2370014488697052
loss:0.23779460787773132
loss:0.2051428109407425
loss:0.19487696886062622
loss:0.21392057836055756
loss:0.20851503312587738
loss:0.23700349032878876
--------------------------------------------------
{'r': 0.7557144615924845, 'f1': 0.8094126984047063, 'p': 0.873375393533863, 'acc': 0.9099999999999999}
build data
特色词条2008条,非特色词条:5989条
start training
epoch:116
loss:0.23239818215370178
loss:0.22279056906700134
loss:0.2689988911151886
loss:0.23272481560707092
loss:0.24154916405677795
loss:0.2438546121120453
loss:0.22238771617412567
loss:0.21716777980327606
loss:0.2175961136817932
loss:0.19319379329681396
--------------------------------------------------
{'r': 0.7700199836297829, 'f1': 0.8161229037812452, 'p': 0.8702338089012661, 'acc': 0.915}
build data
特色词条2008条,非特色词条:5989条
start training
epoch:117
loss:0.21106065809726715
loss:0.20818546414375305
loss:0.22358261048793793
loss:0.21367265284061432
loss:0.26585760712623596
loss:0.1867668479681015
loss:0.2500147223472595
loss:0.19503672420978546
loss:0.22779390215873718
loss:0.224943146109581
--------------------------------------------------
{'r': 0.7355861871219553, 'f1': 0.7985273039073435, 'p': 0.8761146592296493, 'acc': 0.9045833333333334}
build data
特色词条2008条,非特色词条:5989条
start training
epoch:118
loss:0.21755751967430115
loss:0.2212175875902176
loss:0.2059028148651123
loss:0.21516679227352142
loss:0.22924946248531342
loss:0.27068471908569336
loss:0.2397545576095581
loss:0.2412825971841812
loss:0.23419107496738434
loss:0.18901437520980835
--------------------------------------------------
{'r': 0.7580891971337053, 'f1': 0.8042259477732854, 'p': 0.8587711299091805, 'acc': 0.9099999999999999}
build data
特色词条2008条,非特色词条:5989条
start training
epoch:119
loss:0.2195502668619156
loss:0.21572154760360718
loss:0.24457286298274994
loss:0.22191222012043
loss:0.22824262082576752
loss:0.2138914316892624
loss:0.23776556551456451
loss:0.18730761110782623
loss:0.21655873954296112
loss:0.2610253691673279
--------------------------------------------------
{'r': 0.761074229108575, 'f1': 0.8131706219195435, 'p': 0.875399511596289, 'acc': 0.9112499999999999}
build data
特色词条2008条,非特色词条:5989条
start training
epoch:120
loss:0.2362028956413269
loss:0.20505060255527496
loss:0.20720550417900085
loss:0.20870524644851685
loss:0.22872547805309296
loss:0.2535402178764343
loss:0.2831646502017975
loss:0.22915314137935638
loss:0.21698330342769623
loss:0.23303282260894775
--------------------------------------------------
{'r': 0.7647493114296277, 'f1': 0.8092717930630295, 'p': 0.861938675239265, 'acc': 0.9170833333333333}
build data
特色词条2008条,非特色词条:5989条
start training
epoch:121
loss:0.19487713277339935
loss:0.22071543335914612
loss:0.22754521667957306
loss:0.22883351147174835
loss:0.209672749042511
loss:0.18423809111118317
loss:0.19624710083007812
loss:0.19661153852939606
loss:0.2511581480503082
loss:0.21921421587467194
--------------------------------------------------
{'r': 0.7040975660288267, 'f1': 0.7754419631598675, 'p': 0.8656971859138671, 'acc': 0.8933333333333333}
build data
特色词条2008条,非特色词条:5989条
start training
epoch:122
loss:0.2670014202594757
loss:0.20306429266929626
loss:0.20480890572071075
loss:0.208033487200737
loss:0.24897237122058868
loss:0.21069291234016418
loss:0.24916914105415344
loss:0.205213263630867
loss:0.19115595519542694
loss:0.2545250952243805
--------------------------------------------------
{'r': 0.7400449549200062, 'f1': 0.8011275720392742, 'p': 0.8757068064917825, 'acc': 0.9091666666666667}
build data
特色词条2008条,非特色词条:5989条
start training
epoch:123
loss:0.24376638233661652
loss:0.2404799908399582
loss:0.2151966691017151
loss:0.20620937645435333
loss:0.2519192099571228
loss:0.2517988681793213
loss:0.1932021677494049
loss:0.22423093020915985
loss:0.20962712168693542
loss:0.2154262214899063
--------------------------------------------------
{'r': 0.7581792743492002, 'f1': 0.8143544130895947, 'p': 0.8839014401327336, 'acc': 0.915}
build data
特色词条2008条,非特色词条:5989条
start training
epoch:124
loss:0.21581299602985382
loss:0.21727903187274933
loss:0.20351865887641907
loss:0.20500484108924866
loss:0.23613664507865906
loss:0.24319031834602356
loss:0.23231568932533264
loss:0.211194708943367
loss:0.2026609480381012
loss:0.23483391106128693
--------------------------------------------------
{'r': 0.7420739244082483, 'f1': 0.7948308780154831, 'p': 0.8568965041116996, 'acc': 0.9033333333333333}
build data
特色词条2008条,非特色词条:5989条
start training
epoch:125
loss:0.20299993455410004
loss:0.19345377385616302
loss:0.22244718670845032
loss:0.19963325560092926
loss:0.2583603262901306
loss:0.25074636936187744
loss:0.21902543306350708
loss:0.2029058039188385
loss:0.21381045877933502
loss:0.22799935936927795
--------------------------------------------------
{'r': 0.7764922491366504, 'f1': 0.8084234210968868, 'p': 0.8454762639678673, 'acc': 0.9066666666666668}
build data
特色词条2008条,非特色词条:5989条
start training
epoch:126
loss:0.244403675198555
loss:0.25705817341804504
loss:0.2077631801366806
loss:0.23224720358848572
loss:0.21843469142913818
loss:0.21160586178302765
loss:0.23634378612041473
loss:0.22335784137248993
loss:0.23253491520881653
loss:0.2596414387226105
--------------------------------------------------
{'r': 0.7572504715354892, 'f1': 0.8099854156410325, 'p': 0.8743585748790388, 'acc': 0.915}
build data
特色词条2008条,非特色词条:5989条
start training
epoch:127
loss:0.22327502071857452
loss:0.22545501589775085
loss:0.20509959757328033
loss:0.22071479260921478
loss:0.23427700996398926
loss:0.206363245844841
loss:0.2553001940250397
loss:0.21340276300907135
loss:0.22331616282463074
loss:0.21281735599040985
--------------------------------------------------
{'r': 0.7571983127119973, 'f1': 0.8105242514907106, 'p': 0.8745131294858064, 'acc': 0.9108333333333333}
build data
特色词条2008条,非特色词条:5989条
start training
epoch:128
loss:0.2265721559524536
loss:0.1978714019060135
loss:0.25843143463134766
loss:0.22802066802978516
loss:0.21103152632713318
loss:0.22839348018169403
loss:0.22874610126018524
loss:0.2337806224822998
loss:0.23878909647464752
loss:0.19334934651851654
--------------------------------------------------
{'r': 0.7667280213461428, 'f1': 0.8130287330585224, 'p': 0.868063098349628, 'acc': 0.9091666666666667}
build data
特色词条2008条,非特色词条:5989条
start training
epoch:129
loss:0.22719714045524597
loss:0.20968452095985413
loss:0.24688205122947693
loss:0.2591771185398102
loss:0.20505277812480927
loss:0.1940179020166397
loss:0.24537505209445953
loss:0.24098369479179382
loss:0.16370421648025513
loss:0.18419881165027618
--------------------------------------------------
{'r': 0.7471705384589851, 'f1': 0.8064518144678992, 'p': 0.8781266302634755, 'acc': 0.9104166666666667}
build data
特色词条2008条,非特色词条:5989条
start training
epoch:130
loss:0.21367573738098145
loss:0.18893057107925415
loss:0.18902677297592163
loss:0.23093655705451965
loss:0.23286369442939758
loss:0.272765189409256
loss:0.2082519382238388
loss:0.2494332641363144
loss:0.21947136521339417
loss:0.2263944000005722
--------------------------------------------------
{'r': 0.7729632257425443, 'f1': 0.817246536766382, 'p': 0.8711163712158552, 'acc': 0.9137500000000001}
build data
特色词条2008条,非特色词条:5989条
start training
epoch:131
loss:0.2413402646780014
loss:0.2116345316171646
loss:0.20604552328586578
loss:0.2351275384426117
loss:0.24693265557289124
loss:0.2120470106601715
loss:0.2129475623369217
loss:0.2520233988761902
loss:0.19635890424251556
loss:0.19970905780792236
--------------------------------------------------
{'r': 0.7697322461400357, 'f1': 0.8175857293392091, 'p': 0.8740430094936673, 'acc': 0.9145833333333332}
build data
特色词条2008条,非特色词条:5989条
start training
epoch:132
loss:0.23004508018493652
loss:0.23122453689575195
loss:0.21495141088962555
loss:0.20453135669231415
loss:0.20868496596813202
loss:0.20827646553516388
loss:0.22821040451526642
loss:0.20048023760318756
loss:0.24723583459854126
loss:0.2226705104112625
--------------------------------------------------
{'r': 0.747806906671746, 'f1': 0.8007347238801369, 'p': 0.8647672898290553, 'acc': 0.9091666666666665}
build data
特色词条2008条,非特色词条:5989条
start training
epoch:133
loss:0.19765882194042206
loss:0.20518411695957184
loss:0.22106745839118958
loss:0.22901184856891632
loss:0.2465781271457672
loss:0.18813005089759827
loss:0.2381175011396408
loss:0.22249244153499603
loss:0.1885518878698349
loss:0.23063957691192627
--------------------------------------------------
{'r': 0.7266668492902065, 'f1': 0.7932739258283619, 'p': 0.877563273965739, 'acc': 0.9049999999999999}
build data
特色词条2008条,非特色词条:5989条
start training
epoch:134
loss:0.2347351461648941
loss:0.18745484948158264
loss:0.22237898409366608
loss:0.22302863001823425
loss:0.20851711928844452
loss:0.18005265295505524
loss:0.2538880705833435
loss:0.23600581288337708
loss:0.2000400573015213
loss:0.2199632078409195
--------------------------------------------------
{'r': 0.7412196150527526, 'f1': 0.7961281044690811, 'p': 0.8624791814923837, 'acc': 0.9054166666666665}
build data
特色词条2008条,非特色词条:5989条
start training
epoch:135
loss:0.22069783508777618
loss:0.261131227016449
loss:0.2056247591972351
loss:0.2054680436849594
loss:0.24346104264259338
loss:0.2026418298482895
loss:0.20950934290885925
loss:0.2095218002796173
loss:0.2272457629442215
loss:0.23326651751995087
--------------------------------------------------
{'r': 0.7815355323851709, 'f1': 0.812646577466705, 'p': 0.8498086268572742, 'acc': 0.9166666666666666}
build data
特色词条2008条,非特色词条:5989条
start training
epoch:136
loss:0.248977929353714
loss:0.2051198035478592
loss:0.2263616919517517
loss:0.22775249183177948
loss:0.2079121619462967
loss:0.2202591896057129
loss:0.19914132356643677
loss:0.22042562067508698
loss:0.23267841339111328
loss:0.24733306467533112
--------------------------------------------------
{'r': 0.7655048163575627, 'f1': 0.8205414590282671, 'p': 0.8885523525875701, 'acc': 0.91625}
build data
特色词条2008条,非特色词条:5989条
start training
epoch:137
loss:0.24101191759109497
loss:0.20748740434646606
loss:0.235421285033226
loss:0.19812889397144318
loss:0.2192135453224182
loss:0.23534467816352844
loss:0.22095805406570435
loss:0.20933811366558075
loss:0.19957996904850006
loss:0.26227959990501404
--------------------------------------------------
{'r': 0.7815391421544481, 'f1': 0.8140708231580653, 'p': 0.8508350419307437, 'acc': 0.9141666666666668}
build data
特色词条2008条,非特色词条:5989条
start training
epoch:138
loss:0.2051973193883896
loss:0.23679150640964508
loss:0.19614562392234802
loss:0.21495701372623444
loss:0.23657916486263275
loss:0.17375923693180084
loss:0.20574238896369934
loss:0.254835844039917
loss:0.2214372754096985
loss:0.22633548080921173
--------------------------------------------------
{'r': 0.7800480229824608, 'f1': 0.8034449655808376, 'p': 0.8305005710365057, 'acc': 0.9075}
build data
特色词条2008条,非特色词条:5989条
start training
epoch:139
loss:0.2102130949497223
loss:0.21971248090267181
loss:0.22526323795318604
loss:0.24400575459003448
loss:0.22098442912101746
loss:0.21694938838481903
loss:0.2305884212255478
loss:0.23312446475028992
loss:0.17343230545520782
loss:0.2132769376039505
--------------------------------------------------
{'r': 0.737136049461211, 'f1': 0.8012708277799723, 'p': 0.8825176581554841, 'acc': 0.9087500000000001}
build data
特色词条2008条,非特色词条:5989条
start training
epoch:140
loss:0.18929700553417206
loss:0.23503991961479187
loss:0.21752731502056122
loss:0.22683757543563843
loss:0.22573459148406982
loss:0.24060866236686707
loss:0.21350042521953583
loss:0.2268969714641571
loss:0.22676078975200653
loss:0.21102459728717804
--------------------------------------------------
{'r': 0.7751821826407297, 'f1': 0.820313428359524, 'p': 0.8745597964796061, 'acc': 0.9204166666666665}
build data
特色词条2008条,非特色词条:5989条
start training
epoch:141
loss:0.20723889768123627
loss:0.2386130690574646
loss:0.21526376903057098
loss:0.2071722447872162
loss:0.21593661606311798
loss:0.16946575045585632
loss:0.24621933698654175
loss:0.21972408890724182
loss:0.211229607462883
loss:0.22617225348949432
--------------------------------------------------
{'r': 0.7771187602618951, 'f1': 0.8164591586529528, 'p': 0.8604692403467217, 'acc': 0.9120833333333336}
build data
特色词条2008条,非特色词条:5989条
start training
epoch:142
loss:0.23817548155784607
loss:0.21402813494205475
loss:0.18889880180358887
loss:0.22106017172336578
loss:0.22518706321716309
loss:0.22508107125759125
loss:0.2194230854511261
loss:0.22119560837745667
loss:0.2307509183883667
loss:0.21540671586990356
--------------------------------------------------
{'r': 0.7782948368683109, 'f1': 0.8218317291515606, 'p': 0.8735775487515633, 'acc': 0.9179166666666667}
build data
特色词条2008条,非特色词条:5989条
start training
epoch:143
loss:0.22783450782299042
loss:0.20650894939899445
loss:0.21466676890850067
loss:0.20665910840034485
loss:0.20511266589164734
loss:0.2279829978942871
loss:0.19534261524677277
loss:0.20276209712028503
loss:0.2519608736038208
loss:0.22609101235866547
--------------------------------------------------
{'r': 0.7826861459353462, 'f1': 0.8185981183129993, 'p': 0.8583912849713566, 'acc': 0.9120833333333334}
build data
特色词条2008条,非特色词条:5989条
start training
epoch:144
loss:0.23420560359954834
loss:0.21117818355560303
loss:0.20336534082889557
loss:0.20235975086688995
loss:0.1889982372522354
loss:0.22687928378582
loss:0.19374635815620422
loss:0.24618379771709442
loss:0.20148132741451263
loss:0.247396320104599
--------------------------------------------------
{'r': 0.752220404618921, 'f1': 0.8043757895776442, 'p': 0.8672689086442716, 'acc': 0.9075000000000001}
build data
特色词条2008条,非特色词条:5989条
start training
epoch:145
loss:0.19446316361427307
loss:0.18576788902282715
loss:0.21274681389331818
loss:0.21213464438915253
loss:0.19493013620376587
loss:0.23051567375659943
loss:0.2450827658176422
loss:0.19951307773590088
loss:0.2411048412322998
loss:0.21822011470794678
--------------------------------------------------
{'r': 0.7618737246545405, 'f1': 0.8000094544208576, 'p': 0.8454221349222666, 'acc': 0.905}
build data
特色词条2008条,非特色词条:5989条
start training
epoch:146
loss:0.2141479253768921
loss:0.23102472722530365
loss:0.20946072041988373
loss:0.23228447139263153
loss:0.19270454347133636
loss:0.23003582656383514
loss:0.19208477437496185
loss:0.22656205296516418
loss:0.22502103447914124
loss:0.2528817057609558
--------------------------------------------------
{'r': 0.7874031315795478, 'f1': 0.8300364594385146, 'p': 0.8815649817723663, 'acc': 0.9191666666666667}
build data
特色词条2008条,非特色词条:5989条
start training
epoch:147
loss:0.1884433925151825
loss:0.227848082780838
loss:0.20624859631061554
loss:0.18864215910434723
loss:0.17756158113479614
loss:0.26374053955078125
loss:0.22893017530441284
loss:0.21485194563865662
loss:0.2296035885810852
loss:0.2400464117527008
--------------------------------------------------
{'r': 0.784303649541094, 'f1': 0.8156189868850936, 'p': 0.8549228108178479, 'acc': 0.9116666666666667}
build data
特色词条2008条,非特色词条:5989条
start training
epoch:148
loss:0.19942840933799744
loss:0.22140835225582123
loss:0.22647510468959808
loss:0.19692084193229675
loss:0.2062692940235138
loss:0.23160865902900696
loss:0.23765206336975098
loss:0.20799969136714935
loss:0.21138232946395874
loss:0.20869901776313782
--------------------------------------------------
{'r': 0.7563426162722613, 'f1': 0.8060886456204862, 'p': 0.8670134359667191, 'acc': 0.9100000000000001}
build data
特色词条2008条,非特色词条:5989条
start training
epoch:149
loss:0.21687033772468567
loss:0.23042182624340057
loss:0.27612417936325073
loss:0.21427130699157715
loss:0.21280266344547272
loss:0.2224833071231842
loss:0.18243923783302307
loss:0.23382997512817383
loss:0.2243674397468567
loss:0.2028850018978119
--------------------------------------------------
{'r': 0.7745660643634118, 'f1': 0.8199359205911645, 'p': 0.877064037914009, 'acc': 0.9170833333333335}
build data
特色词条2008条,非特色词条:5989条
start training
epoch:150
loss:0.24486546218395233
loss:0.20542272925376892
loss:0.19515489041805267
loss:0.22108334302902222
loss:0.20859213173389435
loss:0.2218201756477356
loss:0.24101172387599945
loss:0.1826893836259842
loss:0.2017029970884323
loss:0.24342992901802063
--------------------------------------------------
{'r': 0.7969076007843021, 'f1': 0.8348860537204917, 'p': 0.8787367864955522, 'acc': 0.9237499999999998}
build data
特色词条2008条,非特色词条:5989条
start training
epoch:151
loss:0.23326539993286133
loss:0.20480908453464508
loss:0.1648099422454834
loss:0.19516149163246155
loss:0.2294919639825821
loss:0.25895026326179504
loss:0.2204284518957138
loss:0.1923857480287552
loss:0.2504175007343292
loss:0.19362714886665344
--------------------------------------------------
{'r': 0.7698089569467577, 'f1': 0.8184676521963793, 'p': 0.8761201989406555, 'acc': 0.9154166666666667}
build data
特色词条2008条,非特色词条:5989条
start training
epoch:152
loss:0.20001806318759918
loss:0.2028392255306244
loss:0.23025299608707428
loss:0.20577621459960938
loss:0.22951741516590118
loss:0.23290182650089264
loss:0.23938602209091187
loss:0.19877204298973083
loss:0.2281038761138916
loss:0.21444016695022583
--------------------------------------------------
{'r': 0.7562012546177901, 'f1': 0.8098643999738016, 'p': 0.87510492099989, 'acc': 0.9141666666666668}
build data
特色词条2008条,非特色词条:5989条
start training
epoch:153
loss:0.24162429571151733
loss:0.23402541875839233
loss:0.19316448271274567
loss:0.20866775512695312
loss:0.22916118800640106
loss:0.27457302808761597
loss:0.23193998634815216
loss:0.2089669406414032
loss:0.18300983309745789
loss:0.2253735214471817
--------------------------------------------------
{'r': 0.8114501552924297, 'f1': 0.8445907805265384, 'p': 0.8816942484370622, 'acc': 0.9258333333333333}
build data
特色词条2008条,非特色词条:5989条
start training
epoch:154
loss:0.22234444320201874
loss:0.20540937781333923
loss:0.21857409179210663
loss:0.2249153107404709
loss:0.22189293801784515
loss:0.2112085372209549
loss:0.2033850997686386
loss:0.2479388415813446
loss:0.22059623897075653
loss:0.23507292568683624
--------------------------------------------------
{'r': 0.7788675013334394, 'f1': 0.8225377566854599, 'p': 0.8755873017314448, 'acc': 0.92125}
build data
特色词条2008条,非特色词条:5989条
start training
epoch:155
loss:0.20099091529846191
loss:0.19686995446681976
loss:0.19864057004451752
loss:0.2422461360692978
loss:0.22536176443099976
loss:0.22137857973575592
loss:0.20055119693279266
loss:0.20903584361076355
loss:0.257120281457901
loss:0.1942199170589447
--------------------------------------------------
{'r': 0.764587768286769, 'f1': 0.8106653260456147, 'p': 0.8654378319364527, 'acc': 0.9112499999999999}
build data
特色词条2008条,非特色词条:5989条
start training
epoch:156
loss:0.22054177522659302
loss:0.2398102730512619
loss:0.18456029891967773
loss:0.20887255668640137
loss:0.20952482521533966
loss:0.21367643773555756
loss:0.2174467146396637
loss:0.20234735310077667
loss:0.23394693434238434
loss:0.20809702575206757
--------------------------------------------------
{'r': 0.7815362857027466, 'f1': 0.8175892344185062, 'p': 0.8611479681511091, 'acc': 0.9150000000000003}
build data
特色词条2008条,非特色词条:5989条
start training
epoch:157
loss:0.24632719159126282
loss:0.20847439765930176
loss:0.21464397013187408
loss:0.18573831021785736
loss:0.20341795682907104
loss:0.1822013407945633
loss:0.269243061542511
loss:0.21393020451068878
loss:0.23919571936130524
loss:0.24375765025615692
--------------------------------------------------
{'r': 0.7875421398083102, 'f1': 0.8400182631290336, 'p': 0.9017248918635223, 'acc': 0.9220833333333334}
build data
特色词条2008条,非特色词条:5989条
start training
epoch:158
loss:0.18400481343269348
loss:0.20946845412254333
loss:0.20886245369911194
loss:0.18596862256526947
loss:0.24640662968158722
loss:0.2341504842042923
loss:0.1775025874376297
loss:0.21936745941638947
loss:0.24967359006404877
loss:0.18112961947917938
--------------------------------------------------
{'r': 0.7810181500257757, 'f1': 0.8181658251875863, 'p': 0.8603501644833873, 'acc': 0.9125}
build data
特色词条2008条,非特色词条:5989条
start training
epoch:159
loss:0.19145339727401733
loss:0.19835369288921356
loss:0.26591530442237854
loss:0.21039286255836487
loss:0.2047608494758606
loss:0.22209960222244263
loss:0.21086357533931732
loss:0.17477472126483917
loss:0.19403693079948425
loss:0.2585262954235077
--------------------------------------------------
{'r': 0.7828407008774573, 'f1': 0.8207854917381179, 'p': 0.8671635807558102, 'acc': 0.9141666666666663}
build data
特色词条2008条,非特色词条:5989条
start training
epoch:160
loss:0.21621550619602203
loss:0.23904740810394287
loss:0.22679607570171356
loss:0.18751941621303558
loss:0.2515316307544708
loss:0.2156350165605545
loss:0.2128211259841919
loss:0.20598368346691132
loss:0.24673065543174744
loss:0.2309802621603012
--------------------------------------------------
{'r': 0.8022349898670725, 'f1': 0.8449074555994998, 'p': 0.8958063323138002, 'acc': 0.9266666666666667}
build data
特色词条2008条,非特色词条:5989条
start training
epoch:161
loss:0.21176239848136902
loss:0.2047419548034668
loss:0.22206807136535645
loss:0.22486475110054016
loss:0.20489056408405304
loss:0.19805467128753662
loss:0.2373856157064438
loss:0.22782151401042938
loss:0.213394895195961
loss:0.2031405121088028
--------------------------------------------------
{'r': 0.7750075305276523, 'f1': 0.8114422051340547, 'p': 0.8535040657617694, 'acc': 0.9125}
build data
特色词条2008条,非特色词条:5989条
start training
epoch:162
loss:0.23785118758678436
loss:0.21130229532718658
loss:0.22521741688251495
loss:0.24161861836910248
loss:0.2109842747449875
loss:0.2108605057001114
loss:0.20164786279201508
loss:0.2057868391275406
loss:0.20593751966953278
loss:0.21700765192508698
--------------------------------------------------
{'r': 0.7919931419785022, 'f1': 0.8254458307814735, 'p': 0.8655441936262337, 'acc': 0.9179166666666667}
build data
特色词条2008条,非特色词条:5989条
start training
epoch:163
loss:0.20947423577308655
loss:0.17577491700649261
loss:0.20941242575645447
loss:0.2630508840084076
loss:0.2269011288881302
loss:0.20690195262432098
loss:0.2133389413356781
loss:0.2138861119747162
loss:0.23143215477466583
loss:0.20794297754764557
--------------------------------------------------
{'r': 0.7659893828397897, 'f1': 0.8205567388267054, 'p': 0.8865672425939524, 'acc': 0.9174999999999999}
build data
特色词条2008条,非特色词条:5989条
start training
epoch:164
loss:0.20292802155017853
loss:0.23122082650661469
loss:0.24934330582618713
loss:0.24109582602977753
loss:0.19997869431972504
loss:0.22579462826251984
loss:0.18607541918754578
loss:0.1971358060836792
loss:0.204603910446167
loss:0.215754434466362
--------------------------------------------------
{'r': 0.7606773744295724, 'f1': 0.8221156900878984, 'p': 0.8957055058036978, 'acc': 0.9145833333333334}
build data
特色词条2008条,非特色词条:5989条
start training
epoch:165
loss:0.21302787959575653
loss:0.19143801927566528
loss:0.18892692029476166
loss:0.2121237963438034
loss:0.24743515253067017
loss:0.23681588470935822
loss:0.1848406046628952
loss:0.223547101020813
loss:0.21322348713874817
loss:0.18675597012043
--------------------------------------------------
{'r': 0.7602051834065622, 'f1': 0.8021788432446547, 'p': 0.8525477696680497, 'acc': 0.9108333333333333}
build data
特色词条2008条,非特色词条:5989条
start training
epoch:166
loss:0.19602347910404205
loss:0.22945737838745117
loss:0.21166592836380005
loss:0.1794968992471695
loss:0.20141923427581787
loss:0.26106682419776917
loss:0.1801367849111557
loss:0.19854874908924103
loss:0.2196681648492813
loss:0.25444239377975464
--------------------------------------------------
{'r': 0.7741492192782451, 'f1': 0.817293911257916, 'p': 0.8677167001882037, 'acc': 0.9129166666666666}
build data
特色词条2008条,非特色词条:5989条
start training
epoch:167
loss:0.21840694546699524
loss:0.2163766771554947
loss:0.2012626975774765
loss:0.1923133134841919
loss:0.2646888792514801
loss:0.23438484966754913
loss:0.19143879413604736
loss:0.20496809482574463
loss:0.211027592420578
loss:0.20585793256759644
--------------------------------------------------
{'r': 0.766781480444502, 'f1': 0.8196700779775259, 'p': 0.8831330973020236, 'acc': 0.9137500000000001}
build data
特色词条2008条,非特色词条:5989条
start training
epoch:168
loss:0.21275104582309723
loss:0.24699296057224274
loss:0.17700918018817902
loss:0.22150473296642303
loss:0.23168522119522095
loss:0.20959575474262238
loss:0.1941736936569214
loss:0.2129850685596466
loss:0.21769335865974426
loss:0.20478259027004242
--------------------------------------------------
{'r': 0.762744843314915, 'f1': 0.8187714732164286, 'p': 0.8847642402260361, 'acc': 0.9170833333333333}
build data
特色词条2008条,非特色词条:5989条
start training
epoch:169
loss:0.18329091370105743
loss:0.17741532623767853
loss:0.2677057385444641
loss:0.20945537090301514
loss:0.22890089452266693
loss:0.2015266865491867
loss:0.19466181099414825
loss:0.22752435505390167
loss:0.23932524025440216
loss:0.20435453951358795
--------------------------------------------------
{'r': 0.7890224780244868, 'f1': 0.8248820067248452, 'p': 0.8666514208173691, 'acc': 0.9166666666666666}
build data
特色词条2008条,非特色词条:5989条
start training
epoch:170
loss:0.23113393783569336
loss:0.22859714925289154
loss:0.19838933646678925
loss:0.22955630719661713
loss:0.18449078500270844
loss:0.20247013866901398
loss:0.21327674388885498
loss:0.1962941735982895
loss:0.2557012438774109
loss:0.1790231466293335
--------------------------------------------------
{'r': 0.7955772017060534, 'f1': 0.8259671192589122, 'p': 0.8617209240794909, 'acc': 0.9170833333333335}
build data
特色词条2008条,非特色词条:5989条
start training
epoch:171
loss:0.18975836038589478
loss:0.21568019688129425
loss:0.2222903072834015
loss:0.23033325374126434
loss:0.19805747270584106
loss:0.24792228639125824
loss:0.19687074422836304
loss:0.22965672612190247
loss:0.19673015177249908
loss:0.2124321013689041
--------------------------------------------------
{'r': 0.7848572756572114, 'f1': 0.8202479573707692, 'p': 0.8622453722354612, 'acc': 0.9179166666666665}
build data
特色词条2008条,非特色词条:5989条
start training
epoch:172
loss:0.25415217876434326
loss:0.23566864430904388
loss:0.2164316624403
loss:0.19726131856441498
loss:0.21801359951496124
loss:0.1876434087753296
loss:0.2281956970691681
loss:0.20861516892910004
loss:0.196364164352417
loss:0.22699685394763947
--------------------------------------------------
{'r': 0.8260635355396937, 'f1': 0.8459366268452604, 'p': 0.8700091847036395, 'acc': 0.9270833333333333}
build data
特色词条2008条,非特色词条:5989条
start training
epoch:173
loss:0.184237539768219
loss:0.20894064009189606
loss:0.22457601130008698
loss:0.20496836304664612
loss:0.22110261023044586
loss:0.21030838787555695
loss:0.1982494741678238
loss:0.25287026166915894
loss:0.2637160122394562
loss:0.2071264684200287
--------------------------------------------------
{'r': 0.7912525695521786, 'f1': 0.8337594163423205, 'p': 0.884921532067865, 'acc': 0.9249999999999998}
build data
特色词条2008条,非特色词条:5989条
start training
epoch:174
loss:0.20921730995178223
loss:0.22781601548194885
loss:0.22957278788089752
loss:0.18842174112796783
loss:0.16340653598308563
loss:0.21268345415592194
loss:0.22517050802707672
loss:0.19173061847686768
loss:0.19674664735794067
loss:0.21652726829051971
--------------------------------------------------
{'r': 0.7491967967924344, 'f1': 0.8066581398148738, 'p': 0.8762195692340317, 'acc': 0.9095833333333333}
build data
特色词条2008条,非特色词条:5989条
start training
epoch:175
loss:0.22477157413959503
loss:0.20524084568023682
loss:0.2079593986272812
loss:0.23212753236293793
loss:0.20911715924739838
loss:0.17865043878555298
loss:0.24877716600894928
loss:0.2118884027004242
loss:0.22409819066524506
loss:0.23011645674705505
--------------------------------------------------
{'r': 0.802883750684015, 'f1': 0.8343085062878257, 'p': 0.8693926495741723, 'acc': 0.9266666666666667}
build data
特色词条2008条,非特色词条:5989条
start training
epoch:176
loss:0.22459059953689575
loss:0.23386207222938538
loss:0.24805442988872528
loss:0.20307713747024536
loss:0.20416007936000824
loss:0.26122066378593445
loss:0.17553892731666565
loss:0.20601259171962738
loss:0.18008145689964294
loss:0.20759238302707672
--------------------------------------------------
{'r': 0.7927040884768539, 'f1': 0.8358672956183504, 'p': 0.887176565744206, 'acc': 0.9200000000000002}
build data
特色词条2008条,非特色词条:5989条
start training
epoch:177
loss:0.18597982823848724
loss:0.2151232659816742
loss:0.2197953760623932
loss:0.22348488867282867
loss:0.24125076830387115
loss:0.24610139429569244
loss:0.2085377275943756
loss:0.21574494242668152
loss:0.23455104231834412
loss:0.15155914425849915
--------------------------------------------------
{'r': 0.7806333167647946, 'f1': 0.8303700140998606, 'p': 0.890069641203578, 'acc': 0.9216666666666666}
build data
特色词条2008条,非特色词条:5989条
start training
epoch:178
loss:0.22665579617023468
loss:0.22335246205329895
loss:0.20105676352977753
loss:0.19501225650310516
loss:0.19459043443202972
loss:0.22865109145641327
loss:0.22693189978599548
loss:0.22967293858528137
loss:0.2125697135925293
loss:0.18852685391902924
--------------------------------------------------
{'r': 0.7741098005498599, 'f1': 0.8235080125878561, 'p': 0.8821318584412541, 'acc': 0.9154166666666667}
build data
特色词条2008条,非特色词条:5989条
start training
epoch:179
loss:0.21230639517307281
loss:0.19799454510211945
loss:0.20982640981674194
loss:0.204872727394104
loss:0.19603803753852844
loss:0.24148614704608917
loss:0.23732739686965942
loss:0.1812739074230194
loss:0.19007264077663422
loss:0.20462675392627716
--------------------------------------------------
{'r': 0.7626151361040299, 'f1': 0.8213864580252406, 'p': 0.8922827480350832, 'acc': 0.9125000000000002}
build data
特色词条2008条,非特色词条:5989条
start training
epoch:180
loss:0.23908759653568268
loss:0.20265111327171326
loss:0.2684646248817444
loss:0.20506799221038818
loss:0.22137783467769623
loss:0.220660999417305
loss:0.18180131912231445
loss:0.18218524754047394
loss:0.1867973506450653
loss:0.19950245320796967
--------------------------------------------------
{'r': 0.7891922563406311, 'f1': 0.8149902111557792, 'p': 0.8457923350427887, 'acc': 0.9116666666666665}
build data
特色词条2008条,非特色词条:5989条
start training
epoch:181
loss:0.20519697666168213
loss:0.21674618124961853
loss:0.2119101881980896
loss:0.18147589266300201
loss:0.2264987826347351
loss:0.20420926809310913
loss:0.2356007844209671
loss:0.2142539620399475
loss:0.22202688455581665
loss:0.2235536426305771
--------------------------------------------------
{'r': 0.7824735481751698, 'f1': 0.82773105377142, 'p': 0.8813634100843627, 'acc': 0.9170833333333333}
build data
特色词条2008条,非特色词条:5989条
start training
epoch:182
loss:0.2086312621831894
loss:0.20986121892929077
loss:0.26136893033981323
loss:0.2009570300579071
loss:0.1711570918560028
loss:0.19901998341083527
loss:0.18773163855075836
loss:0.1884448528289795
loss:0.2142764925956726
loss:0.21329720318317413
--------------------------------------------------
{'r': 0.7372370240377143, 'f1': 0.7869621389288259, 'p': 0.8461161281818216, 'acc': 0.9033333333333335}
build data
特色词条2008条,非特色词条:5989条
start training
epoch:183
loss:0.23601795732975006
loss:0.19819732010364532
loss:0.20095521211624146
loss:0.2196934074163437
loss:0.17414799332618713
loss:0.18252874910831451
loss:0.20770913362503052
loss:0.236240416765213
loss:0.23548872768878937
loss:0.23495210707187653
--------------------------------------------------
{'r': 0.8098916096275529, 'f1': 0.8415800302603944, 'p': 0.8792437303865792, 'acc': 0.9229166666666666}
build data
特色词条2008条,非特色词条:5989条
start training
epoch:184
loss:0.23492035269737244
loss:0.22804509103298187
loss:0.21942268311977386
loss:0.19871960580348969
loss:0.17270353436470032
loss:0.22990712523460388
loss:0.23293036222457886
loss:0.20391497015953064
loss:0.19314280152320862
loss:0.2046530693769455
--------------------------------------------------
{'r': 0.8192121784411898, 'f1': 0.8382400312813173, 'p': 0.8600005039774891, 'acc': 0.9216666666666669}
build data
特色词条2008条,非特色词条:5989条
start training
epoch:185
loss:0.1776401549577713
loss:0.23059751093387604
loss:0.20869757235050201
loss:0.2092340886592865
loss:0.21911723911762238
loss:0.22215531766414642
loss:0.1995248645544052
loss:0.21729563176631927
loss:0.21008433401584625
loss:0.1949181705713272
--------------------------------------------------
{'r': 0.7814617027172781, 'f1': 0.8181036488418683, 'p': 0.8639800013592002, 'acc': 0.915}
build data
特色词条2008条,非特色词条:5989条
start training
epoch:186
loss:0.2565763592720032
loss:0.21915695071220398
loss:0.20834293961524963
loss:0.210212841629982
loss:0.2200520634651184
loss:0.21642911434173584
loss:0.259633868932724
loss:0.21449539065361023
loss:0.18364521861076355
loss:0.20665186643600464
--------------------------------------------------
{'r': 0.8152203460258244, 'f1': 0.8471251826664717, 'p': 0.887358997043543, 'acc': 0.9258333333333333}
build data
特色词条2008条,非特色词条:5989条
start training
epoch:187
loss:0.20994028449058533
loss:0.21331742405891418
loss:0.20472845435142517
loss:0.1975923329591751
loss:0.22751271724700928
loss:0.2075532227754593
loss:0.21230646967887878
loss:0.21441864967346191
loss:0.20000587403774261
loss:0.26337021589279175
--------------------------------------------------
{'r': 0.7779540758173938, 'f1': 0.821776409963894, 'p': 0.872972799343381, 'acc': 0.9154166666666667}
build data
特色词条2008条,非特色词条:5989条
start training
epoch:188
loss:0.17378485202789307
loss:0.19469180703163147
loss:0.17850379645824432
loss:0.20879197120666504
loss:0.24425658583641052
loss:0.2507842183113098
loss:0.21382498741149902/usr/local/lib/python3.5/dist-packages/sklearn/metrics/classification.py:1143: UndefinedMetricWarning: Precision is ill-defined and being set to 0.0 due to no predicted samples.
  'precision', 'predicted', average, warn_for)
/usr/local/lib/python3.5/dist-packages/sklearn/metrics/classification.py:1143: UndefinedMetricWarning: F-score is ill-defined and being set to 0.0 due to no predicted samples.
  'precision', 'predicted', average, warn_for)
/usr/local/lib/python3.5/dist-packages/sklearn/metrics/classification.py:1143: UndefinedMetricWarning: Precision is ill-defined and being set to 0.0 due to no predicted samples.
  'precision', 'predicted', average, warn_for)
/usr/local/lib/python3.5/dist-packages/sklearn/metrics/classification.py:1143: UndefinedMetricWarning: F-score is ill-defined and being set to 0.0 due to no predicted samples.
  'precision', 'predicted', average, warn_for)
/usr/local/lib/python3.5/dist-packages/sklearn/metrics/classification.py:1143: UndefinedMetricWarning: Precision is ill-defined and being set to 0.0 due to no predicted samples.
  'precision', 'predicted', average, warn_for)
/usr/local/lib/python3.5/dist-packages/sklearn/metrics/classification.py:1143: UndefinedMetricWarning: F-score is ill-defined and being set to 0.0 due to no predicted samples.
  'precision', 'predicted', average, warn_for)
/usr/local/lib/python3.5/dist-packages/sklearn/metrics/classification.py:1143: UndefinedMetricWarning: Precision is ill-defined and being set to 0.0 due to no predicted samples.
  'precision', 'predicted', average, warn_for)
/usr/local/lib/python3.5/dist-packages/sklearn/metrics/classification.py:1143: UndefinedMetricWarning: F-score is ill-defined and being set to 0.0 due to no predicted samples.
  'precision', 'predicted', average, warn_for)
/usr/local/lib/python3.5/dist-packages/sklearn/metrics/classification.py:1143: UndefinedMetricWarning: Precision is ill-defined and being set to 0.0 due to no predicted samples.
  'precision', 'predicted', average, warn_for)
/usr/local/lib/python3.5/dist-packages/sklearn/metrics/classification.py:1143: UndefinedMetricWarning: F-score is ill-defined and being set to 0.0 due to no predicted samples.
  'precision', 'predicted', average, warn_for)

loss:0.1930878758430481
loss:0.21538947522640228
loss:0.21968717873096466
--------------------------------------------------
{'r': 0.8003714603079732, 'f1': 0.8366952860502062, 'p': 0.8781276481914453, 'acc': 0.91875}
build data
特色词条2008条,非特色词条:5989条
start training
epoch:189
loss:0.18680435419082642
loss:0.17792269587516785
loss:0.22835732996463776
loss:0.21723982691764832
loss:0.21983297169208527
loss:0.2000168263912201
loss:0.25338447093963623
loss:0.2525801360607147
loss:0.20541447401046753
loss:0.2230994552373886
--------------------------------------------------
{'r': 0.8117844949293211, 'f1': 0.8419565016370265, 'p': 0.8766000735708012, 'acc': 0.9249999999999998}
build data
特色词条2008条,非特色词条:5989条
start training
epoch:190
loss:0.20813338458538055
loss:0.1994260549545288
loss:0.20276835560798645
loss:0.26063230633735657
loss:0.16368581354618073
loss:0.21788783371448517
loss:0.1887190341949463
loss:0.25176742672920227
loss:0.22236506640911102
loss:0.18611903488636017
--------------------------------------------------
{'r': 0.784616895550192, 'f1': 0.8225631023525091, 'p': 0.8661979916522249, 'acc': 0.9170833333333333}
build data
特色词条2008条,非特色词条:5989条
start training
epoch:191
loss:0.20594705641269684
loss:0.185475692152977
loss:0.18906204402446747
loss:0.18461337685585022
loss:0.19555117189884186
loss:0.21598754823207855
loss:0.23476749658584595
loss:0.2428630292415619
loss:0.20167165994644165
loss:0.1894645243883133
--------------------------------------------------
{'r': 0.7567721066718691, 'f1': 0.8019772022444134, 'p': 0.8543079494805159, 'acc': 0.9099999999999999}
build data
特色词条2008条,非特色词条:5989条
start training
epoch:192
loss:0.20479716360569
loss:0.20134304463863373
loss:0.19484804570674896
loss:0.21401308476924896
loss:0.20668914914131165
loss:0.21380947530269623
loss:0.22928546369075775
loss:0.23960980772972107
loss:0.2079414576292038
loss:0.1962316632270813
--------------------------------------------------
{'r': 0.7726333773034757, 'f1': 0.8237225215457109, 'p': 0.8890260932744463, 'acc': 0.91875}
build data
特色词条2008条,非特色词条:5989条
start training
epoch:193
loss:0.21877716481685638
loss:0.20534096658229828
loss:0.20916612446308136
loss:0.21426568925380707
loss:0.19718340039253235
loss:0.17428047955036163
loss:0.20990338921546936
loss:0.1840047389268875
loss:0.23142743110656738
loss:0.23493681848049164
--------------------------------------------------
{'r': 0.7693107785179817, 'f1': 0.817795026019487, 'p': 0.8761231402601611, 'acc': 0.9170833333333333}
build data
特色词条2008条,非特色词条:5989条
start training
epoch:194
loss:0.1729203462600708
loss:0.19077104330062866
loss:0.23475928604602814
loss:0.22689537703990936
loss:0.24432504177093506
loss:0.18441054224967957
loss:0.21280542016029358
loss:0.2274053394794464
loss:0.20342564582824707
loss:0.19555889070034027
--------------------------------------------------
{'r': 0.7842207400154003, 'f1': 0.8220606198217253, 'p': 0.8659081225219574, 'acc': 0.9145833333333332}
build data
特色词条2008条,非特色词条:5989条
start training
epoch:195
loss:0.212180495262146
loss:0.20503436028957367
loss:0.18985405564308167
loss:0.19427981972694397
loss:0.2372853308916092
loss:0.21526996791362762
loss:0.22231921553611755
loss:0.1992904394865036
loss:0.22667507827281952
loss:0.22574716806411743
--------------------------------------------------
{'r': 0.7826079257248908, 'f1': 0.8205393951514675, 'p': 0.8675801757314889, 'acc': 0.9166666666666666}
build data
特色词条2008条,非特色词条:5989条
start training
epoch:196
loss:0.22720055282115936
loss:0.19985578954219818
loss:0.20388203859329224
loss:0.17838835716247559
loss:0.2642458975315094
loss:0.18679307401180267
loss:0.19529762864112854
loss:0.20195256173610687
loss:0.20173439383506775
loss:0.20541594922542572
--------------------------------------------------
{'r': 0.7779153390130308, 'f1': 0.8192258485595059, 'p': 0.868024617730164, 'acc': 0.9141666666666668}
build data
特色词条2008条,非特色词条:5989条
start training
epoch:197
loss:0.2130158245563507
loss:0.22938035428524017
loss:0.21458472311496735
loss:0.21730008721351624
loss:0.19685481488704681
loss:0.23616740107536316
loss:0.239752858877182
loss:0.20385944843292236
loss:0.21057914197444916
loss:0.1987299621105194
--------------------------------------------------
{'r': 0.8084050163927529, 'f1': 0.8429167003476264, 'p': 0.8821916051650447, 'acc': 0.9270833333333334}
build data
特色词条2008条,非特色词条:5989条
start training
epoch:198
loss:0.21304264664649963
loss:0.21518082916736603
loss:0.21398892998695374
loss:0.18680694699287415
loss:0.19950580596923828
loss:0.20807141065597534
loss:0.218577042222023
loss:0.19664965569972992
loss:0.21191833913326263
loss:0.22760778665542603
--------------------------------------------------
{'r': 0.7898406004319815, 'f1': 0.8318846024643266, 'p': 0.8804567741136179, 'acc': 0.9191666666666667}
build data
特色词条2008条,非特色词条:5989条
start training
epoch:199
loss:0.24492397904396057
loss:0.1924709528684616
loss:0.18877698481082916
loss:0.1756388396024704
loss:0.2413378357887268
loss:0.20109787583351135
loss:0.2104048877954483
loss:0.2039056122303009
loss:0.18833348155021667
loss:0.2349211722612381
--------------------------------------------------
{'r': 0.7983276874037558, 'f1': 0.8264787622276796, 'p': 0.8602455584328192, 'acc': 0.9166666666666666}
