训练数据：特色词条1807条,非特色词条:5390条
测试数据：特色词条201条,非特色词条:599条
{'f1': 0.7860962566844919, 'r': 0.7313432835820896, 'acc': 0.9, 'p': 0.8497109826589595}
训练数据：特色词条1807条,非特色词条:5390条
测试数据：特色词条201条,非特色词条:599条
{'f1': 0.8571428571428572, 'r': 0.8059701492537313, 'acc': 0.9325, 'p': 0.9152542372881356}
训练数据：特色词条1807条,非特色词条:5390条
测试数据：特色词条201条,非特色词条:599条
{'f1': 0.8118279569892473, 'r': 0.7512437810945274, 'acc': 0.9125, 'p': 0.8830409356725146}
训练数据：特色词条1807条,非特色词条:5390条
测试数据：特色词条201条,非特色词条:599条
{'f1': 0.8266666666666665, 'r': 0.7711442786069652, 'acc': 0.91875, 'p': 0.8908045977011494}
训练数据：特色词条1807条,非特色词条:5390条
测试数据：特色词条201条,非特色词条:599条
{'f1': 0.8140161725067385, 'r': 0.7512437810945274, 'acc': 0.91375, 'p': 0.888235294117647}
训练数据：特色词条1807条,非特色词条:5390条
测试数据：特色词条201条,非特色词条:599条
{'f1': 0.8062015503875968, 'r': 0.7761194029850746, 'acc': 0.90625, 'p': 0.8387096774193549}
训练数据：特色词条1807条,非特色词条:5390条
测试数据：特色词条201条,非特色词条:599条
{'f1': 0.7923497267759563, 'r': 0.7213930348258707, 'acc': 0.905, 'p': 0.8787878787878788}
训练数据：特色词条1807条,非特色词条:5390条
测试数据：特色词条201条,非特色词条:599条
{'f1': 0.8201058201058201, 'r': 0.7711442786069652, 'acc': 0.915, 'p': 0.8757062146892656}
训练数据：特色词条1807条,非特色词条:5390条
测试数据：特色词条201条,非特色词条:599条
{'f1': 0.8297872340425533, 'r': 0.7761194029850746, 'acc': 0.92, 'p': 0.8914285714285715}
训练数据：特色词条1807条,非特色词条:5390条
测试数据：特色词条201条,非特色词条:599条
{'f1': 0.8118279569892473, 'r': 0.7512437810945274, 'acc': 0.9125, 'p': 0.8830409356725146}
训练数据：特色词条1807条,非特色词条:5390条
测试数据：特色词条201条,非特色词条:599条
{'f1': 0.8152173913043478, 'r': 0.746268656716418, 'acc': 0.915, 'p': 0.8982035928143712}
训练数据：特色词条1807条,非特色词条:5390条
测试数据：特色词条201条,非特色词条:599条
{'f1': 0.8044077134986226, 'r': 0.7263681592039801, 'acc': 0.91125, 'p': 0.9012345679012346}
训练数据：特色词条1807条,非特色词条:5390条
测试数据：特色词条201条,非特色词条:599条
{'f1': 0.8126649076517151, 'r': 0.7661691542288557, 'acc': 0.91125, 'p': 0.8651685393258427}
训练数据：特色词条1807条,非特色词条:5390条
测试数据：特色词条201条,非特色词条:599条
{'f1': 0.8032345013477089, 'r': 0.7412935323383084, 'acc': 0.90875, 'p': 0.8764705882352941}
训练数据：特色词条1807条,非特色词条:5390条
测试数据：特色词条201条,非特色词条:599条
{'f1': 0.8167539267015707, 'r': 0.7761194029850746, 'acc': 0.9125, 'p': 0.861878453038674}
训练数据：特色词条1807条,非特色词条:5390条
测试数据：特色词条201条,非特色词条:599条
{'f1': 0.8404255319148936, 'r': 0.7860696517412935, 'acc': 0.925, 'p': 0.9028571428571428}
训练数据：特色词条1807条,非特色词条:5390条
测试数据：特色词条201条,非特色词条:599条
{'f1': 0.8021680216802167, 'r': 0.736318407960199, 'acc': 0.90875, 'p': 0.8809523809523809}
训练数据：特色词条1807条,非特色词条:5390条
测试数据：特色词条201条,非特色词条:599条
{'f1': 0.8064516129032258, 'r': 0.746268656716418, 'acc': 0.91, 'p': 0.8771929824561403}
训练数据：特色词条1807条,非特色词条:5390条
测试数据：特色词条201条,非特色词条:599条
{'f1': 0.7968337730870713, 'r': 0.7512437810945274, 'acc': 0.90375, 'p': 0.848314606741573}
训练数据：特色词条1807条,非特色词条:5390条
测试数据：特色词条201条,非特色词条:599条
{'f1': 0.8415300546448086, 'r': 0.7661691542288557, 'acc': 0.9275, 'p': 0.9333333333333333}
训练数据：特色词条1807条,非特色词条:5390条
测试数据：特色词条201条,非特色词条:599条
{'f1': 0.7978723404255319, 'r': 0.746268656716418, 'acc': 0.905, 'p': 0.8571428571428571}
训练数据：特色词条1807条,非特色词条:5390条
测试数据：特色词条201条,非特色词条:599条
{'f1': 0.7967479674796748, 'r': 0.7313432835820896, 'acc': 0.90625, 'p': 0.875}
训练数据：特色词条1807条,非特色词条:5390条
测试数据：特色词条201条,非特色词条:599条
{'f1': 0.8496042216358839, 'r': 0.8009950248756219, 'acc': 0.92875, 'p': 0.9044943820224719}
训练数据：特色词条1807条,非特色词条:5390条
测试数据：特色词条201条,非特色词条:599条
{'f1': 0.8303797468354429, 'r': 0.8159203980099502, 'acc': 0.91625, 'p': 0.845360824742268}
训练数据：特色词条1807条,非特色词条:5390条
测试数据：特色词条201条,非特色词条:599条
{'f1': 0.8072916666666666, 'r': 0.7711442786069652, 'acc': 0.9075, 'p': 0.8469945355191257}
训练数据：特色词条1807条,非特色词条:5390条
测试数据：特色词条201条,非特色词条:599条
{'f1': 0.7900552486187845, 'r': 0.7114427860696517, 'acc': 0.905, 'p': 0.8881987577639752}
训练数据：特色词条1807条,非特色词条:5390条
测试数据：特色词条201条,非特色词条:599条
{'f1': 0.8031088082901555, 'r': 0.7711442786069652, 'acc': 0.905, 'p': 0.8378378378378378}
训练数据：特色词条1807条,非特色词条:5390条
测试数据：特色词条201条,非特色词条:599条
{'f1': 0.83377308707124, 'r': 0.7860696517412935, 'acc': 0.92125, 'p': 0.8876404494382022}
训练数据：特色词条1807条,非特色词条:5390条
测试数据：特色词条201条,非特色词条:599条
{'f1': 0.8247978436657681, 'r': 0.7611940298507462, 'acc': 0.91875, 'p': 0.9}
训练数据：特色词条1807条,非特色词条:5390条
测试数据：特色词条201条,非特色词条:599条
{'f1': 0.8229166666666666, 'r': 0.7860696517412935, 'acc': 0.915, 'p': 0.8633879781420765}
训练数据：特色词条1807条,非特色词条:5390条
测试数据：特色词条201条,非特色词条:599条
{'f1': 0.8113695090439277, 'r': 0.7810945273631841, 'acc': 0.90875, 'p': 0.8440860215053764}
训练数据：特色词条1807条,非特色词条:5390条
测试数据：特色词条201条,非特色词条:599条
{'f1': 0.84375, 'r': 0.8059701492537313, 'acc': 0.925, 'p': 0.8852459016393442}
训练数据：特色词条1807条,非特色词条:5390条
测试数据：特色词条201条,非特色词条:599条
{'f1': 0.8229166666666666, 'r': 0.7860696517412935, 'acc': 0.915, 'p': 0.8633879781420765}
训练数据：特色词条1807条,非特色词条:5390条
测试数据：特色词条201条,非特色词条:599条
{'f1': 0.7870619946091644, 'r': 0.7263681592039801, 'acc': 0.90125, 'p': 0.8588235294117647}
训练数据：特色词条1807条,非特色词条:5390条
测试数据：特色词条201条,非特色词条:599条
{'f1': 0.8381962864721485, 'r': 0.7860696517412935, 'acc': 0.92375, 'p': 0.8977272727272727}
训练数据：特色词条1807条,非特色词条:5390条
测试数据：特色词条201条,非特色词条:599条
{'f1': 0.806282722513089, 'r': 0.7661691542288557, 'acc': 0.9075, 'p': 0.850828729281768}
训练数据：特色词条1807条,非特色词条:5390条
测试数据：特色词条201条,非特色词条:599条
{'f1': 0.8534031413612565, 'r': 0.8109452736318408, 'acc': 0.93, 'p': 0.9005524861878453}
训练数据：特色词条1807条,非特色词条:5390条
测试数据：特色词条201条,非特色词条:599条
{'f1': 0.8373333333333333, 'r': 0.7810945273631841, 'acc': 0.92375, 'p': 0.9022988505747126}
训练数据：特色词条1807条,非特色词条:5390条
测试数据：特色词条201条,非特色词条:599条
{'f1': 0.8380462724935732, 'r': 0.8109452736318408, 'acc': 0.92125, 'p': 0.8670212765957447}
训练数据：特色词条1807条,非特色词条:5390条
测试数据：特色词条201条,非特色词条:599条
{'f1': 0.7989130434782609, 'r': 0.7313432835820896, 'acc': 0.9075, 'p': 0.8802395209580839}/usr/local/lib/python3.5/dist-packages/sklearn/linear_model/logistic.py:433: FutureWarning: Default solver will be changed to 'lbfgs' in 0.22. Specify a solver to silence this warning.
  FutureWarning)
/usr/local/lib/python3.5/dist-packages/sklearn/linear_model/logistic.py:433: FutureWarning: Default solver will be changed to 'lbfgs' in 0.22. Specify a solver to silence this warning.
  FutureWarning)
/usr/local/lib/python3.5/dist-packages/sklearn/linear_model/logistic.py:433: FutureWarning: Default solver will be changed to 'lbfgs' in 0.22. Specify a solver to silence this warning.
  FutureWarning)
/usr/local/lib/python3.5/dist-packages/sklearn/linear_model/logistic.py:433: FutureWarning: Default solver will be changed to 'lbfgs' in 0.22. Specify a solver to silence this warning.
  FutureWarning)
/usr/local/lib/python3.5/dist-packages/sklearn/linear_model/logistic.py:433: FutureWarning: Default solver will be changed to 'lbfgs' in 0.22. Specify a solver to silence this warning.
  FutureWarning)
/usr/local/lib/python3.5/dist-packages/sklearn/linear_model/logistic.py:433: FutureWarning: Default solver will be changed to 'lbfgs' in 0.22. Specify a solver to silence this warning.
  FutureWarning)
/usr/local/lib/python3.5/dist-packages/sklearn/linear_model/logistic.py:433: FutureWarning: Default solver will be changed to 'lbfgs' in 0.22. Specify a solver to silence this warning.
  FutureWarning)
/usr/local/lib/python3.5/dist-packages/sklearn/linear_model/logistic.py:433: FutureWarning: Default solver will be changed to 'lbfgs' in 0.22. Specify a solver to silence this warning.
  FutureWarning)
/usr/local/lib/python3.5/dist-packages/sklearn/linear_model/logistic.py:433: FutureWarning: Default solver will be changed to 'lbfgs' in 0.22. Specify a solver to silence this warning.
  FutureWarning)
/usr/local/lib/python3.5/dist-packages/sklearn/linear_model/logistic.py:433: FutureWarning: Default solver will be changed to 'lbfgs' in 0.22. Specify a solver to silence this warning.
  FutureWarning)
/usr/local/lib/python3.5/dist-packages/sklearn/linear_model/logistic.py:433: FutureWarning: Default solver will be changed to 'lbfgs' in 0.22. Specify a solver to silence this warning.
  FutureWarning)
/usr/local/lib/python3.5/dist-packages/sklearn/linear_model/logistic.py:433: FutureWarning: Default solver will be changed to 'lbfgs' in 0.22. Specify a solver to silence this warning.
  FutureWarning)
/usr/local/lib/python3.5/dist-packages/sklearn/linear_model/logistic.py:433: FutureWarning: Default solver will be changed to 'lbfgs' in 0.22. Specify a solver to silence this warning.
  FutureWarning)
/usr/local/lib/python3.5/dist-packages/sklearn/linear_model/logistic.py:433: FutureWarning: Default solver will be changed to 'lbfgs' in 0.22. Specify a solver to silence this warning.
  FutureWarning)
/usr/local/lib/python3.5/dist-packages/sklearn/linear_model/logistic.py:433: FutureWarning: Default solver will be changed to 'lbfgs' in 0.22. Specify a solver to silence this warning.
  FutureWarning)
/usr/local/lib/python3.5/dist-packages/sklearn/linear_model/logistic.py:433: FutureWarning: Default solver will be changed to 'lbfgs' in 0.22. Specify a solver to silence this warning.
  FutureWarning)
/usr/local/lib/python3.5/dist-packages/sklearn/linear_model/logistic.py:433: FutureWarning: Default solver will be changed to 'lbfgs' in 0.22. Specify a solver to silence this warning.
  FutureWarning)
/usr/local/lib/python3.5/dist-packages/sklearn/linear_model/logistic.py:433: FutureWarning: Default solver will be changed to 'lbfgs' in 0.22. Specify a solver to silence this warning.
  FutureWarning)
/usr/local/lib/python3.5/dist-packages/sklearn/linear_model/logistic.py:433: FutureWarning: Default solver will be changed to 'lbfgs' in 0.22. Specify a solver to silence this warning.
  FutureWarning)
/usr/local/lib/python3.5/dist-packages/sklearn/linear_model/logistic.py:433: FutureWarning: Default solver will be changed to 'lbfgs' in 0.22. Specify a solver to silence this warning.
  FutureWarning)
/usr/local/lib/python3.5/dist-packages/sklearn/linear_model/logistic.py:433: FutureWarning: Default solver will be changed to 'lbfgs' in 0.22. Specify a solver to silence this warning.
  FutureWarning)
/usr/local/lib/python3.5/dist-packages/sklearn/linear_model/logistic.py:433: FutureWarning: Default solver will be changed to 'lbfgs' in 0.22. Specify a solver to silence this warning.
  FutureWarning)
/usr/local/lib/python3.5/dist-packages/sklearn/linear_model/logistic.py:433: FutureWarning: Default solver will be changed to 'lbfgs' in 0.22. Specify a solver to silence this warning.
  FutureWarning)
/usr/local/lib/python3.5/dist-packages/sklearn/linear_model/logistic.py:433: FutureWarning: Default solver will be changed to 'lbfgs' in 0.22. Specify a solver to silence this warning.
  FutureWarning)
/usr/local/lib/python3.5/dist-packages/sklearn/linear_model/logistic.py:433: FutureWarning: Default solver will be changed to 'lbfgs' in 0.22. Specify a solver to silence this warning.
  FutureWarning)
/usr/local/lib/python3.5/dist-packages/sklearn/linear_model/logistic.py:433: FutureWarning: Default solver will be changed to 'lbfgs' in 0.22. Specify a solver to silence this warning.
  FutureWarning)
/usr/local/lib/python3.5/dist-packages/sklearn/linear_model/logistic.py:433: FutureWarning: Default solver will be changed to 'lbfgs' in 0.22. Specify a solver to silence this warning.
  FutureWarning)
/usr/local/lib/python3.5/dist-packages/sklearn/linear_model/logistic.py:433: FutureWarning: Default solver will be changed to 'lbfgs' in 0.22. Specify a solver to silence this warning.
  FutureWarning)
/usr/local/lib/python3.5/dist-packages/sklearn/linear_model/logistic.py:433: FutureWarning: Default solver will be changed to 'lbfgs' in 0.22. Specify a solver to silence this warning.
  FutureWarning)
/usr/local/lib/python3.5/dist-packages/sklearn/linear_model/logistic.py:433: FutureWarning: Default solver will be changed to 'lbfgs' in 0.22. Specify a solver to silence this warning.
  FutureWarning)
/usr/local/lib/python3.5/dist-packages/sklearn/linear_model/logistic.py:433: FutureWarning: Default solver will be changed to 'lbfgs' in 0.22. Specify a solver to silence this warning.
  FutureWarning)
/usr/local/lib/python3.5/dist-packages/sklearn/linear_model/logistic.py:433: FutureWarning: Default solver will be changed to 'lbfgs' in 0.22. Specify a solver to silence this warning.
  FutureWarning)
/usr/local/lib/python3.5/dist-packages/sklearn/linear_model/logistic.py:433: FutureWarning: Default solver will be changed to 'lbfgs' in 0.22. Specify a solver to silence this warning.
  FutureWarning)
/usr/local/lib/python3.5/dist-packages/sklearn/linear_model/logistic.py:433: FutureWarning: Default solver will be changed to 'lbfgs' in 0.22. Specify a solver to silence this warning.
  FutureWarning)
/usr/local/lib/python3.5/dist-packages/sklearn/linear_model/logistic.py:433: FutureWarning: Default solver will be changed to 'lbfgs' in 0.22. Specify a solver to silence this warning.
  FutureWarning)
/usr/local/lib/python3.5/dist-packages/sklearn/linear_model/logistic.py:433: FutureWarning: Default solver will be changed to 'lbfgs' in 0.22. Specify a solver to silence this warning.
  FutureWarning)
/usr/local/lib/python3.5/dist-packages/sklearn/linear_model/logistic.py:433: FutureWarning: Default solver will be changed to 'lbfgs' in 0.22. Specify a solver to silence this warning.
  FutureWarning)
/usr/local/lib/python3.5/dist-packages/sklearn/linear_model/logistic.py:433: FutureWarning: Default solver will be changed to 'lbfgs' in 0.22. Specify a solver to silence this warning.
  FutureWarning)
/usr/local/lib/python3.5/dist-packages/sklearn/linear_model/logistic.py:433: FutureWarning: Default solver will be changed to 'lbfgs' in 0.22. Specify a solver to silence this warning.
  FutureWarning)
/usr/local/lib/python3.5/dist-packages/sklearn/linear_model/logistic.py:433: FutureWarning: Default solver will be changed to 'lbfgs' in 0.22. Specify a solver to silence this warning.
  FutureWarning)
/usr/local/lib/python3.5/dist-packages/sklearn/linear_model/logistic.py:433: FutureWarning: Default solver will be changed to 'lbfgs' in 0.22. Specify a solver to silence this warning.
  FutureWarning)
/usr/local/lib/python3.5/dist-packages/sklearn/linear_model/logistic.py:433: FutureWarning: Default solver will be changed to 'lbfgs' in 0.22. Specify a solver to silence this warning.
  FutureWarning)
/usr/local/lib/python3.5/dist-packages/sklearn/linear_model/logistic.py:433: FutureWarning: Default solver will be changed to 'lbfgs' in 0.22. Specify a solver to silence this warning.
  FutureWarning)
/usr/local/lib/python3.5/dist-packages/sklearn/linear_model/logistic.py:433: FutureWarning: Default solver will be changed to 'lbfgs' in 0.22. Specify a solver to silence this warning.
  FutureWarning)
/usr/local/lib/python3.5/dist-packages/sklearn/linear_model/logistic.py:433: FutureWarning: Default solver will be changed to 'lbfgs' in 0.22. Specify a solver to silence this warning.
  FutureWarning)
/usr/local/lib/python3.5/dist-packages/sklearn/linear_model/logistic.py:433: FutureWarning: Default solver will be changed to 'lbfgs' in 0.22. Specify a solver to silence this warning.
  FutureWarning)
/usr/local/lib/python3.5/dist-packages/sklearn/linear_model/logistic.py:433: FutureWarning: Default solver will be changed to 'lbfgs' in 0.22. Specify a solver to silence this warning.
  FutureWarning)
/usr/local/lib/python3.5/dist-packages/sklearn/linear_model/logistic.py:433: FutureWarning: Default solver will be changed to 'lbfgs' in 0.22. Specify a solver to silence this warning.
  FutureWarning)
/usr/local/lib/python3.5/dist-packages/sklearn/linear_model/logistic.py:433: FutureWarning: Default solver will be changed to 'lbfgs' in 0.22. Specify a solver to silence this warning.
  FutureWarning)
/usr/local/lib/python3.5/dist-packages/sklearn/linear_model/logistic.py:433: FutureWarning: Default solver will be changed to 'lbfgs' in 0.22. Specify a solver to silence this warning.
  FutureWarning)

训练数据：特色词条1807条,非特色词条:5390条
测试数据：特色词条201条,非特色词条:599条
{'f1': 0.8063660477453581, 'r': 0.7562189054726368, 'acc': 0.90875, 'p': 0.8636363636363636}
训练数据：特色词条1807条,非特色词条:5390条
测试数据：特色词条201条,非特色词条:599条
{'f1': 0.8373333333333333, 'r': 0.7810945273631841, 'acc': 0.92375, 'p': 0.9022988505747126}
训练数据：特色词条1807条,非特色词条:5390条
测试数据：特色词条201条,非特色词条:599条
{'f1': 0.7777777777777778, 'r': 0.6965174129353234, 'acc': 0.9, 'p': 0.8805031446540881}
训练数据：特色词条1807条,非特色词条:5390条
测试数据：特色词条201条,非特色词条:599条
{'f1': 0.830188679245283, 'r': 0.7661691542288557, 'acc': 0.92125, 'p': 0.9058823529411765}
训练数据：特色词条1807条,非特色词条:5390条
测试数据：特色词条201条,非特色词条:599条
{'f1': 0.8232189973614776, 'r': 0.7761194029850746, 'acc': 0.91625, 'p': 0.8764044943820225}
训练数据：特色词条1807条,非特色词条:5390条
测试数据：特色词条201条,非特色词条:599条
{'f1': 0.8363636363636364, 'r': 0.8009950248756219, 'acc': 0.92125, 'p': 0.875}
训练数据：特色词条1807条,非特色词条:5390条
测试数据：特色词条201条,非特色词条:599条
{'f1': 0.7771739130434783, 'r': 0.7114427860696517, 'acc': 0.8975, 'p': 0.8562874251497006}
训练数据：特色词条1807条,非特色词条:5390条
测试数据：特色词条201条,非特色词条:599条
{'f1': 0.8126649076517151, 'r': 0.7661691542288557, 'acc': 0.91125, 'p': 0.8651685393258427}
训练数据：特色词条1807条,非特色词条:5390条
测试数据：特色词条201条,非特色词条:599条
{'f1': 0.7946666666666667, 'r': 0.7412935323383084, 'acc': 0.90375, 'p': 0.8563218390804598}
训练数据：特色词条1807条,非特色词条:5390条
测试数据：特色词条201条,非特色词条:599条
{'f1': 0.8288770053475937, 'r': 0.7711442786069652, 'acc': 0.92, 'p': 0.8959537572254336}
训练数据：特色词条1807条,非特色词条:5390条
测试数据：特色词条201条,非特色词条:599条
平均评估参数:精确度:0.8774810293938916,准确度:0.913725,召回率:0.763681592039801,f1值:0.8162832232977781
最大评估参数:精确度:0.9333333333333333,准确度:0.9325,召回率:0.8159203980099502,f1值:0.8571428571428572
