训练数据：特色词条1807条,非特色词条:5390条
测试数据：特色词条201条,非特色词条:599条
t:0,epoch:0
训练数据：特色词条1807条,非特色词条:5390条
测试数据：特色词条201条,非特色词条:599条
t:0,epoch:1
训练数据：特色词条1807条,非特色词条:5390条
测试数据：特色词条201条,非特色词条:599条
t:0,epoch:2
训练数据：特色词条1807条,非特色词条:5390条
测试数据：特色词条201条,非特色词条:599条
t:0,epoch:3
训练数据：特色词条1807条,非特色词条:5390条
测试数据：特色词条201条,非特色词条:599条
t:0,epoch:4
训练数据：特色词条1807条,非特色词条:5390条
测试数据：特色词条201条,非特色词条:599条
t:0,epoch:5
训练数据：特色词条1807条,非特色词条:5390条
测试数据：特色词条201条,非特色词条:599条
t:0,epoch:6
训练数据：特色词条1807条,非特色词条:5390条
测试数据：特色词条201条,非特色词条:599条
t:0,epoch:7
训练数据：特色词条1807条,非特色词条:5390条
测试数据：特色词条201条,非特色词条:599条
t:0,epoch:8
训练数据：特色词条1807条,非特色词条:5390条
测试数据：特色词条201条,非特色词条:599条
t:0,epoch:9
训练数据：特色词条1807条,非特色词条:5390条
测试数据：特色词条201条,非特色词条:599条
t:0,epoch:10
训练数据：特色词条1807条,非特色词条:5390条
测试数据：特色词条201条,非特色词条:599条
t:0,epoch:11
训练数据：特色词条1807条,非特色词条:5390条
测试数据：特色词条201条,非特色词条:599条
t:0,epoch:12
训练数据：特色词条1807条,非特色词条:5390条
测试数据：特色词条201条,非特色词条:599条
t:0,epoch:13
训练数据：特色词条1807条,非特色词条:5390条
测试数据：特色词条201条,非特色词条:599条
t:0,epoch:14
训练数据：特色词条1807条,非特色词条:5390条
测试数据：特色词条201条,非特色词条:599条
t:0,epoch:15
训练数据：特色词条1807条,非特色词条:5390条
测试数据：特色词条201条,非特色词条:599条
t:0,epoch:16
训练数据：特色词条1807条,非特色词条:5390条
测试数据：特色词条201条,非特色词条:599条
t:0,epoch:17
训练数据：特色词条1807条,非特色词条:5390条
测试数据：特色词条201条,非特色词条:599条
t:0,epoch:18
训练数据：特色词条1807条,非特色词条:5390条
测试数据：特色词条201条,非特色词条:599条
t:0,epoch:19
训练数据：特色词条1807条,非特色词条:5390条
测试数据：特色词条201条,非特色词条:599条
t:0,epoch:20
训练数据：特色词条1807条,非特色词条:5390条
测试数据：特色词条201条,非特色词条:599条
t:0,epoch:21
训练数据：特色词条1807条,非特色词条:5390条
测试数据：特色词条201条,非特色词条:599条
t:0,epoch:22
训练数据：特色词条1807条,非特色词条:5390条
测试数据：特色词条201条,非特色词条:599条
t:0,epoch:23
训练数据：特色词条1807条,非特色词条:5390条
测试数据：特色词条201条,非特色词条:599条
t:0,epoch:24
训练数据：特色词条1807条,非特色词条:5390条
测试数据：特色词条201条,非特色词条:599条
t:0,epoch:25
训练数据：特色词条1807条,非特色词条:5390条
测试数据：特色词条201条,非特色词条:599条
t:0,epoch:26
训练数据：特色词条1807条,非特色词条:5390条
测试数据：特色词条201条,非特色词条:599条
t:0,epoch:27
训练数据：特色词条1807条,非特色词条:5390条
测试数据：特色词条201条,非特色词条:599条
t:0,epoch:28
训练数据：特色词条1807条,非特色词条:5390条
测试数据：特色词条201条,非特色词条:599条
t:0,epoch:29
训练数据：特色词条1807条,非特色词条:5390条
测试数据：特色词条201条,非特色词条:599条
t:0,epoch:30
训练数据：特色词条1807条,非特色词条:5390条
测试数据：特色词条201条,非特色词条:599条
t:0,epoch:31
训练数据：特色词条1807条,非特色词条:5390条
测试数据：特色词条201条,非特色词条:599条
t:0,epoch:32
训练数据：特色词条1807条,非特色词条:5390条
测试数据：特色词条201条,非特色词条:599条
t:0,epoch:33
训练数据：特色词条1807条,非特色词条:5390条
测试数据：特色词条201条,非特色词条:599条
t:0,epoch:34
训练数据：特色词条1807条,非特色词条:5390条
测试数据：特色词条201条,非特色词条:599条
t:0,epoch:35
训练数据：特色词条1807条,非特色词条:5390条
测试数据：特色词条201条,非特色词条:599条
t:0,epoch:36
训练数据：特色词条1807条,非特色词条:5390条
测试数据：特色词条201条,非特色词条:599条
t:0,epoch:37
训练数据：特色词条1807条,非特色词条:5390条
测试数据：特色词条201条,非特色词条:599条
t:0,epoch:38
训练数据：特色词条1807条,非特色词条:5390条
测试数据：特色词条201条,非特色词条:599条
t:0,epoch:39
训练数据：特色词条1807条,非特色词条:5390条
测试数据：特色词条201条,非特色词条:599条
t:0,epoch:40
训练数据：特色词条1807条,非特色词条:5390条
测试数据：特色词条201条,非特色词条:599条
t:0,epoch:41
训练数据：特色词条1807条,非特色词条:5390条
测试数据：特色词条201条,非特色词条:599条
t:0,epoch:42
训练数据：特色词条1807条,非特色词条:5390条
测试数据：特色词条201条,非特色词条:599条
t:0,epoch:43
训练数据：特色词条1807条,非特色词条:5390条
测试数据：特色词条201条,非特色词条:599条
t:0,epoch:44
训练数据：特色词条1807条,非特色词条:5390条
测试数据：特色词条201条,非特色词条:599条
t:0,epoch:45
训练数据：特色词条1807条,非特色词条:5390条
测试数据：特色词条201条,非特色词条:599条
t:0,epoch:46
训练数据：特色词条1807条,非特色词条:5390条
测试数据：特色词条201条,非特色词条:599条
t:0,epoch:47
训练数据：特色词条1807条,非特色词条:5390条
测试数据：特色词条201条,非特色词条:599条
t:0,epoch:48
训练数据：特色词条1807条,非特色词条:5390条
测试数据：特色词条201条,非特色词条:599条
t:0,epoch:49
训练数据：特色词条1807条,非特色词条:5390条
测试数据：特色词条201条,非特色词条:599条
平均评估参数:精确度:0.904912897619593,准确度:0.939375,召回率:0.8483582089552238,f1值:0.8753718296672927
{'p': 0.904912897619593, 'f1': 0.8753718296672927, 'acc': 0.939375, 'r': 0.8483582089552238}
最大评估参数:精确度:0.9593023255813954,准确度:0.955,召回率:0.9054726368159204,f1值:0.9086294416243654
t:1,epoch:0
训练数据：特色词条1807条,非特色词条:5390条
测试数据：特色词条201条,非特色词条:599条
t:1,epoch:1
训练数据：特色词条1807条,非特色词条:5390条
测试数据：特色词条201条,非特色词条:599条
t:1,epoch:2
训练数据：特色词条1807条,非特色词条:5390条
测试数据：特色词条201条,非特色词条:599条
t:1,epoch:3
训练数据：特色词条1807条,非特色词条:5390条
测试数据：特色词条201条,非特色词条:599条
t:1,epoch:4
训练数据：特色词条1807条,非特色词条:5390条
测试数据：特色词条201条,非特色词条:599条
t:1,epoch:5
训练数据：特色词条1807条,非特色词条:5390条
测试数据：特色词条201条,非特色词条:599条
t:1,epoch:6
训练数据：特色词条1807条,非特色词条:5390条
测试数据：特色词条201条,非特色词条:599条
t:1,epoch:7
训练数据：特色词条1807条,非特色词条:5390条
测试数据：特色词条201条,非特色词条:599条
t:1,epoch:8
训练数据：特色词条1807条,非特色词条:5390条
测试数据：特色词条201条,非特色词条:599条
t:1,epoch:9
训练数据：特色词条1807条,非特色词条:5390条
测试数据：特色词条201条,非特色词条:599条
t:1,epoch:10
训练数据：特色词条1807条,非特色词条:5390条
测试数据：特色词条201条,非特色词条:599条
t:1,epoch:11
训练数据：特色词条1807条,非特色词条:5390条
测试数据：特色词条201条,非特色词条:599条
t:1,epoch:12
训练数据：特色词条1807条,非特色词条:5390条
测试数据：特色词条201条,非特色词条:599条
t:1,epoch:13
训练数据：特色词条1807条,非特色词条:5390条
测试数据：特色词条201条,非特色词条:599条
t:1,epoch:14
训练数据：特色词条1807条,非特色词条:5390条
测试数据：特色词条201条,非特色词条:599条
t:1,epoch:15
训练数据：特色词条1807条,非特色词条:5390条
测试数据：特色词条201条,非特色词条:599条
t:1,epoch:16
训练数据：特色词条1807条,非特色词条:5390条
测试数据：特色词条201条,非特色词条:599条
t:1,epoch:17
训练数据：特色词条1807条,非特色词条:5390条
测试数据：特色词条201条,非特色词条:599条
t:1,epoch:18
训练数据：特色词条1807条,非特色词条:5390条
测试数据：特色词条201条,非特色词条:599条
t:1,epoch:19
训练数据：特色词条1807条,非特色词条:5390条
测试数据：特色词条201条,非特色词条:599条
t:1,epoch:20
训练数据：特色词条1807条,非特色词条:5390条
测试数据：特色词条201条,非特色词条:599条
t:1,epoch:21
训练数据：特色词条1807条,非特色词条:5390条
测试数据：特色词条201条,非特色词条:599条
t:1,epoch:22
训练数据：特色词条1807条,非特色词条:5390条
测试数据：特色词条201条,非特色词条:599条
t:1,epoch:23
训练数据：特色词条1807条,非特色词条:5390条
测试数据：特色词条201条,非特色词条:599条
t:1,epoch:24
训练数据：特色词条1807条,非特色词条:5390条
测试数据：特色词条201条,非特色词条:599条
t:1,epoch:25
训练数据：特色词条1807条,非特色词条:5390条
测试数据：特色词条201条,非特色词条:599条
t:1,epoch:26
训练数据：特色词条1807条,非特色词条:5390条
测试数据：特色词条201条,非特色词条:599条
t:1,epoch:27
训练数据：特色词条1807条,非特色词条:5390条
测试数据：特色词条201条,非特色词条:599条
t:1,epoch:28
训练数据：特色词条1807条,非特色词条:5390条
测试数据：特色词条201条,非特色词条:599条
t:1,epoch:29
训练数据：特色词条1807条,非特色词条:5390条
测试数据：特色词条201条,非特色词条:599条
t:1,epoch:30
训练数据：特色词条1807条,非特色词条:5390条
测试数据：特色词条201条,非特色词条:599条
t:1,epoch:31
训练数据：特色词条1807条,非特色词条:5390条
测试数据：特色词条201条,非特色词条:599条
t:1,epoch:32
训练数据：特色词条1807条,非特色词条:5390条
测试数据：特色词条201条,非特色词条:599条
t:1,epoch:33
训练数据：特色词条1807条,非特色词条:5390条
测试数据：特色词条201条,非特色词条:599条
t:1,epoch:34
训练数据：特色词条1807条,非特色词条:5390条
测试数据：特色词条201条,非特色词条:599条
t:1,epoch:35
训练数据：特色词条1807条,非特色词条:5390条
测试数据：特色词条201条,非特色词条:599条
t:1,epoch:36
训练数据：特色词条1807条,非特色词条:5390条
测试数据：特色词条201条,非特色词条:599条
t:1,epoch:37
训练数据：特色词条1807条,非特色词条:5390条
测试数据：特色词条201条,非特色词条:599条
t:1,epoch:38
训练数据：特色词条1807条,非特色词条:5390条
测试数据：特色词条201条,非特色词条:599条
t:1,epoch:39
训练数据：特色词条1807条,非特色词条:5390条
测试数据：特色词条201条,非特色词条:599条
t:1,epoch:40
训练数据：特色词条1807条,非特色词条:5390条
测试数据：特色词条201条,非特色词条:599条
t:1,epoch:41
训练数据：特色词条1807条,非特色词条:5390条
测试数据：特色词条201条,非特色词条:599条
t:1,epoch:42
训练数据：特色词条1807条,非特色词条:5390条
测试数据：特色词条201条,非特色词条:599条
t:1,epoch:43
训练数据：特色词条1807条,非特色词条:5390条
测试数据：特色词条201条,非特色词条:599条
t:1,epoch:44
训练数据：特色词条1807条,非特色词条:5390条
测试数据：特色词条201条,非特色词条:599条
t:1,epoch:45
训练数据：特色词条1807条,非特色词条:5390条
测试数据：特色词条201条,非特色词条:599条
t:1,epoch:46
训练数据：特色词条1807条,非特色词条:5390条
测试数据：特色词条201条,非特色词条:599条
t:1,epoch:47
训练数据：特色词条1807条,非特色词条:5390条
测试数据：特色词条201条,非特色词条:599条
t:1,epoch:48
训练数据：特色词条1807条,非特色词条:5390条
测试数据：特色词条201条,非特色词条:599条
t:1,epoch:49
训练数据：特色词条1807条,非特色词条:5390条
测试数据：特色词条201条,非特色词条:599条
平均评估参数:精确度:0.9080230424549073,准确度:0.9389750000000002,召回率:0.8429850746268657,f1值:0.8739454897830202
{'p': 0.9080230424549073, 'f1': 0.8739454897830202, 'acc': 0.9389750000000002, 'r': 0.8429850746268657}
最大评估参数:精确度:0.9602272727272727,准确度:0.955,召回率:0.9054726368159204,f1值:0.9086294416243654
t:2,epoch:0
训练数据：特色词条1807条,非特色词条:5390条
测试数据：特色词条201条,非特色词条:599条
t:2,epoch:1
训练数据：特色词条1807条,非特色词条:5390条
测试数据：特色词条201条,非特色词条:599条
t:2,epoch:2
训练数据：特色词条1807条,非特色词条:5390条
测试数据：特色词条201条,非特色词条:599条
t:2,epoch:3
训练数据：特色词条1807条,非特色词条:5390条
测试数据：特色词条201条,非特色词条:599条
t:2,epoch:4
训练数据：特色词条1807条,非特色词条:5390条
测试数据：特色词条201条,非特色词条:599条
t:2,epoch:5
训练数据：特色词条1807条,非特色词条:5390条
测试数据：特色词条201条,非特色词条:599条
t:2,epoch:6
训练数据：特色词条1807条,非特色词条:5390条
测试数据：特色词条201条,非特色词条:599条
t:2,epoch:7
训练数据：特色词条1807条,非特色词条:5390条
测试数据：特色词条201条,非特色词条:599条
t:2,epoch:8
训练数据：特色词条1807条,非特色词条:5390条
测试数据：特色词条201条,非特色词条:599条
t:2,epoch:9
训练数据：特色词条1807条,非特色词条:5390条
测试数据：特色词条201条,非特色词条:599条
t:2,epoch:10
训练数据：特色词条1807条,非特色词条:5390条
测试数据：特色词条201条,非特色词条:599条
t:2,epoch:11
训练数据：特色词条1807条,非特色词条:5390条
测试数据：特色词条201条,非特色词条:599条
t:2,epoch:12
训练数据：特色词条1807条,非特色词条:5390条
测试数据：特色词条201条,非特色词条:599条
t:2,epoch:13
训练数据：特色词条1807条,非特色词条:5390条
测试数据：特色词条201条,非特色词条:599条
t:2,epoch:14
训练数据：特色词条1807条,非特色词条:5390条
测试数据：特色词条201条,非特色词条:599条
t:2,epoch:15
训练数据：特色词条1807条,非特色词条:5390条
测试数据：特色词条201条,非特色词条:599条
t:2,epoch:16
训练数据：特色词条1807条,非特色词条:5390条
测试数据：特色词条201条,非特色词条:599条
t:2,epoch:17
训练数据：特色词条1807条,非特色词条:5390条
测试数据：特色词条201条,非特色词条:599条
t:2,epoch:18
训练数据：特色词条1807条,非特色词条:5390条
测试数据：特色词条201条,非特色词条:599条
t:2,epoch:19
训练数据：特色词条1807条,非特色词条:5390条
测试数据：特色词条201条,非特色词条:599条
t:2,epoch:20
训练数据：特色词条1807条,非特色词条:5390条
测试数据：特色词条201条,非特色词条:599条
t:2,epoch:21
训练数据：特色词条1807条,非特色词条:5390条
测试数据：特色词条201条,非特色词条:599条
t:2,epoch:22
训练数据：特色词条1807条,非特色词条:5390条
测试数据：特色词条201条,非特色词条:599条
t:2,epoch:23
训练数据：特色词条1807条,非特色词条:5390条
测试数据：特色词条201条,非特色词条:599条
t:2,epoch:24
训练数据：特色词条1807条,非特色词条:5390条
测试数据：特色词条201条,非特色词条:599条
t:2,epoch:25
训练数据：特色词条1807条,非特色词条:5390条
测试数据：特色词条201条,非特色词条:599条
t:2,epoch:26
训练数据：特色词条1807条,非特色词条:5390条
测试数据：特色词条201条,非特色词条:599条
t:2,epoch:27
训练数据：特色词条1807条,非特色词条:5390条
测试数据：特色词条201条,非特色词条:599条
t:2,epoch:28
训练数据：特色词条1807条,非特色词条:5390条
测试数据：特色词条201条,非特色词条:599条
t:2,epoch:29
训练数据：特色词条1807条,非特色词条:5390条
测试数据：特色词条201条,非特色词条:599条
t:2,epoch:30
训练数据：特色词条1807条,非特色词条:5390条
测试数据：特色词条201条,非特色词条:599条
t:2,epoch:31
训练数据：特色词条1807条,非特色词条:5390条
测试数据：特色词条201条,非特色词条:599条
t:2,epoch:32
训练数据：特色词条1807条,非特色词条:5390条
测试数据：特色词条201条,非特色词条:599条
t:2,epoch:33
训练数据：特色词条1807条,非特色词条:5390条
测试数据：特色词条201条,非特色词条:599条
t:2,epoch:34
训练数据：特色词条1807条,非特色词条:5390条
测试数据：特色词条201条,非特色词条:599条
t:2,epoch:35
训练数据：特色词条1807条,非特色词条:5390条
测试数据：特色词条201条,非特色词条:599条
t:2,epoch:36
训练数据：特色词条1807条,非特色词条:5390条
测试数据：特色词条201条,非特色词条:599条
t:2,epoch:37
训练数据：特色词条1807条,非特色词条:5390条
测试数据：特色词条201条,非特色词条:599条
t:2,epoch:38
训练数据：特色词条1807条,非特色词条:5390条
测试数据：特色词条201条,非特色词条:599条
t:2,epoch:39
训练数据：特色词条1807条,非特色词条:5390条
测试数据：特色词条201条,非特色词条:599条
t:2,epoch:40
训练数据：特色词条1807条,非特色词条:5390条
测试数据：特色词条201条,非特色词条:599条
t:2,epoch:41
训练数据：特色词条1807条,非特色词条:5390条
测试数据：特色词条201条,非特色词条:599条
t:2,epoch:42
训练数据：特色词条1807条,非特色词条:5390条
测试数据：特色词条201条,非特色词条:599条
t:2,epoch:43
训练数据：特色词条1807条,非特色词条:5390条
测试数据：特色词条201条,非特色词条:599条
t:2,epoch:44
训练数据：特色词条1807条,非特色词条:5390条
测试数据：特色词条201条,非特色词条:599条
t:2,epoch:45
训练数据：特色词条1807条,非特色词条:5390条
测试数据：特色词条201条,非特色词条:599条
t:2,epoch:46
训练数据：特色词条1807条,非特色词条:5390条
测试数据：特色词条201条,非特色词条:599条
t:2,epoch:47
训练数据：特色词条1807条,非特色词条:5390条
测试数据：特色词条201条,非特色词条:599条
t:2,epoch:48
训练数据：特色词条1807条,非特色词条:5390条
测试数据：特色词条201条,非特色词条:599条
t:2,epoch:49
训练数据：特色词条1807条,非特色词条:5390条
测试数据：特色词条201条,非特色词条:599条
平均评估参数:精确度:0.9038225575185111,准确度:0.9379750000000001,召回率:0.8432835820895521,f1值:0.872107835655301
{'p': 0.9038225575185111, 'f1': 0.872107835655301, 'acc': 0.9379750000000001, 'r': 0.8432835820895521}
最大评估参数:精确度:0.9602272727272727,准确度:0.955,召回率:0.9054726368159204,f1值:0.9086294416243654
t:3,epoch:0
训练数据：特色词条1807条,非特色词条:5390条
测试数据：特色词条201条,非特色词条:599条
t:3,epoch:1
训练数据：特色词条1807条,非特色词条:5390条
测试数据：特色词条201条,非特色词条:599条
t:3,epoch:2
训练数据：特色词条1807条,非特色词条:5390条
测试数据：特色词条201条,非特色词条:599条
t:3,epoch:3
训练数据：特色词条1807条,非特色词条:5390条
测试数据：特色词条201条,非特色词条:599条
t:3,epoch:4
训练数据：特色词条1807条,非特色词条:5390条
测试数据：特色词条201条,非特色词条:599条
t:3,epoch:5
训练数据：特色词条1807条,非特色词条:5390条
测试数据：特色词条201条,非特色词条:599条
t:3,epoch:6
训练数据：特色词条1807条,非特色词条:5390条
测试数据：特色词条201条,非特色词条:599条
t:3,epoch:7
训练数据：特色词条1807条,非特色词条:5390条
测试数据：特色词条201条,非特色词条:599条
t:3,epoch:8
训练数据：特色词条1807条,非特色词条:5390条
测试数据：特色词条201条,非特色词条:599条
t:3,epoch:9
训练数据：特色词条1807条,非特色词条:5390条
测试数据：特色词条201条,非特色词条:599条
t:3,epoch:10
训练数据：特色词条1807条,非特色词条:5390条
测试数据：特色词条201条,非特色词条:599条
t:3,epoch:11
训练数据：特色词条1807条,非特色词条:5390条
测试数据：特色词条201条,非特色词条:599条
t:3,epoch:12
训练数据：特色词条1807条,非特色词条:5390条
测试数据：特色词条201条,非特色词条:599条
t:3,epoch:13
训练数据：特色词条1807条,非特色词条:5390条
测试数据：特色词条201条,非特色词条:599条
t:3,epoch:14
训练数据：特色词条1807条,非特色词条:5390条
测试数据：特色词条201条,非特色词条:599条
t:3,epoch:15
训练数据：特色词条1807条,非特色词条:5390条
测试数据：特色词条201条,非特色词条:599条
t:3,epoch:16
训练数据：特色词条1807条,非特色词条:5390条
测试数据：特色词条201条,非特色词条:599条
t:3,epoch:17
训练数据：特色词条1807条,非特色词条:5390条
测试数据：特色词条201条,非特色词条:599条
t:3,epoch:18
训练数据：特色词条1807条,非特色词条:5390条
测试数据：特色词条201条,非特色词条:599条
t:3,epoch:19
训练数据：特色词条1807条,非特色词条:5390条
测试数据：特色词条201条,非特色词条:599条
t:3,epoch:20
训练数据：特色词条1807条,非特色词条:5390条
测试数据：特色词条201条,非特色词条:599条
t:3,epoch:21
训练数据：特色词条1807条,非特色词条:5390条
测试数据：特色词条201条,非特色词条:599条
t:3,epoch:22
训练数据：特色词条1807条,非特色词条:5390条
测试数据：特色词条201条,非特色词条:599条
t:3,epoch:23
训练数据：特色词条1807条,非特色词条:5390条
测试数据：特色词条201条,非特色词条:599条
t:3,epoch:24
训练数据：特色词条1807条,非特色词条:5390条
测试数据：特色词条201条,非特色词条:599条
t:3,epoch:25
训练数据：特色词条1807条,非特色词条:5390条
测试数据：特色词条201条,非特色词条:599条
t:3,epoch:26
训练数据：特色词条1807条,非特色词条:5390条
测试数据：特色词条201条,非特色词条:599条
t:3,epoch:27
训练数据：特色词条1807条,非特色词条:5390条
测试数据：特色词条201条,非特色词条:599条
t:3,epoch:28
训练数据：特色词条1807条,非特色词条:5390条
测试数据：特色词条201条,非特色词条:599条
t:3,epoch:29
训练数据：特色词条1807条,非特色词条:5390条
测试数据：特色词条201条,非特色词条:599条
t:3,epoch:30
训练数据：特色词条1807条,非特色词条:5390条
测试数据：特色词条201条,非特色词条:599条
t:3,epoch:31
训练数据：特色词条1807条,非特色词条:5390条
测试数据：特色词条201条,非特色词条:599条
t:3,epoch:32
训练数据：特色词条1807条,非特色词条:5390条
测试数据：特色词条201条,非特色词条:599条
t:3,epoch:33
训练数据：特色词条1807条,非特色词条:5390条
测试数据：特色词条201条,非特色词条:599条
t:3,epoch:34
训练数据：特色词条1807条,非特色词条:5390条
测试数据：特色词条201条,非特色词条:599条
t:3,epoch:35
训练数据：特色词条1807条,非特色词条:5390条
测试数据：特色词条201条,非特色词条:599条
t:3,epoch:36
训练数据：特色词条1807条,非特色词条:5390条
测试数据：特色词条201条,非特色词条:599条
t:3,epoch:37
训练数据：特色词条1807条,非特色词条:5390条
测试数据：特色词条201条,非特色词条:599条
t:3,epoch:38
训练数据：特色词条1807条,非特色词条:5390条
测试数据：特色词条201条,非特色词条:599条
t:3,epoch:39
训练数据：特色词条1807条,非特色词条:5390条
测试数据：特色词条201条,非特色词条:599条
t:3,epoch:40
训练数据：特色词条1807条,非特色词条:5390条
测试数据：特色词条201条,非特色词条:599条
t:3,epoch:41
训练数据：特色词条1807条,非特色词条:5390条
测试数据：特色词条201条,非特色词条:599条
t:3,epoch:42
训练数据：特色词条1807条,非特色词条:5390条
测试数据：特色词条201条,非特色词条:599条
t:3,epoch:43
训练数据：特色词条1807条,非特色词条:5390条
测试数据：特色词条201条,非特色词条:599条
t:3,epoch:44
训练数据：特色词条1807条,非特色词条:5390条
测试数据：特色词条201条,非特色词条:599条
t:3,epoch:45
训练数据：特色词条1807条,非特色词条:5390条
测试数据：特色词条201条,非特色词条:599条
t:3,epoch:46
训练数据：特色词条1807条,非特色词条:5390条
测试数据：特色词条201条,非特色词条:599条
t:3,epoch:47
训练数据：特色词条1807条,非特色词条:5390条
测试数据：特色词条201条,非特色词条:599条
t:3,epoch:48
训练数据：特色词条1807条,非特色词条:5390条
测试数据：特色词条201条,非特色词条:599条
t:3,epoch:49
训练数据：特色词条1807条,非特色词条:5390条
测试数据：特色词条201条,非特色词条:599条
平均评估参数:精确度:0.906394214582666,准确度:0.9387750000000002,召回率:0.8441791044776124,f1值:0.8737721181709378
{'p': 0.906394214582666, 'f1': 0.8737721181709378, 'acc': 0.9387750000000002, 'r': 0.8441791044776124}
最大评估参数:精确度:0.9602272727272727,准确度:0.955,召回率:0.9054726368159204,f1值:0.9086294416243654
t:4,epoch:0
训练数据：特色词条1807条,非特色词条:5390条
测试数据：特色词条201条,非特色词条:599条
t:4,epoch:1
训练数据：特色词条1807条,非特色词条:5390条
测试数据：特色词条201条,非特色词条:599条
t:4,epoch:2
训练数据：特色词条1807条,非特色词条:5390条
测试数据：特色词条201条,非特色词条:599条
t:4,epoch:3
训练数据：特色词条1807条,非特色词条:5390条
测试数据：特色词条201条,非特色词条:599条
t:4,epoch:4
训练数据：特色词条1807条,非特色词条:5390条
测试数据：特色词条201条,非特色词条:599条
t:4,epoch:5
训练数据：特色词条1807条,非特色词条:5390条
测试数据：特色词条201条,非特色词条:599条
t:4,epoch:6
训练数据：特色词条1807条,非特色词条:5390条
测试数据：特色词条201条,非特色词条:599条
t:4,epoch:7
训练数据：特色词条1807条,非特色词条:5390条
测试数据：特色词条201条,非特色词条:599条
t:4,epoch:8
训练数据：特色词条1807条,非特色词条:5390条
测试数据：特色词条201条,非特色词条:599条
t:4,epoch:9
训练数据：特色词条1807条,非特色词条:5390条
测试数据：特色词条201条,非特色词条:599条
t:4,epoch:10
训练数据：特色词条1807条,非特色词条:5390条
测试数据：特色词条201条,非特色词条:599条
t:4,epoch:11
训练数据：特色词条1807条,非特色词条:5390条
测试数据：特色词条201条,非特色词条:599条
t:4,epoch:12
训练数据：特色词条1807条,非特色词条:5390条
测试数据：特色词条201条,非特色词条:599条
t:4,epoch:13
训练数据：特色词条1807条,非特色词条:5390条
测试数据：特色词条201条,非特色词条:599条
t:4,epoch:14
训练数据：特色词条1807条,非特色词条:5390条
测试数据：特色词条201条,非特色词条:599条
t:4,epoch:15
训练数据：特色词条1807条,非特色词条:5390条
测试数据：特色词条201条,非特色词条:599条
t:4,epoch:16
训练数据：特色词条1807条,非特色词条:5390条
测试数据：特色词条201条,非特色词条:599条
t:4,epoch:17
训练数据：特色词条1807条,非特色词条:5390条
测试数据：特色词条201条,非特色词条:599条
t:4,epoch:18
训练数据：特色词条1807条,非特色词条:5390条
测试数据：特色词条201条,非特色词条:599条
t:4,epoch:19
训练数据：特色词条1807条,非特色词条:5390条
测试数据：特色词条201条,非特色词条:599条
t:4,epoch:20
训练数据：特色词条1807条,非特色词条:5390条
测试数据：特色词条201条,非特色词条:599条
t:4,epoch:21
训练数据：特色词条1807条,非特色词条:5390条
测试数据：特色词条201条,非特色词条:599条
t:4,epoch:22
训练数据：特色词条1807条,非特色词条:5390条
测试数据：特色词条201条,非特色词条:599条
t:4,epoch:23
训练数据：特色词条1807条,非特色词条:5390条
测试数据：特色词条201条,非特色词条:599条
t:4,epoch:24
训练数据：特色词条1807条,非特色词条:5390条
测试数据：特色词条201条,非特色词条:599条
t:4,epoch:25
训练数据：特色词条1807条,非特色词条:5390条
测试数据：特色词条201条,非特色词条:599条
t:4,epoch:26
训练数据：特色词条1807条,非特色词条:5390条
测试数据：特色词条201条,非特色词条:599条
t:4,epoch:27
训练数据：特色词条1807条,非特色词条:5390条
测试数据：特色词条201条,非特色词条:599条
t:4,epoch:28
训练数据：特色词条1807条,非特色词条:5390条
测试数据：特色词条201条,非特色词条:599条
t:4,epoch:29
训练数据：特色词条1807条,非特色词条:5390条
测试数据：特色词条201条,非特色词条:599条
t:4,epoch:30
训练数据：特色词条1807条,非特色词条:5390条
测试数据：特色词条201条,非特色词条:599条
t:4,epoch:31
训练数据：特色词条1807条,非特色词条:5390条
测试数据：特色词条201条,非特色词条:599条
t:4,epoch:32
训练数据：特色词条1807条,非特色词条:5390条
测试数据：特色词条201条,非特色词条:599条
t:4,epoch:33
训练数据：特色词条1807条,非特色词条:5390条
测试数据：特色词条201条,非特色词条:599条
t:4,epoch:34
训练数据：特色词条1807条,非特色词条:5390条
测试数据：特色词条201条,非特色词条:599条
t:4,epoch:35
训练数据：特色词条1807条,非特色词条:5390条
测试数据：特色词条201条,非特色词条:599条
t:4,epoch:36
训练数据：特色词条1807条,非特色词条:5390条
测试数据：特色词条201条,非特色词条:599条
t:4,epoch:37
训练数据：特色词条1807条,非特色词条:5390条
测试数据：特色词条201条,非特色词条:599条
t:4,epoch:38
训练数据：特色词条1807条,非特色词条:5390条
测试数据：特色词条201条,非特色词条:599条
t:4,epoch:39
训练数据：特色词条1807条,非特色词条:5390条
测试数据：特色词条201条,非特色词条:599条
t:4,epoch:40
训练数据：特色词条1807条,非特色词条:5390条
测试数据：特色词条201条,非特色词条:599条
t:4,epoch:41
训练数据：特色词条1807条,非特色词条:5390条
测试数据：特色词条201条,非特色词条:599条
t:4,epoch:42
训练数据：特色词条1807条,非特色词条:5390条
测试数据：特色词条201条,非特色词条:599条
t:4,epoch:43
训练数据：特色词条1807条,非特色词条:5390条
测试数据：特色词条201条,非特色词条:599条
t:4,epoch:44
训练数据：特色词条1807条,非特色词条:5390条
测试数据：特色词条201条,非特色词条:599条
t:4,epoch:45
训练数据：特色词条1807条,非特色词条:5390条
测试数据：特色词条201条,非特色词条:599条
t:4,epoch:46
训练数据：特色词条1807条,非特色词条:5390条
测试数据：特色词条201条,非特色词条:599条
t:4,epoch:47
训练数据：特色词条1807条,非特色词条:5390条
测试数据：特色词条201条,非特色词条:599条
t:4,epoch:48
训练数据：特色词条1807条,非特色词条:5390条
测试数据：特色词条201条,非特色词条:599条
t:4,epoch:49
训练数据：特色词条1807条,非特色词条:5390条
测试数据：特色词条201条,非特色词条:599条
平均评估参数:精确度:0.9029442177718611,准确度:0.939375,召回率:0.8507462686567167,f1值:0.8757177601556727
{'p': 0.9029442177718611, 'f1': 0.8757177601556727, 'acc': 0.939375, 'r': 0.8507462686567167}
最大评估参数:精确度:0.9719101123595506,准确度:0.95875,召回率:0.9054726368159204,f1值:0.9129287598944591
t:5,epoch:0
训练数据：特色词条1807条,非特色词条:5390条
测试数据：特色词条201条,非特色词条:599条
t:5,epoch:1
训练数据：特色词条1807条,非特色词条:5390条
测试数据：特色词条201条,非特色词条:599条
t:5,epoch:2
训练数据：特色词条1807条,非特色词条:5390条
测试数据：特色词条201条,非特色词条:599条
t:5,epoch:3
训练数据：特色词条1807条,非特色词条:5390条
测试数据：特色词条201条,非特色词条:599条
t:5,epoch:4
训练数据：特色词条1807条,非特色词条:5390条
测试数据：特色词条201条,非特色词条:599条
t:5,epoch:5
训练数据：特色词条1807条,非特色词条:5390条
测试数据：特色词条201条,非特色词条:599条
t:5,epoch:6
训练数据：特色词条1807条,非特色词条:5390条
测试数据：特色词条201条,非特色词条:599条
t:5,epoch:7
训练数据：特色词条1807条,非特色词条:5390条
测试数据：特色词条201条,非特色词条:599条
t:5,epoch:8
训练数据：特色词条1807条,非特色词条:5390条
测试数据：特色词条201条,非特色词条:599条
t:5,epoch:9
训练数据：特色词条1807条,非特色词条:5390条
测试数据：特色词条201条,非特色词条:599条
t:5,epoch:10
训练数据：特色词条1807条,非特色词条:5390条
测试数据：特色词条201条,非特色词条:599条
t:5,epoch:11
训练数据：特色词条1807条,非特色词条:5390条
测试数据：特色词条201条,非特色词条:599条
t:5,epoch:12
训练数据：特色词条1807条,非特色词条:5390条
测试数据：特色词条201条,非特色词条:599条
t:5,epoch:13
训练数据：特色词条1807条,非特色词条:5390条
测试数据：特色词条201条,非特色词条:599条
t:5,epoch:14
训练数据：特色词条1807条,非特色词条:5390条
测试数据：特色词条201条,非特色词条:599条
t:5,epoch:15
训练数据：特色词条1807条,非特色词条:5390条
测试数据：特色词条201条,非特色词条:599条
t:5,epoch:16
训练数据：特色词条1807条,非特色词条:5390条
测试数据：特色词条201条,非特色词条:599条
t:5,epoch:17
训练数据：特色词条1807条,非特色词条:5390条
测试数据：特色词条201条,非特色词条:599条
t:5,epoch:18
训练数据：特色词条1807条,非特色词条:5390条
测试数据：特色词条201条,非特色词条:599条
t:5,epoch:19
训练数据：特色词条1807条,非特色词条:5390条
测试数据：特色词条201条,非特色词条:599条
t:5,epoch:20
训练数据：特色词条1807条,非特色词条:5390条
测试数据：特色词条201条,非特色词条:599条
t:5,epoch:21
训练数据：特色词条1807条,非特色词条:5390条
测试数据：特色词条201条,非特色词条:599条
t:5,epoch:22
训练数据：特色词条1807条,非特色词条:5390条
测试数据：特色词条201条,非特色词条:599条
t:5,epoch:23
训练数据：特色词条1807条,非特色词条:5390条
测试数据：特色词条201条,非特色词条:599条
t:5,epoch:24
训练数据：特色词条1807条,非特色词条:5390条
测试数据：特色词条201条,非特色词条:599条
t:5,epoch:25
训练数据：特色词条1807条,非特色词条:5390条
测试数据：特色词条201条,非特色词条:599条
t:5,epoch:26
训练数据：特色词条1807条,非特色词条:5390条
测试数据：特色词条201条,非特色词条:599条
t:5,epoch:27
训练数据：特色词条1807条,非特色词条:5390条
测试数据：特色词条201条,非特色词条:599条
t:5,epoch:28
训练数据：特色词条1807条,非特色词条:5390条
测试数据：特色词条201条,非特色词条:599条
t:5,epoch:29
训练数据：特色词条1807条,非特色词条:5390条
测试数据：特色词条201条,非特色词条:599条
t:5,epoch:30
训练数据：特色词条1807条,非特色词条:5390条
测试数据：特色词条201条,非特色词条:599条
t:5,epoch:31
训练数据：特色词条1807条,非特色词条:5390条
测试数据：特色词条201条,非特色词条:599条
t:5,epoch:32
训练数据：特色词条1807条,非特色词条:5390条
测试数据：特色词条201条,非特色词条:599条
t:5,epoch:33
训练数据：特色词条1807条,非特色词条:5390条
测试数据：特色词条201条,非特色词条:599条
t:5,epoch:34
训练数据：特色词条1807条,非特色词条:5390条
测试数据：特色词条201条,非特色词条:599条
t:5,epoch:35
训练数据：特色词条1807条,非特色词条:5390条
测试数据：特色词条201条,非特色词条:599条
t:5,epoch:36
训练数据：特色词条1807条,非特色词条:5390条
测试数据：特色词条201条,非特色词条:599条
t:5,epoch:37
训练数据：特色词条1807条,非特色词条:5390条
测试数据：特色词条201条,非特色词条:599条
t:5,epoch:38
训练数据：特色词条1807条,非特色词条:5390条
测试数据：特色词条201条,非特色词条:599条
t:5,epoch:39
训练数据：特色词条1807条,非特色词条:5390条
测试数据：特色词条201条,非特色词条:599条
t:5,epoch:40
训练数据：特色词条1807条,非特色词条:5390条
测试数据：特色词条201条,非特色词条:599条
t:5,epoch:41
训练数据：特色词条1807条,非特色词条:5390条
测试数据：特色词条201条,非特色词条:599条
t:5,epoch:42
训练数据：特色词条1807条,非特色词条:5390条
测试数据：特色词条201条,非特色词条:599条
t:5,epoch:43
训练数据：特色词条1807条,非特色词条:5390条
测试数据：特色词条201条,非特色词条:599条
t:5,epoch:44
训练数据：特色词条1807条,非特色词条:5390条
测试数据：特色词条201条,非特色词条:599条
t:5,epoch:45
训练数据：特色词条1807条,非特色词条:5390条
测试数据：特色词条201条,非特色词条:599条
t:5,epoch:46
训练数据：特色词条1807条,非特色词条:5390条
测试数据：特色词条201条,非特色词条:599条
t:5,epoch:47
训练数据：特色词条1807条,非特色词条:5390条
测试数据：特色词条201条,非特色词条:599条
t:5,epoch:48
训练数据：特色词条1807条,非特色词条:5390条
测试数据：特色词条201条,非特色词条:599条
t:5,epoch:49
训练数据：特色词条1807条,非特色词条:5390条
测试数据：特色词条201条,非特色词条:599条
平均评估参数:精确度:0.9089513548546992,准确度:0.9409999999999998,召回率:0.8509452736318408,f1值:0.8786370321274382
{'p': 0.9089513548546992, 'f1': 0.8786370321274382, 'acc': 0.9409999999999998, 'r': 0.8509452736318408}
最大评估参数:精确度:0.9719101123595506,准确度:0.96,召回率:0.9104477611940298,f1值:0.9195979899497488
t:6,epoch:0
训练数据：特色词条1807条,非特色词条:5390条
测试数据：特色词条201条,非特色词条:599条
t:6,epoch:1
训练数据：特色词条1807条,非特色词条:5390条
测试数据：特色词条201条,非特色词条:599条
t:6,epoch:2
训练数据：特色词条1807条,非特色词条:5390条
测试数据：特色词条201条,非特色词条:599条
t:6,epoch:3
训练数据：特色词条1807条,非特色词条:5390条
测试数据：特色词条201条,非特色词条:599条
t:6,epoch:4
训练数据：特色词条1807条,非特色词条:5390条
测试数据：特色词条201条,非特色词条:599条
t:6,epoch:5
训练数据：特色词条1807条,非特色词条:5390条
测试数据：特色词条201条,非特色词条:599条
t:6,epoch:6
训练数据：特色词条1807条,非特色词条:5390条
测试数据：特色词条201条,非特色词条:599条
t:6,epoch:7
训练数据：特色词条1807条,非特色词条:5390条
测试数据：特色词条201条,非特色词条:599条
t:6,epoch:8
训练数据：特色词条1807条,非特色词条:5390条
测试数据：特色词条201条,非特色词条:599条
t:6,epoch:9
训练数据：特色词条1807条,非特色词条:5390条
测试数据：特色词条201条,非特色词条:599条
t:6,epoch:10
训练数据：特色词条1807条,非特色词条:5390条
测试数据：特色词条201条,非特色词条:599条
t:6,epoch:11
训练数据：特色词条1807条,非特色词条:5390条
测试数据：特色词条201条,非特色词条:599条
t:6,epoch:12
训练数据：特色词条1807条,非特色词条:5390条
测试数据：特色词条201条,非特色词条:599条
t:6,epoch:13
训练数据：特色词条1807条,非特色词条:5390条
测试数据：特色词条201条,非特色词条:599条
t:6,epoch:14
训练数据：特色词条1807条,非特色词条:5390条
测试数据：特色词条201条,非特色词条:599条
t:6,epoch:15
训练数据：特色词条1807条,非特色词条:5390条
测试数据：特色词条201条,非特色词条:599条
t:6,epoch:16
训练数据：特色词条1807条,非特色词条:5390条
测试数据：特色词条201条,非特色词条:599条
t:6,epoch:17
训练数据：特色词条1807条,非特色词条:5390条
测试数据：特色词条201条,非特色词条:599条
t:6,epoch:18
训练数据：特色词条1807条,非特色词条:5390条
测试数据：特色词条201条,非特色词条:599条
t:6,epoch:19
训练数据：特色词条1807条,非特色词条:5390条
测试数据：特色词条201条,非特色词条:599条
t:6,epoch:20
训练数据：特色词条1807条,非特色词条:5390条
测试数据：特色词条201条,非特色词条:599条
t:6,epoch:21
训练数据：特色词条1807条,非特色词条:5390条
测试数据：特色词条201条,非特色词条:599条
t:6,epoch:22
训练数据：特色词条1807条,非特色词条:5390条
测试数据：特色词条201条,非特色词条:599条
t:6,epoch:23
训练数据：特色词条1807条,非特色词条:5390条
测试数据：特色词条201条,非特色词条:599条
t:6,epoch:24
训练数据：特色词条1807条,非特色词条:5390条
测试数据：特色词条201条,非特色词条:599条
t:6,epoch:25
训练数据：特色词条1807条,非特色词条:5390条
测试数据：特色词条201条,非特色词条:599条
t:6,epoch:26
训练数据：特色词条1807条,非特色词条:5390条
测试数据：特色词条201条,非特色词条:599条
t:6,epoch:27
训练数据：特色词条1807条,非特色词条:5390条
测试数据：特色词条201条,非特色词条:599条
t:6,epoch:28
训练数据：特色词条1807条,非特色词条:5390条
测试数据：特色词条201条,非特色词条:599条
t:6,epoch:29
训练数据：特色词条1807条,非特色词条:5390条
测试数据：特色词条201条,非特色词条:599条
t:6,epoch:30
训练数据：特色词条1807条,非特色词条:5390条
测试数据：特色词条201条,非特色词条:599条
t:6,epoch:31
训练数据：特色词条1807条,非特色词条:5390条
测试数据：特色词条201条,非特色词条:599条
t:6,epoch:32
训练数据：特色词条1807条,非特色词条:5390条
测试数据：特色词条201条,非特色词条:599条
t:6,epoch:33
训练数据：特色词条1807条,非特色词条:5390条
测试数据：特色词条201条,非特色词条:599条
t:6,epoch:34
训练数据：特色词条1807条,非特色词条:5390条
测试数据：特色词条201条,非特色词条:599条
t:6,epoch:35
训练数据：特色词条1807条,非特色词条:5390条
测试数据：特色词条201条,非特色词条:599条
t:6,epoch:36
训练数据：特色词条1807条,非特色词条:5390条
测试数据：特色词条201条,非特色词条:599条
t:6,epoch:37
训练数据：特色词条1807条,非特色词条:5390条
测试数据：特色词条201条,非特色词条:599条
t:6,epoch:38
训练数据：特色词条1807条,非特色词条:5390条
测试数据：特色词条201条,非特色词条:599条
t:6,epoch:39
训练数据：特色词条1807条,非特色词条:5390条
测试数据：特色词条201条,非特色词条:599条
t:6,epoch:40
训练数据：特色词条1807条,非特色词条:5390条
测试数据：特色词条201条,非特色词条:599条
t:6,epoch:41
训练数据：特色词条1807条,非特色词条:5390条
测试数据：特色词条201条,非特色词条:599条
t:6,epoch:42
训练数据：特色词条1807条,非特色词条:5390条
测试数据：特色词条201条,非特色词条:599条
t:6,epoch:43
训练数据：特色词条1807条,非特色词条:5390条
测试数据：特色词条201条,非特色词条:599条
t:6,epoch:44
训练数据：特色词条1807条,非特色词条:5390条
测试数据：特色词条201条,非特色词条:599条
t:6,epoch:45
训练数据：特色词条1807条,非特色词条:5390条
测试数据：特色词条201条,非特色词条:599条
t:6,epoch:46
训练数据：特色词条1807条,非特色词条:5390条
测试数据：特色词条201条,非特色词条:599条
t:6,epoch:47
训练数据：特色词条1807条,非特色词条:5390条
测试数据：特色词条201条,非特色词条:599条
t:6,epoch:48
训练数据：特色词条1807条,非特色词条:5390条
测试数据：特色词条201条,非特色词条:599条
t:6,epoch:49
训练数据：特色词条1807条,非特色词条:5390条
测试数据：特色词条201条,非特色词条:599条
平均评估参数:精确度:0.9051874538681561,准确度:0.93805,召回率:0.8420895522388063,f1值:0.8721745045561947
{'p': 0.9051874538681561, 'f1': 0.8721745045561947, 'acc': 0.93805, 'r': 0.8420895522388063}
最大评估参数:精确度:0.9719101123595506,准确度:0.96,召回率:0.9104477611940298,f1值:0.9195979899497488
t:7,epoch:0
训练数据：特色词条1807条,非特色词条:5390条
测试数据：特色词条201条,非特色词条:599条
t:7,epoch:1
训练数据：特色词条1807条,非特色词条:5390条
测试数据：特色词条201条,非特色词条:599条
t:7,epoch:2
训练数据：特色词条1807条,非特色词条:5390条
测试数据：特色词条201条,非特色词条:599条
t:7,epoch:3
训练数据：特色词条1807条,非特色词条:5390条
测试数据：特色词条201条,非特色词条:599条
t:7,epoch:4
训练数据：特色词条1807条,非特色词条:5390条
测试数据：特色词条201条,非特色词条:599条
t:7,epoch:5
训练数据：特色词条1807条,非特色词条:5390条
测试数据：特色词条201条,非特色词条:599条
t:7,epoch:6
训练数据：特色词条1807条,非特色词条:5390条
测试数据：特色词条201条,非特色词条:599条
t:7,epoch:7
训练数据：特色词条1807条,非特色词条:5390条
测试数据：特色词条201条,非特色词条:599条
t:7,epoch:8
训练数据：特色词条1807条,非特色词条:5390条
测试数据：特色词条201条,非特色词条:599条
t:7,epoch:9
训练数据：特色词条1807条,非特色词条:5390条
测试数据：特色词条201条,非特色词条:599条
t:7,epoch:10
训练数据：特色词条1807条,非特色词条:5390条
测试数据：特色词条201条,非特色词条:599条
t:7,epoch:11
训练数据：特色词条1807条,非特色词条:5390条
测试数据：特色词条201条,非特色词条:599条
t:7,epoch:12
训练数据：特色词条1807条,非特色词条:5390条
测试数据：特色词条201条,非特色词条:599条
t:7,epoch:13
训练数据：特色词条1807条,非特色词条:5390条
测试数据：特色词条201条,非特色词条:599条
t:7,epoch:14
训练数据：特色词条1807条,非特色词条:5390条
测试数据：特色词条201条,非特色词条:599条
t:7,epoch:15
训练数据：特色词条1807条,非特色词条:5390条
测试数据：特色词条201条,非特色词条:599条
t:7,epoch:16
训练数据：特色词条1807条,非特色词条:5390条
测试数据：特色词条201条,非特色词条:599条
t:7,epoch:17
训练数据：特色词条1807条,非特色词条:5390条
测试数据：特色词条201条,非特色词条:599条
t:7,epoch:18
训练数据：特色词条1807条,非特色词条:5390条
测试数据：特色词条201条,非特色词条:599条
t:7,epoch:19
训练数据：特色词条1807条,非特色词条:5390条
测试数据：特色词条201条,非特色词条:599条
t:7,epoch:20
训练数据：特色词条1807条,非特色词条:5390条
测试数据：特色词条201条,非特色词条:599条
t:7,epoch:21
训练数据：特色词条1807条,非特色词条:5390条
测试数据：特色词条201条,非特色词条:599条
t:7,epoch:22
训练数据：特色词条1807条,非特色词条:5390条
测试数据：特色词条201条,非特色词条:599条
t:7,epoch:23
训练数据：特色词条1807条,非特色词条:5390条
测试数据：特色词条201条,非特色词条:599条
t:7,epoch:24
训练数据：特色词条1807条,非特色词条:5390条
测试数据：特色词条201条,非特色词条:599条
t:7,epoch:25
训练数据：特色词条1807条,非特色词条:5390条
测试数据：特色词条201条,非特色词条:599条
t:7,epoch:26
训练数据：特色词条1807条,非特色词条:5390条
测试数据：特色词条201条,非特色词条:599条
t:7,epoch:27
训练数据：特色词条1807条,非特色词条:5390条
测试数据：特色词条201条,非特色词条:599条
t:7,epoch:28
训练数据：特色词条1807条,非特色词条:5390条
测试数据：特色词条201条,非特色词条:599条
t:7,epoch:29
训练数据：特色词条1807条,非特色词条:5390条
测试数据：特色词条201条,非特色词条:599条
t:7,epoch:30
训练数据：特色词条1807条,非特色词条:5390条
测试数据：特色词条201条,非特色词条:599条
t:7,epoch:31
训练数据：特色词条1807条,非特色词条:5390条
测试数据：特色词条201条,非特色词条:599条
t:7,epoch:32
训练数据：特色词条1807条,非特色词条:5390条
测试数据：特色词条201条,非特色词条:599条
t:7,epoch:33
训练数据：特色词条1807条,非特色词条:5390条
测试数据：特色词条201条,非特色词条:599条
t:7,epoch:34
训练数据：特色词条1807条,非特色词条:5390条
测试数据：特色词条201条,非特色词条:599条
t:7,epoch:35
训练数据：特色词条1807条,非特色词条:5390条
测试数据：特色词条201条,非特色词条:599条
t:7,epoch:36
训练数据：特色词条1807条,非特色词条:5390条
测试数据：特色词条201条,非特色词条:599条
t:7,epoch:37
训练数据：特色词条1807条,非特色词条:5390条
测试数据：特色词条201条,非特色词条:599条
t:7,epoch:38
训练数据：特色词条1807条,非特色词条:5390条
测试数据：特色词条201条,非特色词条:599条
t:7,epoch:39
训练数据：特色词条1807条,非特色词条:5390条
测试数据：特色词条201条,非特色词条:599条
t:7,epoch:40
训练数据：特色词条1807条,非特色词条:5390条
测试数据：特色词条201条,非特色词条:599条
t:7,epoch:41
训练数据：特色词条1807条,非特色词条:5390条
测试数据：特色词条201条,非特色词条:599条
t:7,epoch:42
训练数据：特色词条1807条,非特色词条:5390条
测试数据：特色词条201条,非特色词条:599条
t:7,epoch:43
训练数据：特色词条1807条,非特色词条:5390条
测试数据：特色词条201条,非特色词条:599条
t:7,epoch:44
训练数据：特色词条1807条,非特色词条:5390条
测试数据：特色词条201条,非特色词条:599条
t:7,epoch:45
训练数据：特色词条1807条,非特色词条:5390条
测试数据：特色词条201条,非特色词条:599条
t:7,epoch:46
训练数据：特色词条1807条,非特色词条:5390条
测试数据：特色词条201条,非特色词条:599条
t:7,epoch:47
训练数据：特色词条1807条,非特色词条:5390条
测试数据：特色词条201条,非特色词条:599条
t:7,epoch:48
训练数据：特色词条1807条,非特色词条:5390条
测试数据：特色词条201条,非特色词条:599条
t:7,epoch:49
训练数据：特色词条1807条,非特色词条:5390条
测试数据：特色词条201条,非特色词条:599条
平均评估参数:精确度:0.899719861787578,准确度:0.9388,召回率:0.8518407960199004,f1值:0.8747757148817024
{'p': 0.899719861787578, 'f1': 0.8747757148817024, 'acc': 0.9388, 'r': 0.8518407960199004}
最大评估参数:精确度:0.9719101123595506,准确度:0.96,召回率:0.9253731343283582,f1值:0.9195979899497488
t:8,epoch:0
训练数据：特色词条1807条,非特色词条:5390条
测试数据：特色词条201条,非特色词条:599条
t:8,epoch:1
训练数据：特色词条1807条,非特色词条:5390条
测试数据：特色词条201条,非特色词条:599条
t:8,epoch:2
训练数据：特色词条1807条,非特色词条:5390条
测试数据：特色词条201条,非特色词条:599条
t:8,epoch:3
训练数据：特色词条1807条,非特色词条:5390条
测试数据：特色词条201条,非特色词条:599条
t:8,epoch:4
训练数据：特色词条1807条,非特色词条:5390条
测试数据：特色词条201条,非特色词条:599条
t:8,epoch:5
训练数据：特色词条1807条,非特色词条:5390条
测试数据：特色词条201条,非特色词条:599条
t:8,epoch:6
训练数据：特色词条1807条,非特色词条:5390条
测试数据：特色词条201条,非特色词条:599条
t:8,epoch:7
训练数据：特色词条1807条,非特色词条:5390条
测试数据：特色词条201条,非特色词条:599条
t:8,epoch:8
训练数据：特色词条1807条,非特色词条:5390条
测试数据：特色词条201条,非特色词条:599条
t:8,epoch:9
训练数据：特色词条1807条,非特色词条:5390条
测试数据：特色词条201条,非特色词条:599条
t:8,epoch:10
训练数据：特色词条1807条,非特色词条:5390条
测试数据：特色词条201条,非特色词条:599条
t:8,epoch:11
训练数据：特色词条1807条,非特色词条:5390条
测试数据：特色词条201条,非特色词条:599条
t:8,epoch:12
训练数据：特色词条1807条,非特色词条:5390条
测试数据：特色词条201条,非特色词条:599条
t:8,epoch:13
训练数据：特色词条1807条,非特色词条:5390条
测试数据：特色词条201条,非特色词条:599条
t:8,epoch:14
训练数据：特色词条1807条,非特色词条:5390条
测试数据：特色词条201条,非特色词条:599条
t:8,epoch:15
训练数据：特色词条1807条,非特色词条:5390条
测试数据：特色词条201条,非特色词条:599条
t:8,epoch:16
训练数据：特色词条1807条,非特色词条:5390条
测试数据：特色词条201条,非特色词条:599条
t:8,epoch:17
训练数据：特色词条1807条,非特色词条:5390条
测试数据：特色词条201条,非特色词条:599条
t:8,epoch:18
训练数据：特色词条1807条,非特色词条:5390条
测试数据：特色词条201条,非特色词条:599条
t:8,epoch:19
训练数据：特色词条1807条,非特色词条:5390条
测试数据：特色词条201条,非特色词条:599条
t:8,epoch:20
训练数据：特色词条1807条,非特色词条:5390条
测试数据：特色词条201条,非特色词条:599条
t:8,epoch:21
训练数据：特色词条1807条,非特色词条:5390条
测试数据：特色词条201条,非特色词条:599条
t:8,epoch:22
训练数据：特色词条1807条,非特色词条:5390条
测试数据：特色词条201条,非特色词条:599条
t:8,epoch:23
训练数据：特色词条1807条,非特色词条:5390条
测试数据：特色词条201条,非特色词条:599条
t:8,epoch:24
训练数据：特色词条1807条,非特色词条:5390条
测试数据：特色词条201条,非特色词条:599条
t:8,epoch:25
训练数据：特色词条1807条,非特色词条:5390条
测试数据：特色词条201条,非特色词条:599条
t:8,epoch:26
训练数据：特色词条1807条,非特色词条:5390条
测试数据：特色词条201条,非特色词条:599条
t:8,epoch:27
训练数据：特色词条1807条,非特色词条:5390条
测试数据：特色词条201条,非特色词条:599条
t:8,epoch:28
训练数据：特色词条1807条,非特色词条:5390条
测试数据：特色词条201条,非特色词条:599条
t:8,epoch:29
训练数据：特色词条1807条,非特色词条:5390条
测试数据：特色词条201条,非特色词条:599条
t:8,epoch:30
训练数据：特色词条1807条,非特色词条:5390条
测试数据：特色词条201条,非特色词条:599条
t:8,epoch:31
训练数据：特色词条1807条,非特色词条:5390条
测试数据：特色词条201条,非特色词条:599条
t:8,epoch:32
训练数据：特色词条1807条,非特色词条:5390条
测试数据：特色词条201条,非特色词条:599条
t:8,epoch:33
训练数据：特色词条1807条,非特色词条:5390条
测试数据：特色词条201条,非特色词条:599条
t:8,epoch:34
训练数据：特色词条1807条,非特色词条:5390条
测试数据：特色词条201条,非特色词条:599条
t:8,epoch:35
训练数据：特色词条1807条,非特色词条:5390条
测试数据：特色词条201条,非特色词条:599条
t:8,epoch:36
训练数据：特色词条1807条,非特色词条:5390条
测试数据：特色词条201条,非特色词条:599条
t:8,epoch:37
训练数据：特色词条1807条,非特色词条:5390条
测试数据：特色词条201条,非特色词条:599条
t:8,epoch:38
训练数据：特色词条1807条,非特色词条:5390条
测试数据：特色词条201条,非特色词条:599条
t:8,epoch:39
训练数据：特色词条1807条,非特色词条:5390条
测试数据：特色词条201条,非特色词条:599条
t:8,epoch:40
训练数据：特色词条1807条,非特色词条:5390条
测试数据：特色词条201条,非特色词条:599条
t:8,epoch:41
训练数据：特色词条1807条,非特色词条:5390条
测试数据：特色词条201条,非特色词条:599条
t:8,epoch:42
训练数据：特色词条1807条,非特色词条:5390条
测试数据：特色词条201条,非特色词条:599条
t:8,epoch:43
训练数据：特色词条1807条,非特色词条:5390条
测试数据：特色词条201条,非特色词条:599条
t:8,epoch:44
训练数据：特色词条1807条,非特色词条:5390条
测试数据：特色词条201条,非特色词条:599条
t:8,epoch:45
训练数据：特色词条1807条,非特色词条:5390条
测试数据：特色词条201条,非特色词条:599条
t:8,epoch:46
训练数据：特色词条1807条,非特色词条:5390条
测试数据：特色词条201条,非特色词条:599条
t:8,epoch:47
训练数据：特色词条1807条,非特色词条:5390条
测试数据：特色词条201条,非特色词条:599条
t:8,epoch:48
训练数据：特色词条1807条,非特色词条:5390条
测试数据：特色词条201条,非特色词条:599条
t:8,epoch:49
训练数据：特色词条1807条,非特色词条:5390条
测试数据：特色词条201条,非特色词条:599条
平均评估参数:精确度:0.9024186475887958,准确度:0.9378500000000003,召回率:0.8442786069651743,f1值:0.8720494988453339
{'p': 0.9024186475887958, 'f1': 0.8720494988453339, 'acc': 0.9378500000000003, 'r': 0.8442786069651743}
最大评估参数:精确度:0.9719101123595506,准确度:0.96,召回率:0.9253731343283582,f1值:0.9195979899497488
t:9,epoch:0
训练数据：特色词条1807条,非特色词条:5390条
测试数据：特色词条201条,非特色词条:599条
t:9,epoch:1
训练数据：特色词条1807条,非特色词条:5390条
测试数据：特色词条201条,非特色词条:599条
t:9,epoch:2
训练数据：特色词条1807条,非特色词条:5390条
测试数据：特色词条201条,非特色词条:599条
t:9,epoch:3
训练数据：特色词条1807条,非特色词条:5390条
测试数据：特色词条201条,非特色词条:599条
t:9,epoch:4
训练数据：特色词条1807条,非特色词条:5390条
测试数据：特色词条201条,非特色词条:599条
t:9,epoch:5
训练数据：特色词条1807条,非特色词条:5390条
测试数据：特色词条201条,非特色词条:599条
t:9,epoch:6
训练数据：特色词条1807条,非特色词条:5390条
测试数据：特色词条201条,非特色词条:599条
t:9,epoch:7
训练数据：特色词条1807条,非特色词条:5390条
测试数据：特色词条201条,非特色词条:599条
t:9,epoch:8
训练数据：特色词条1807条,非特色词条:5390条
测试数据：特色词条201条,非特色词条:599条
t:9,epoch:9
训练数据：特色词条1807条,非特色词条:5390条
测试数据：特色词条201条,非特色词条:599条
t:9,epoch:10
训练数据：特色词条1807条,非特色词条:5390条
测试数据：特色词条201条,非特色词条:599条
t:9,epoch:11
训练数据：特色词条1807条,非特色词条:5390条
测试数据：特色词条201条,非特色词条:599条
t:9,epoch:12
训练数据：特色词条1807条,非特色词条:5390条
测试数据：特色词条201条,非特色词条:599条
t:9,epoch:13
训练数据：特色词条1807条,非特色词条:5390条
测试数据：特色词条201条,非特色词条:599条
t:9,epoch:14
训练数据：特色词条1807条,非特色词条:5390条
测试数据：特色词条201条,非特色词条:599条
t:9,epoch:15
训练数据：特色词条1807条,非特色词条:5390条
测试数据：特色词条201条,非特色词条:599条
t:9,epoch:16
训练数据：特色词条1807条,非特色词条:5390条
测试数据：特色词条201条,非特色词条:599条
t:9,epoch:17
训练数据：特色词条1807条,非特色词条:5390条
测试数据：特色词条201条,非特色词条:599条
t:9,epoch:18
训练数据：特色词条1807条,非特色词条:5390条
测试数据：特色词条201条,非特色词条:599条
t:9,epoch:19
训练数据：特色词条1807条,非特色词条:5390条
测试数据：特色词条201条,非特色词条:599条
t:9,epoch:20
训练数据：特色词条1807条,非特色词条:5390条
测试数据：特色词条201条,非特色词条:599条
t:9,epoch:21
训练数据：特色词条1807条,非特色词条:5390条
测试数据：特色词条201条,非特色词条:599条
t:9,epoch:22
训练数据：特色词条1807条,非特色词条:5390条
测试数据：特色词条201条,非特色词条:599条
t:9,epoch:23
训练数据：特色词条1807条,非特色词条:5390条
测试数据：特色词条201条,非特色词条:599条
t:9,epoch:24
训练数据：特色词条1807条,非特色词条:5390条
测试数据：特色词条201条,非特色词条:599条
t:9,epoch:25
训练数据：特色词条1807条,非特色词条:5390条
测试数据：特色词条201条,非特色词条:599条
t:9,epoch:26
训练数据：特色词条1807条,非特色词条:5390条
测试数据：特色词条201条,非特色词条:599条
t:9,epoch:27
训练数据：特色词条1807条,非特色词条:5390条
测试数据：特色词条201条,非特色词条:599条
t:9,epoch:28
训练数据：特色词条1807条,非特色词条:5390条
测试数据：特色词条201条,非特色词条:599条
t:9,epoch:29
训练数据：特色词条1807条,非特色词条:5390条
测试数据：特色词条201条,非特色词条:599条
t:9,epoch:30
训练数据：特色词条1807条,非特色词条:5390条
测试数据：特色词条201条,非特色词条:599条
t:9,epoch:31
训练数据：特色词条1807条,非特色词条:5390条
测试数据：特色词条201条,非特色词条:599条
t:9,epoch:32
训练数据：特色词条1807条,非特色词条:5390条
测试数据：特色词条201条,非特色词条:599条
t:9,epoch:33
训练数据：特色词条1807条,非特色词条:5390条
测试数据：特色词条201条,非特色词条:599条
t:9,epoch:34
训练数据：特色词条1807条,非特色词条:5390条
测试数据：特色词条201条,非特色词条:599条
t:9,epoch:35
训练数据：特色词条1807条,非特色词条:5390条
测试数据：特色词条201条,非特色词条:599条
t:9,epoch:36
训练数据：特色词条1807条,非特色词条:5390条
测试数据：特色词条201条,非特色词条:599条
t:9,epoch:37
训练数据：特色词条1807条,非特色词条:5390条
测试数据：特色词条201条,非特色词条:599条
t:9,epoch:38
训练数据：特色词条1807条,非特色词条:5390条
测试数据：特色词条201条,非特色词条:599条
t:9,epoch:39
训练数据：特色词条1807条,非特色词条:5390条
测试数据：特色词条201条,非特色词条:599条
t:9,epoch:40
训练数据：特色词条1807条,非特色词条:5390条
测试数据：特色词条201条,非特色词条:599条
t:9,epoch:41
训练数据：特色词条1807条,非特色词条:5390条
测试数据：特色词条201条,非特色词条:599条
t:9,epoch:42
训练数据：特色词条1807条,非特色词条:5390条
测试数据：特色词条201条,非特色词条:599条
t:9,epoch:43
训练数据：特色词条1807条,非特色词条:5390条
测试数据：特色词条201条,非特色词条:599条
t:9,epoch:44
训练数据：特色词条1807条,非特色词条:5390条
测试数据：特色词条201条,非特色词条:599条
t:9,epoch:45
训练数据：特色词条1807条,非特色词条:5390条
测试数据：特色词条201条,非特色词条:599条
t:9,epoch:46
训练数据：特色词条1807条,非特色词条:5390条
测试数据：特色词条201条,非特色词条:599条
t:9,epoch:47
训练数据：特色词条1807条,非特色词条:5390条
测试数据：特色词条201条,非特色词条:599条
t:9,epoch:48
训练数据：特色词条1807条,非特色词条:5390条
测试数据：特色词条201条,非特色词条:599条
t:9,epoch:49
训练数据：特色词条1807条,非特色词条:5390条
测试数据：特色词条201条,非特色词条:599条
平均评估参数:精确度:0.8993266264936588,准确度:0.9380750000000003,召回率:0.8488557213930349,f1值:0.8730855768590673
{'p': 0.8993266264936588, 'f1': 0.8730855768590673, 'acc': 0.9380750000000003, 'r': 0.8488557213930349}
最大评估参数:精确度:0.9719101123595506,准确度:0.96,召回率:0.9253731343283582,f1值:0.9195979899497488
t:10,epoch:0
训练数据：特色词条1807条,非特色词条:5390条
测试数据：特色词条201条,非特色词条:599条
t:10,epoch:1
训练数据：特色词条1807条,非特色词条:5390条
测试数据：特色词条201条,非特色词条:599条
t:10,epoch:2
训练数据：特色词条1807条,非特色词条:5390条
测试数据：特色词条201条,非特色词条:599条
t:10,epoch:3
训练数据：特色词条1807条,非特色词条:5390条
测试数据：特色词条201条,非特色词条:599条
t:10,epoch:4
训练数据：特色词条1807条,非特色词条:5390条
测试数据：特色词条201条,非特色词条:599条
t:10,epoch:5
训练数据：特色词条1807条,非特色词条:5390条
测试数据：特色词条201条,非特色词条:599条
t:10,epoch:6
训练数据：特色词条1807条,非特色词条:5390条
测试数据：特色词条201条,非特色词条:599条
t:10,epoch:7
训练数据：特色词条1807条,非特色词条:5390条
测试数据：特色词条201条,非特色词条:599条
t:10,epoch:8
训练数据：特色词条1807条,非特色词条:5390条
测试数据：特色词条201条,非特色词条:599条
t:10,epoch:9
训练数据：特色词条1807条,非特色词条:5390条
测试数据：特色词条201条,非特色词条:599条
t:10,epoch:10
训练数据：特色词条1807条,非特色词条:5390条
测试数据：特色词条201条,非特色词条:599条
t:10,epoch:11
训练数据：特色词条1807条,非特色词条:5390条
测试数据：特色词条201条,非特色词条:599条
t:10,epoch:12
训练数据：特色词条1807条,非特色词条:5390条
测试数据：特色词条201条,非特色词条:599条
t:10,epoch:13
训练数据：特色词条1807条,非特色词条:5390条
测试数据：特色词条201条,非特色词条:599条
t:10,epoch:14
训练数据：特色词条1807条,非特色词条:5390条
测试数据：特色词条201条,非特色词条:599条
t:10,epoch:15
训练数据：特色词条1807条,非特色词条:5390条
测试数据：特色词条201条,非特色词条:599条
t:10,epoch:16
训练数据：特色词条1807条,非特色词条:5390条
测试数据：特色词条201条,非特色词条:599条
t:10,epoch:17
训练数据：特色词条1807条,非特色词条:5390条
测试数据：特色词条201条,非特色词条:599条
t:10,epoch:18
训练数据：特色词条1807条,非特色词条:5390条
测试数据：特色词条201条,非特色词条:599条
t:10,epoch:19
训练数据：特色词条1807条,非特色词条:5390条
测试数据：特色词条201条,非特色词条:599条
t:10,epoch:20
训练数据：特色词条1807条,非特色词条:5390条
测试数据：特色词条201条,非特色词条:599条
t:10,epoch:21
训练数据：特色词条1807条,非特色词条:5390条
测试数据：特色词条201条,非特色词条:599条
t:10,epoch:22
训练数据：特色词条1807条,非特色词条:5390条
测试数据：特色词条201条,非特色词条:599条
t:10,epoch:23
训练数据：特色词条1807条,非特色词条:5390条
测试数据：特色词条201条,非特色词条:599条
t:10,epoch:24
训练数据：特色词条1807条,非特色词条:5390条
测试数据：特色词条201条,非特色词条:599条
t:10,epoch:25
训练数据：特色词条1807条,非特色词条:5390条
测试数据：特色词条201条,非特色词条:599条
t:10,epoch:26
训练数据：特色词条1807条,非特色词条:5390条
测试数据：特色词条201条,非特色词条:599条
t:10,epoch:27
训练数据：特色词条1807条,非特色词条:5390条
测试数据：特色词条201条,非特色词条:599条
t:10,epoch:28
训练数据：特色词条1807条,非特色词条:5390条
测试数据：特色词条201条,非特色词条:599条
t:10,epoch:29
训练数据：特色词条1807条,非特色词条:5390条
测试数据：特色词条201条,非特色词条:599条
t:10,epoch:30
训练数据：特色词条1807条,非特色词条:5390条
测试数据：特色词条201条,非特色词条:599条
t:10,epoch:31
训练数据：特色词条1807条,非特色词条:5390条
测试数据：特色词条201条,非特色词条:599条
t:10,epoch:32
训练数据：特色词条1807条,非特色词条:5390条
测试数据：特色词条201条,非特色词条:599条
t:10,epoch:33
训练数据：特色词条1807条,非特色词条:5390条
测试数据：特色词条201条,非特色词条:599条
t:10,epoch:34
训练数据：特色词条1807条,非特色词条:5390条
测试数据：特色词条201条,非特色词条:599条
t:10,epoch:35
训练数据：特色词条1807条,非特色词条:5390条
测试数据：特色词条201条,非特色词条:599条
t:10,epoch:36
训练数据：特色词条1807条,非特色词条:5390条
测试数据：特色词条201条,非特色词条:599条
t:10,epoch:37
训练数据：特色词条1807条,非特色词条:5390条
测试数据：特色词条201条,非特色词条:599条
t:10,epoch:38
训练数据：特色词条1807条,非特色词条:5390条
测试数据：特色词条201条,非特色词条:599条
t:10,epoch:39
训练数据：特色词条1807条,非特色词条:5390条
测试数据：特色词条201条,非特色词条:599条
t:10,epoch:40
训练数据：特色词条1807条,非特色词条:5390条
测试数据：特色词条201条,非特色词条:599条
t:10,epoch:41
训练数据：特色词条1807条,非特色词条:5390条
测试数据：特色词条201条,非特色词条:599条
t:10,epoch:42
训练数据：特色词条1807条,非特色词条:5390条
测试数据：特色词条201条,非特色词条:599条
t:10,epoch:43
训练数据：特色词条1807条,非特色词条:5390条
测试数据：特色词条201条,非特色词条:599条
t:10,epoch:44
训练数据：特色词条1807条,非特色词条:5390条
测试数据：特色词条201条,非特色词条:599条
t:10,epoch:45
训练数据：特色词条1807条,非特色词条:5390条
测试数据：特色词条201条,非特色词条:599条
t:10,epoch:46
训练数据：特色词条1807条,非特色词条:5390条
测试数据：特色词条201条,非特色词条:599条
t:10,epoch:47
训练数据：特色词条1807条,非特色词条:5390条
测试数据：特色词条201条,非特色词条:599条
t:10,epoch:48
训练数据：特色词条1807条,非特色词条:5390条
测试数据：特色词条201条,非特色词条:599条
t:10,epoch:49
训练数据：特色词条1807条,非特色词条:5390条
测试数据：特色词条201条,非特色词条:599条
平均评估参数:精确度:0.8997341535616543,准确度:0.9368249999999999,召回率:0.8427860696517412,f1值:0.8700905237319715
{'p': 0.8997341535616543, 'f1': 0.8700905237319715, 'acc': 0.9368249999999999, 'r': 0.8427860696517412}
最大评估参数:精确度:0.9719101123595506,准确度:0.96,召回率:0.9253731343283582,f1值:0.9195979899497488
t:11,epoch:0
训练数据：特色词条1807条,非特色词条:5390条
测试数据：特色词条201条,非特色词条:599条
t:11,epoch:1
训练数据：特色词条1807条,非特色词条:5390条
测试数据：特色词条201条,非特色词条:599条
t:11,epoch:2
训练数据：特色词条1807条,非特色词条:5390条
测试数据：特色词条201条,非特色词条:599条
t:11,epoch:3
训练数据：特色词条1807条,非特色词条:5390条
测试数据：特色词条201条,非特色词条:599条
t:11,epoch:4
训练数据：特色词条1807条,非特色词条:5390条
测试数据：特色词条201条,非特色词条:599条
t:11,epoch:5
训练数据：特色词条1807条,非特色词条:5390条
测试数据：特色词条201条,非特色词条:599条
t:11,epoch:6
训练数据：特色词条1807条,非特色词条:5390条
测试数据：特色词条201条,非特色词条:599条
t:11,epoch:7
训练数据：特色词条1807条,非特色词条:5390条
测试数据：特色词条201条,非特色词条:599条
t:11,epoch:8
训练数据：特色词条1807条,非特色词条:5390条
测试数据：特色词条201条,非特色词条:599条
t:11,epoch:9
训练数据：特色词条1807条,非特色词条:5390条
测试数据：特色词条201条,非特色词条:599条
t:11,epoch:10
训练数据：特色词条1807条,非特色词条:5390条
测试数据：特色词条201条,非特色词条:599条
t:11,epoch:11
训练数据：特色词条1807条,非特色词条:5390条
测试数据：特色词条201条,非特色词条:599条
t:11,epoch:12
训练数据：特色词条1807条,非特色词条:5390条
测试数据：特色词条201条,非特色词条:599条
t:11,epoch:13
训练数据：特色词条1807条,非特色词条:5390条
测试数据：特色词条201条,非特色词条:599条
t:11,epoch:14
训练数据：特色词条1807条,非特色词条:5390条
测试数据：特色词条201条,非特色词条:599条
t:11,epoch:15
训练数据：特色词条1807条,非特色词条:5390条
测试数据：特色词条201条,非特色词条:599条
t:11,epoch:16
训练数据：特色词条1807条,非特色词条:5390条
测试数据：特色词条201条,非特色词条:599条
t:11,epoch:17
训练数据：特色词条1807条,非特色词条:5390条
测试数据：特色词条201条,非特色词条:599条
t:11,epoch:18
训练数据：特色词条1807条,非特色词条:5390条
测试数据：特色词条201条,非特色词条:599条
t:11,epoch:19
训练数据：特色词条1807条,非特色词条:5390条
测试数据：特色词条201条,非特色词条:599条
t:11,epoch:20
训练数据：特色词条1807条,非特色词条:5390条
测试数据：特色词条201条,非特色词条:599条
t:11,epoch:21
训练数据：特色词条1807条,非特色词条:5390条
测试数据：特色词条201条,非特色词条:599条
t:11,epoch:22
训练数据：特色词条1807条,非特色词条:5390条
测试数据：特色词条201条,非特色词条:599条
t:11,epoch:23
训练数据：特色词条1807条,非特色词条:5390条
测试数据：特色词条201条,非特色词条:599条
t:11,epoch:24
训练数据：特色词条1807条,非特色词条:5390条
测试数据：特色词条201条,非特色词条:599条
t:11,epoch:25
训练数据：特色词条1807条,非特色词条:5390条
测试数据：特色词条201条,非特色词条:599条
t:11,epoch:26
训练数据：特色词条1807条,非特色词条:5390条
测试数据：特色词条201条,非特色词条:599条
t:11,epoch:27
训练数据：特色词条1807条,非特色词条:5390条
测试数据：特色词条201条,非特色词条:599条
t:11,epoch:28
训练数据：特色词条1807条,非特色词条:5390条
测试数据：特色词条201条,非特色词条:599条
t:11,epoch:29
训练数据：特色词条1807条,非特色词条:5390条
测试数据：特色词条201条,非特色词条:599条
t:11,epoch:30
训练数据：特色词条1807条,非特色词条:5390条
测试数据：特色词条201条,非特色词条:599条
t:11,epoch:31
训练数据：特色词条1807条,非特色词条:5390条
测试数据：特色词条201条,非特色词条:599条
t:11,epoch:32
训练数据：特色词条1807条,非特色词条:5390条
测试数据：特色词条201条,非特色词条:599条
t:11,epoch:33
训练数据：特色词条1807条,非特色词条:5390条
测试数据：特色词条201条,非特色词条:599条
t:11,epoch:34
训练数据：特色词条1807条,非特色词条:5390条
测试数据：特色词条201条,非特色词条:599条
t:11,epoch:35
训练数据：特色词条1807条,非特色词条:5390条
测试数据：特色词条201条,非特色词条:599条
t:11,epoch:36
训练数据：特色词条1807条,非特色词条:5390条
测试数据：特色词条201条,非特色词条:599条
t:11,epoch:37
训练数据：特色词条1807条,非特色词条:5390条
测试数据：特色词条201条,非特色词条:599条
t:11,epoch:38
训练数据：特色词条1807条,非特色词条:5390条
测试数据：特色词条201条,非特色词条:599条
t:11,epoch:39
训练数据：特色词条1807条,非特色词条:5390条
测试数据：特色词条201条,非特色词条:599条
t:11,epoch:40
训练数据：特色词条1807条,非特色词条:5390条
测试数据：特色词条201条,非特色词条:599条
t:11,epoch:41
训练数据：特色词条1807条,非特色词条:5390条
测试数据：特色词条201条,非特色词条:599条
t:11,epoch:42
训练数据：特色词条1807条,非特色词条:5390条
测试数据：特色词条201条,非特色词条:599条
t:11,epoch:43
训练数据：特色词条1807条,非特色词条:5390条
测试数据：特色词条201条,非特色词条:599条
t:11,epoch:44
训练数据：特色词条1807条,非特色词条:5390条
测试数据：特色词条201条,非特色词条:599条
t:11,epoch:45
训练数据：特色词条1807条,非特色词条:5390条
测试数据：特色词条201条,非特色词条:599条
t:11,epoch:46
训练数据：特色词条1807条,非特色词条:5390条
测试数据：特色词条201条,非特色词条:599条
t:11,epoch:47
训练数据：特色词条1807条,非特色词条:5390条
测试数据：特色词条201条,非特色词条:599条
t:11,epoch:48
训练数据：特色词条1807条,非特色词条:5390条
测试数据：特色词条201条,非特色词条:599条
t:11,epoch:49
训练数据：特色词条1807条,非特色词条:5390条
测试数据：特色词条201条,非特色词条:599条
平均评估参数:精确度:0.9034799179282088,准确度:0.9388250000000002,召回率:0.8475621890547264,f1值:0.8743375566432102
{'p': 0.9034799179282088, 'f1': 0.8743375566432102, 'acc': 0.9388250000000002, 'r': 0.8475621890547264}
最大评估参数:精确度:0.9719101123595506,准确度:0.96,召回率:0.9253731343283582,f1值:0.9195979899497488
t:12,epoch:0
训练数据：特色词条1807条,非特色词条:5390条
测试数据：特色词条201条,非特色词条:599条
t:12,epoch:1
训练数据：特色词条1807条,非特色词条:5390条
测试数据：特色词条201条,非特色词条:599条
t:12,epoch:2
训练数据：特色词条1807条,非特色词条:5390条
测试数据：特色词条201条,非特色词条:599条
t:12,epoch:3
训练数据：特色词条1807条,非特色词条:5390条
测试数据：特色词条201条,非特色词条:599条
t:12,epoch:4
训练数据：特色词条1807条,非特色词条:5390条
测试数据：特色词条201条,非特色词条:599条
t:12,epoch:5
训练数据：特色词条1807条,非特色词条:5390条
测试数据：特色词条201条,非特色词条:599条
t:12,epoch:6
训练数据：特色词条1807条,非特色词条:5390条
测试数据：特色词条201条,非特色词条:599条
t:12,epoch:7
训练数据：特色词条1807条,非特色词条:5390条
测试数据：特色词条201条,非特色词条:599条
t:12,epoch:8
训练数据：特色词条1807条,非特色词条:5390条
测试数据：特色词条201条,非特色词条:599条
t:12,epoch:9
训练数据：特色词条1807条,非特色词条:5390条
测试数据：特色词条201条,非特色词条:599条
t:12,epoch:10
训练数据：特色词条1807条,非特色词条:5390条
测试数据：特色词条201条,非特色词条:599条
t:12,epoch:11
训练数据：特色词条1807条,非特色词条:5390条
测试数据：特色词条201条,非特色词条:599条
t:12,epoch:12
训练数据：特色词条1807条,非特色词条:5390条
测试数据：特色词条201条,非特色词条:599条
t:12,epoch:13
训练数据：特色词条1807条,非特色词条:5390条
测试数据：特色词条201条,非特色词条:599条
t:12,epoch:14
训练数据：特色词条1807条,非特色词条:5390条
测试数据：特色词条201条,非特色词条:599条
t:12,epoch:15
训练数据：特色词条1807条,非特色词条:5390条
测试数据：特色词条201条,非特色词条:599条
t:12,epoch:16
训练数据：特色词条1807条,非特色词条:5390条
测试数据：特色词条201条,非特色词条:599条
t:12,epoch:17
训练数据：特色词条1807条,非特色词条:5390条
测试数据：特色词条201条,非特色词条:599条
t:12,epoch:18
训练数据：特色词条1807条,非特色词条:5390条
测试数据：特色词条201条,非特色词条:599条
t:12,epoch:19
训练数据：特色词条1807条,非特色词条:5390条
测试数据：特色词条201条,非特色词条:599条
t:12,epoch:20
训练数据：特色词条1807条,非特色词条:5390条
测试数据：特色词条201条,非特色词条:599条
t:12,epoch:21
训练数据：特色词条1807条,非特色词条:5390条
测试数据：特色词条201条,非特色词条:599条
t:12,epoch:22
训练数据：特色词条1807条,非特色词条:5390条
测试数据：特色词条201条,非特色词条:599条
t:12,epoch:23
训练数据：特色词条1807条,非特色词条:5390条
测试数据：特色词条201条,非特色词条:599条
t:12,epoch:24
训练数据：特色词条1807条,非特色词条:5390条
测试数据：特色词条201条,非特色词条:599条
t:12,epoch:25
训练数据：特色词条1807条,非特色词条:5390条
测试数据：特色词条201条,非特色词条:599条
t:12,epoch:26
训练数据：特色词条1807条,非特色词条:5390条
测试数据：特色词条201条,非特色词条:599条
t:12,epoch:27
训练数据：特色词条1807条,非特色词条:5390条
测试数据：特色词条201条,非特色词条:599条
t:12,epoch:28
训练数据：特色词条1807条,非特色词条:5390条
测试数据：特色词条201条,非特色词条:599条
t:12,epoch:29
训练数据：特色词条1807条,非特色词条:5390条
测试数据：特色词条201条,非特色词条:599条
t:12,epoch:30
训练数据：特色词条1807条,非特色词条:5390条
测试数据：特色词条201条,非特色词条:599条
t:12,epoch:31
训练数据：特色词条1807条,非特色词条:5390条
测试数据：特色词条201条,非特色词条:599条
t:12,epoch:32
训练数据：特色词条1807条,非特色词条:5390条
测试数据：特色词条201条,非特色词条:599条
t:12,epoch:33
训练数据：特色词条1807条,非特色词条:5390条
测试数据：特色词条201条,非特色词条:599条
t:12,epoch:34
训练数据：特色词条1807条,非特色词条:5390条
测试数据：特色词条201条,非特色词条:599条
t:12,epoch:35
训练数据：特色词条1807条,非特色词条:5390条
测试数据：特色词条201条,非特色词条:599条
t:12,epoch:36
训练数据：特色词条1807条,非特色词条:5390条
测试数据：特色词条201条,非特色词条:599条
t:12,epoch:37
训练数据：特色词条1807条,非特色词条:5390条
测试数据：特色词条201条,非特色词条:599条
t:12,epoch:38
训练数据：特色词条1807条,非特色词条:5390条
测试数据：特色词条201条,非特色词条:599条
t:12,epoch:39
训练数据：特色词条1807条,非特色词条:5390条
测试数据：特色词条201条,非特色词条:599条
t:12,epoch:40
训练数据：特色词条1807条,非特色词条:5390条
测试数据：特色词条201条,非特色词条:599条
t:12,epoch:41
训练数据：特色词条1807条,非特色词条:5390条
测试数据：特色词条201条,非特色词条:599条
t:12,epoch:42
训练数据：特色词条1807条,非特色词条:5390条
测试数据：特色词条201条,非特色词条:599条
t:12,epoch:43
训练数据：特色词条1807条,非特色词条:5390条
测试数据：特色词条201条,非特色词条:599条
t:12,epoch:44
训练数据：特色词条1807条,非特色词条:5390条
测试数据：特色词条201条,非特色词条:599条
t:12,epoch:45
训练数据：特色词条1807条,非特色词条:5390条
测试数据：特色词条201条,非特色词条:599条
t:12,epoch:46
训练数据：特色词条1807条,非特色词条:5390条
测试数据：特色词条201条,非特色词条:599条
t:12,epoch:47
训练数据：特色词条1807条,非特色词条:5390条
测试数据：特色词条201条,非特色词条:599条
t:12,epoch:48
训练数据：特色词条1807条,非特色词条:5390条
测试数据：特色词条201条,非特色词条:599条
t:12,epoch:49
训练数据：特色词条1807条,非特色词条:5390条
测试数据：特色词条201条,非特色词条:599条
平均评估参数:精确度:0.8976626104710932,准确度:0.9361750000000001,召回率:0.8423880597014926,f1值:0.8688102726084717
{'p': 0.8976626104710932, 'f1': 0.8688102726084717, 'acc': 0.9361750000000001, 'r': 0.8423880597014926}
最大评估参数:精确度:0.9719101123595506,准确度:0.96,召回率:0.9253731343283582,f1值:0.9195979899497488
t:13,epoch:0
训练数据：特色词条1807条,非特色词条:5390条
测试数据：特色词条201条,非特色词条:599条
t:13,epoch:1
训练数据：特色词条1807条,非特色词条:5390条
测试数据：特色词条201条,非特色词条:599条
t:13,epoch:2
训练数据：特色词条1807条,非特色词条:5390条
测试数据：特色词条201条,非特色词条:599条
t:13,epoch:3
训练数据：特色词条1807条,非特色词条:5390条
测试数据：特色词条201条,非特色词条:599条
t:13,epoch:4
训练数据：特色词条1807条,非特色词条:5390条
测试数据：特色词条201条,非特色词条:599条
t:13,epoch:5
训练数据：特色词条1807条,非特色词条:5390条
测试数据：特色词条201条,非特色词条:599条
t:13,epoch:6
训练数据：特色词条1807条,非特色词条:5390条
测试数据：特色词条201条,非特色词条:599条
t:13,epoch:7
训练数据：特色词条1807条,非特色词条:5390条
测试数据：特色词条201条,非特色词条:599条
t:13,epoch:8
训练数据：特色词条1807条,非特色词条:5390条
测试数据：特色词条201条,非特色词条:599条
t:13,epoch:9
训练数据：特色词条1807条,非特色词条:5390条
测试数据：特色词条201条,非特色词条:599条
t:13,epoch:10
训练数据：特色词条1807条,非特色词条:5390条
测试数据：特色词条201条,非特色词条:599条
t:13,epoch:11
训练数据：特色词条1807条,非特色词条:5390条
测试数据：特色词条201条,非特色词条:599条
t:13,epoch:12
训练数据：特色词条1807条,非特色词条:5390条
测试数据：特色词条201条,非特色词条:599条
t:13,epoch:13
训练数据：特色词条1807条,非特色词条:5390条
测试数据：特色词条201条,非特色词条:599条
t:13,epoch:14
训练数据：特色词条1807条,非特色词条:5390条
测试数据：特色词条201条,非特色词条:599条
t:13,epoch:15
训练数据：特色词条1807条,非特色词条:5390条
测试数据：特色词条201条,非特色词条:599条
t:13,epoch:16
训练数据：特色词条1807条,非特色词条:5390条
测试数据：特色词条201条,非特色词条:599条
t:13,epoch:17
训练数据：特色词条1807条,非特色词条:5390条
测试数据：特色词条201条,非特色词条:599条
t:13,epoch:18
训练数据：特色词条1807条,非特色词条:5390条
测试数据：特色词条201条,非特色词条:599条
t:13,epoch:19
训练数据：特色词条1807条,非特色词条:5390条
测试数据：特色词条201条,非特色词条:599条
t:13,epoch:20
训练数据：特色词条1807条,非特色词条:5390条
测试数据：特色词条201条,非特色词条:599条
t:13,epoch:21
训练数据：特色词条1807条,非特色词条:5390条
测试数据：特色词条201条,非特色词条:599条
t:13,epoch:22
训练数据：特色词条1807条,非特色词条:5390条
测试数据：特色词条201条,非特色词条:599条
t:13,epoch:23
训练数据：特色词条1807条,非特色词条:5390条
测试数据：特色词条201条,非特色词条:599条
t:13,epoch:24
训练数据：特色词条1807条,非特色词条:5390条
测试数据：特色词条201条,非特色词条:599条
t:13,epoch:25
训练数据：特色词条1807条,非特色词条:5390条
测试数据：特色词条201条,非特色词条:599条
t:13,epoch:26
训练数据：特色词条1807条,非特色词条:5390条
测试数据：特色词条201条,非特色词条:599条
t:13,epoch:27
训练数据：特色词条1807条,非特色词条:5390条
测试数据：特色词条201条,非特色词条:599条
t:13,epoch:28
训练数据：特色词条1807条,非特色词条:5390条
测试数据：特色词条201条,非特色词条:599条
t:13,epoch:29
训练数据：特色词条1807条,非特色词条:5390条
测试数据：特色词条201条,非特色词条:599条
t:13,epoch:30
训练数据：特色词条1807条,非特色词条:5390条
测试数据：特色词条201条,非特色词条:599条
t:13,epoch:31
训练数据：特色词条1807条,非特色词条:5390条
测试数据：特色词条201条,非特色词条:599条
t:13,epoch:32
训练数据：特色词条1807条,非特色词条:5390条
测试数据：特色词条201条,非特色词条:599条
t:13,epoch:33
训练数据：特色词条1807条,非特色词条:5390条
测试数据：特色词条201条,非特色词条:599条
t:13,epoch:34
训练数据：特色词条1807条,非特色词条:5390条
测试数据：特色词条201条,非特色词条:599条
t:13,epoch:35
训练数据：特色词条1807条,非特色词条:5390条
测试数据：特色词条201条,非特色词条:599条
t:13,epoch:36
训练数据：特色词条1807条,非特色词条:5390条
测试数据：特色词条201条,非特色词条:599条
t:13,epoch:37
训练数据：特色词条1807条,非特色词条:5390条
测试数据：特色词条201条,非特色词条:599条
t:13,epoch:38
训练数据：特色词条1807条,非特色词条:5390条
测试数据：特色词条201条,非特色词条:599条
t:13,epoch:39
训练数据：特色词条1807条,非特色词条:5390条
测试数据：特色词条201条,非特色词条:599条
t:13,epoch:40
训练数据：特色词条1807条,非特色词条:5390条
测试数据：特色词条201条,非特色词条:599条
t:13,epoch:41
训练数据：特色词条1807条,非特色词条:5390条
测试数据：特色词条201条,非特色词条:599条
t:13,epoch:42
训练数据：特色词条1807条,非特色词条:5390条
测试数据：特色词条201条,非特色词条:599条
t:13,epoch:43
训练数据：特色词条1807条,非特色词条:5390条
测试数据：特色词条201条,非特色词条:599条
t:13,epoch:44
训练数据：特色词条1807条,非特色词条:5390条
测试数据：特色词条201条,非特色词条:599条
t:13,epoch:45
训练数据：特色词条1807条,非特色词条:5390条
测试数据：特色词条201条,非特色词条:599条
t:13,epoch:46
训练数据：特色词条1807条,非特色词条:5390条
测试数据：特色词条201条,非特色词条:599条
t:13,epoch:47
训练数据：特色词条1807条,非特色词条:5390条
测试数据：特色词条201条,非特色词条:599条
t:13,epoch:48
训练数据：特色词条1807条,非特色词条:5390条
测试数据：特色词条201条,非特色词条:599条
t:13,epoch:49
训练数据：特色词条1807条,非特色词条:5390条
测试数据：特色词条201条,非特色词条:599条
平均评估参数:精确度:0.9036497860031484,准确度:0.9397500000000001,召回率:0.8516417910447764,f1值:0.8764493314953099
{'p': 0.9036497860031484, 'f1': 0.8764493314953099, 'acc': 0.9397500000000001, 'r': 0.8516417910447764}
最大评估参数:精确度:0.9719101123595506,准确度:0.96125,召回率:0.9353233830845771,f1值:0.9219143576826196
t:14,epoch:0
训练数据：特色词条1807条,非特色词条:5390条
测试数据：特色词条201条,非特色词条:599条
t:14,epoch:1
训练数据：特色词条1807条,非特色词条:5390条
测试数据：特色词条201条,非特色词条:599条
t:14,epoch:2
训练数据：特色词条1807条,非特色词条:5390条
测试数据：特色词条201条,非特色词条:599条
t:14,epoch:3
训练数据：特色词条1807条,非特色词条:5390条
测试数据：特色词条201条,非特色词条:599条
t:14,epoch:4
训练数据：特色词条1807条,非特色词条:5390条
测试数据：特色词条201条,非特色词条:599条
t:14,epoch:5
训练数据：特色词条1807条,非特色词条:5390条
测试数据：特色词条201条,非特色词条:599条
t:14,epoch:6
训练数据：特色词条1807条,非特色词条:5390条
测试数据：特色词条201条,非特色词条:599条
t:14,epoch:7
训练数据：特色词条1807条,非特色词条:5390条
测试数据：特色词条201条,非特色词条:599条
t:14,epoch:8
训练数据：特色词条1807条,非特色词条:5390条
测试数据：特色词条201条,非特色词条:599条
t:14,epoch:9
训练数据：特色词条1807条,非特色词条:5390条
测试数据：特色词条201条,非特色词条:599条
t:14,epoch:10
训练数据：特色词条1807条,非特色词条:5390条
测试数据：特色词条201条,非特色词条:599条
t:14,epoch:11
训练数据：特色词条1807条,非特色词条:5390条
测试数据：特色词条201条,非特色词条:599条
t:14,epoch:12
训练数据：特色词条1807条,非特色词条:5390条
测试数据：特色词条201条,非特色词条:599条
t:14,epoch:13
训练数据：特色词条1807条,非特色词条:5390条
测试数据：特色词条201条,非特色词条:599条
t:14,epoch:14
训练数据：特色词条1807条,非特色词条:5390条
测试数据：特色词条201条,非特色词条:599条
t:14,epoch:15
训练数据：特色词条1807条,非特色词条:5390条
测试数据：特色词条201条,非特色词条:599条
t:14,epoch:16
训练数据：特色词条1807条,非特色词条:5390条
测试数据：特色词条201条,非特色词条:599条
t:14,epoch:17
训练数据：特色词条1807条,非特色词条:5390条
测试数据：特色词条201条,非特色词条:599条
t:14,epoch:18
训练数据：特色词条1807条,非特色词条:5390条
测试数据：特色词条201条,非特色词条:599条
t:14,epoch:19
训练数据：特色词条1807条,非特色词条:5390条
测试数据：特色词条201条,非特色词条:599条
t:14,epoch:20
训练数据：特色词条1807条,非特色词条:5390条
测试数据：特色词条201条,非特色词条:599条
t:14,epoch:21
训练数据：特色词条1807条,非特色词条:5390条
测试数据：特色词条201条,非特色词条:599条
t:14,epoch:22
训练数据：特色词条1807条,非特色词条:5390条
测试数据：特色词条201条,非特色词条:599条
t:14,epoch:23
训练数据：特色词条1807条,非特色词条:5390条
测试数据：特色词条201条,非特色词条:599条
t:14,epoch:24
训练数据：特色词条1807条,非特色词条:5390条
测试数据：特色词条201条,非特色词条:599条
t:14,epoch:25
训练数据：特色词条1807条,非特色词条:5390条
测试数据：特色词条201条,非特色词条:599条
t:14,epoch:26
训练数据：特色词条1807条,非特色词条:5390条
测试数据：特色词条201条,非特色词条:599条
t:14,epoch:27
训练数据：特色词条1807条,非特色词条:5390条
测试数据：特色词条201条,非特色词条:599条
t:14,epoch:28
训练数据：特色词条1807条,非特色词条:5390条
测试数据：特色词条201条,非特色词条:599条
t:14,epoch:29
训练数据：特色词条1807条,非特色词条:5390条
测试数据：特色词条201条,非特色词条:599条
t:14,epoch:30
训练数据：特色词条1807条,非特色词条:5390条
测试数据：特色词条201条,非特色词条:599条
t:14,epoch:31
训练数据：特色词条1807条,非特色词条:5390条
测试数据：特色词条201条,非特色词条:599条
t:14,epoch:32
训练数据：特色词条1807条,非特色词条:5390条
测试数据：特色词条201条,非特色词条:599条
t:14,epoch:33
训练数据：特色词条1807条,非特色词条:5390条
测试数据：特色词条201条,非特色词条:599条
t:14,epoch:34
训练数据：特色词条1807条,非特色词条:5390条
测试数据：特色词条201条,非特色词条:599条
t:14,epoch:35
训练数据：特色词条1807条,非特色词条:5390条
测试数据：特色词条201条,非特色词条:599条
t:14,epoch:36
训练数据：特色词条1807条,非特色词条:5390条
测试数据：特色词条201条,非特色词条:599条
t:14,epoch:37
训练数据：特色词条1807条,非特色词条:5390条
测试数据：特色词条201条,非特色词条:599条
t:14,epoch:38
训练数据：特色词条1807条,非特色词条:5390条
测试数据：特色词条201条,非特色词条:599条
t:14,epoch:39
训练数据：特色词条1807条,非特色词条:5390条
测试数据：特色词条201条,非特色词条:599条
t:14,epoch:40
训练数据：特色词条1807条,非特色词条:5390条
测试数据：特色词条201条,非特色词条:599条
t:14,epoch:41
训练数据：特色词条1807条,非特色词条:5390条
测试数据：特色词条201条,非特色词条:599条
t:14,epoch:42
训练数据：特色词条1807条,非特色词条:5390条
测试数据：特色词条201条,非特色词条:599条
t:14,epoch:43
训练数据：特色词条1807条,非特色词条:5390条
测试数据：特色词条201条,非特色词条:599条
t:14,epoch:44
训练数据：特色词条1807条,非特色词条:5390条
测试数据：特色词条201条,非特色词条:599条
t:14,epoch:45
训练数据：特色词条1807条,非特色词条:5390条
测试数据：特色词条201条,非特色词条:599条
t:14,epoch:46
训练数据：特色词条1807条,非特色词条:5390条
测试数据：特色词条201条,非特色词条:599条
t:14,epoch:47
训练数据：特色词条1807条,非特色词条:5390条
测试数据：特色词条201条,非特色词条:599条
t:14,epoch:48
训练数据：特色词条1807条,非特色词条:5390条
测试数据：特色词条201条,非特色词条:599条
t:14,epoch:49
训练数据：特色词条1807条,非特色词条:5390条
测试数据：特色词条201条,非特色词条:599条
平均评估参数:精确度:0.9037602850242246,准确度:0.9366,召回率:0.8374129353233832,f1值:0.8690118603659188
{'p': 0.9037602850242246, 'f1': 0.8690118603659188, 'acc': 0.9366, 'r': 0.8374129353233832}
最大评估参数:精确度:0.9719101123595506,准确度:0.96125,召回率:0.9353233830845771,f1值:0.9219143576826196
