/usr/local/lib/python3.5/dist-packages/sklearn/svm/base.py:196: FutureWarning: The default value of gamma will change from 'auto' to 'scale' in version 0.22 to account better for unscaled features. Set gamma explicitly to 'auto' or 'scale' to avoid this warning.
  "avoid this warning.", FutureWarning)
/usr/local/lib/python3.5/dist-packages/sklearn/svm/base.py:196: FutureWarning: The default value of gamma will change from 'auto' to 'scale' in version 0.22 to account better for unscaled features. Set gamma explicitly to 'auto' or 'scale' to avoid this warning.
  "avoid this warning.", FutureWarning)
/usr/local/lib/python3.5/dist-packages/sklearn/svm/base.py:196: FutureWarning: The default value of gamma will change from 'auto' to 'scale' in version 0.22 to account better for unscaled features. Set gamma explicitly to 'auto' or 'scale' to avoid this warning.
  "avoid this warning.", FutureWarning)
/usr/local/lib/python3.5/dist-packages/sklearn/svm/base.py:196: FutureWarning: The default value of gamma will change from 'auto' to 'scale' in version 0.22 to account better for unscaled features. Set gamma explicitly to 'auto' or 'scale' to avoid this warning.
  "avoid this warning.", FutureWarning)
/usr/local/lib/python3.5/dist-packages/sklearn/svm/base.py:196: FutureWarning: The default value of gamma will change from 'auto' to 'scale' in version 0.22 to account better for unscaled features. Set gamma explicitly to 'auto' or 'scale' to avoid this warning.
  "avoid this warning.", FutureWarning)
/usr/local/lib/python3.5/dist-packages/sklearn/svm/base.py:196: FutureWarning: The default value of gamma will change from 'auto' to 'scale' in version 0.22 to account better for unscaled features. Set gamma explicitly to 'auto' or 'scale' to avoid this warning.
  "avoid this warning.", FutureWarning)
/usr/local/lib/python3.5/dist-packages/sklearn/svm/base.py:196: FutureWarning: The default value of gamma will change from 'auto' to 'scale' in version 0.22 to account better for unscaled features. Set gamma explicitly to 'auto' or 'scale' to avoid this warning.
  "avoid this warning.", FutureWarning)
/usr/local/lib/python3.5/dist-packages/sklearn/svm/base.py:196: FutureWarning: The default value of gamma will change from 'auto' to 'scale' in version 0.22 to account better for unscaled features. Set gamma explicitly to 'auto' or 'scale' to avoid this warning.
  "avoid this warning.", FutureWarning)
/usr/local/lib/python3.5/dist-packages/sklearn/svm/base.py:196: FutureWarning: The default value of gamma will change from 'auto' to 'scale' in version 0.22 to account better for unscaled features. Set gamma explicitly to 'auto' or 'scale' to avoid this warning.
  "avoid this warning.", FutureWarning)
/usr/local/lib/python3.5/dist-packages/sklearn/svm/base.py:196: FutureWarning: The default value of gamma will change from 'auto' to 'scale' in version 0.22 to account better for unscaled features. Set gamma explicitly to 'auto' or 'scale' to avoid this warning.
  "avoid this warning.", FutureWarning)
/usr/local/lib/python3.5/dist-packages/sklearn/svm/base.py:196: FutureWarning: The default value of gamma will change from 'auto' to 'scale' in version 0.22 to account better for unscaled features. Set gamma explicitly to 'auto' or 'scale' to avoid this warning.
  "avoid this warning.", FutureWarning)
/usr/local/lib/python3.5/dist-packages/sklearn/svm/base.py:196: FutureWarning: The default value of gamma will change from 'auto' to 'scale' in version 0.22 to account better for unscaled features. Set gamma explicitly to 'auto' or 'scale' to avoid this warning.
  "avoid this warning.", FutureWarning)
/usr/local/lib/python3.5/dist-packages/sklearn/svm/base.py:196: FutureWarning: The default value of gamma will change from 'auto' to 'scale' in version 0.22 to account better for unscaled features. Set gamma explicitly to 'auto' or 'scale' to avoid this warning.
  "avoid this warning.", FutureWarning)
/usr/local/lib/python3.5/dist-packages/sklearn/svm/base.py:196: FutureWarning: The default value of gamma will change from 'auto' to 'scale' in version 0.22 to account better for unscaled features. Set gamma explicitly to 'auto' or 'scale' to avoid this warning.
  "avoid this warning.", FutureWarning)
/usr/local/lib/python3.5/dist-packages/sklearn/svm/base.py:196: FutureWarning: The default value of gamma will change from 'auto' to 'scale' in version 0.22 to account better for unscaled features. Set gamma explicitly to 'auto' or 'scale' to avoid this warning.
  "avoid this warning.", FutureWarning)
/usr/local/lib/python3.5/dist-packages/sklearn/svm/base.py:196: FutureWarning: The default value of gamma will change from 'auto' to 'scale' in version 0.22 to account better for unscaled features. Set gamma explicitly to 'auto' or 'scale' to avoid this warning.
  "avoid this warning.", FutureWarning)
/usr/local/lib/python3.5/dist-packages/sklearn/svm/base.py:196: FutureWarning: The default value of gamma will change from 'auto' to 'scale' in version 0.22 to account better for unscaled features. Set gamma explicitly to 'auto' or 'scale' to avoid this warning.
  "avoid this warning.", FutureWarning)
/usr/local/lib/python3.5/dist-packages/sklearn/svm/base.py:196: FutureWarning: The default value of gamma will change from 'auto' to 'scale' in version 0.22 to account better for unscaled features. Set gamma explicitly to 'auto' or 'scale' to avoid this warning.
  "avoid this warning.", FutureWarning)
/usr/local/lib/python3.5/dist-packages/sklearn/svm/base.py:196: FutureWarning: The default value of gamma will change from 'auto' to 'scale' in version 0.22 to account better for unscaled features. Set gamma explicitly to 'auto' or 'scale' to avoid this warning.
  "avoid this warning.", FutureWarning)
/usr/local/lib/python3.5/dist-packages/sklearn/svm/base.py:196: FutureWarning: The default value of gamma will change from 'auto' to 'scale' in version 0.22 to account better for unscaled features. Set gamma explicitly to 'auto' or 'scale' to avoid this warning.
  "avoid this warning.", FutureWarning)
/usr/local/lib/python3.5/dist-packages/sklearn/svm/base.py:196: FutureWarning: The default value of gamma will change from 'auto' to 'scale' in version 0.22 to account better for unscaled features. Set gamma explicitly to 'auto' or 'scale' to avoid this warning.
  "avoid this warning.", FutureWarning)
/usr/local/lib/python3.5/dist-packages/sklearn/svm/base.py:196: FutureWarning: The default value of gamma will change from 'auto' to 'scale' in version 0.22 to account better for unscaled features. Set gamma explicitly to 'auto' or 'scale' to avoid this warning.
  "avoid this warning.", FutureWarning)
/usr/local/lib/python3.5/dist-packages/sklearn/svm/base.py:196: FutureWarning: The default value of gamma will change from 'auto' to 'scale' in version 0.22 to account better for unscaled features. Set gamma explicitly to 'auto' or 'scale' to avoid this warning.
  "avoid this warning.", FutureWarning)
/usr/local/lib/python3.5/dist-packages/sklearn/svm/base.py:196: FutureWarning: The default value of gamma will change from 'auto' to 'scale' in version 0.22 to account better for unscaled features. Set gamma explicitly to 'auto' or 'scale' to avoid this warning.
  "avoid this warning.", FutureWarning)
/usr/local/lib/python3.5/dist-packages/sklearn/svm/base.py:196: FutureWarning: The default value of gamma will change from 'auto' to 'scale' in version 0.22 to account better for unscaled features. Set gamma explicitly to 'auto' or 'scale' to avoid this warning.
  "avoid this warning.", FutureWarning)
/usr/local/lib/python3.5/dist-packages/sklearn/svm/base.py:196: FutureWarning: The default value of gamma will change from 'auto' to 'scale' in version 0.22 to account better for unscaled features. Set gamma explicitly to 'auto' or 'scale' to avoid this warning.
  "avoid this warning.", FutureWarning)
/usr/local/lib/python3.5/dist-packages/sklearn/svm/base.py:196: FutureWarning: The default value of gamma will change from 'auto' to 'scale' in version 0.22 to account better for unscaled features. Set gamma explicitly to 'auto' or 'scale' to avoid this warning.
  "avoid this warning.", FutureWarning)
/usr/local/lib/python3.5/dist-packages/sklearn/svm/base.py:196: FutureWarning: The default value of gamma will change from 'auto' to 'scale' in version 0.22 to account better for unscaled features. Set gamma explicitly to 'auto' or 'scale' to avoid this warning.
  "avoid this warning.", FutureWarning)
训练数据：特色词条1807条,非特色词条:5390条
测试数据：特色词条201条,非特色词条:599条
{'acc': 0.935, 'r': 0.8407960199004975, 'f1': 0.8666666666666666, 'p': 0.8941798941798942}
训练数据：特色词条1807条,非特色词条:5390条
测试数据：特色词条201条,非特色词条:599条
{'acc': 0.935, 'r': 0.8308457711442786, 'f1': 0.8652849740932642, 'p': 0.9027027027027027}
训练数据：特色词条1807条,非特色词条:5390条
测试数据：特色词条201条,非特色词条:599条
{'acc': 0.9325, 'r': 0.8557213930348259, 'f1': 0.8643216080402009, 'p': 0.8730964467005076}
训练数据：特色词条1807条,非特色词条:5390条
测试数据：特色词条201条,非特色词条:599条
{'acc': 0.93625, 'r': 0.8208955223880597, 'f1': 0.8661417322834646, 'p': 0.9166666666666666}
训练数据：特色词条1807条,非特色词条:5390条
测试数据：特色词条201条,非特色词条:599条
{'acc': 0.93125, 'r': 0.8955223880597015, 'f1': 0.8674698795180723, 'p': 0.8411214953271028}
训练数据：特色词条1807条,非特色词条:5390条
测试数据：特色词条201条,非特色词条:599条
{'acc': 0.935, 'r': 0.8308457711442786, 'f1': 0.8652849740932642, 'p': 0.9027027027027027}
训练数据：特色词条1807条,非特色词条:5390条
测试数据：特色词条201条,非特色词条:599条
{'acc': 0.9325, 'r': 0.8507462686567164, 'f1': 0.8636363636363636, 'p': 0.8769230769230769}
训练数据：特色词条1807条,非特色词条:5390条
测试数据：特色词条201条,非特色词条:599条
{'acc': 0.94375, 'r': 0.8706467661691543, 'f1': 0.8860759493670887, 'p': 0.9020618556701031}
训练数据：特色词条1807条,非特色词条:5390条
测试数据：特色词条201条,非特色词条:599条
{'acc': 0.94, 'r': 0.8805970149253731, 'f1': 0.8805970149253731, 'p': 0.8805970149253731}
训练数据：特色词条1807条,非特色词条:5390条
测试数据：特色词条201条,非特色词条:599条
{'acc': 0.92625, 'r': 0.8606965174129353, 'f1': 0.8543209876543211, 'p': 0.8480392156862745}
训练数据：特色词条1807条,非特色词条:5390条
测试数据：特色词条201条,非特色词条:599条
{'acc': 0.94, 'r': 0.8656716417910447, 'f1': 0.8787878787878788, 'p': 0.8923076923076924}
训练数据：特色词条1807条,非特色词条:5390条
测试数据：特色词条201条,非特色词条:599条
{'acc': 0.93625, 'r': 0.8706467661691543, 'f1': 0.8728179551122195, 'p': 0.875}
训练数据：特色词条1807条,非特色词条:5390条
测试数据：特色词条201条,非特色词条:599条
{'acc': 0.93625, 'r': 0.8756218905472637, 'f1': 0.8734491315136477, 'p': 0.8712871287128713}
训练数据：特色词条1807条,非特色词条:5390条
测试数据：特色词条201条,非特色词条:599条
{'acc': 0.91375, 'r': 0.8059701492537313, 'f1': 0.8244274809160305, 'p': 0.84375}
训练数据：特色词条1807条,非特色词条:5390条
测试数据：特色词条201条,非特色词条:599条
{'acc': 0.92, 'r': 0.845771144278607, 'f1': 0.8415841584158417, 'p': 0.8374384236453202}
训练数据：特色词条1807条,非特色词条:5390条
测试数据：特色词条201条,非特色词条:599条
{'acc': 0.935, 'r': 0.845771144278607, 'f1': 0.8673469387755102, 'p': 0.8900523560209425}
训练数据：特色词条1807条,非特色词条:5390条
测试数据：特色词条201条,非特色词条:599条
{'acc': 0.945, 'r': 0.8805970149253731, 'f1': 0.8894472361809045, 'p': 0.8984771573604061}
训练数据：特色词条1807条,非特色词条:5390条
测试数据：特色词条201条,非特色词条:599条
{'acc': 0.93375, 'r': 0.8507462686567164, 'f1': 0.8658227848101266, 'p': 0.8814432989690721}
训练数据：特色词条1807条,非特色词条:5390条
测试数据：特色词条201条,非特色词条:599条
{'acc': 0.93, 'r': 0.835820895522388, 'f1': 0.8571428571428571, 'p': 0.8795811518324608}
训练数据：特色词条1807条,非特色词条:5390条
测试数据：特色词条201条,非特色词条:599条
{'acc': 0.93375, 'r': 0.8805970149253731, 'f1': 0.8697788697788698, 'p': 0.8592233009708737}
训练数据：特色词条1807条,非特色词条:5390条
测试数据：特色词条201条,非特色词条:599条
{'acc': 0.9225, 'r': 0.8407960199004975, 'f1': 0.845, 'p': 0.8492462311557789}
训练数据：特色词条1807条,非特色词条:5390条
测试数据：特色词条201条,非特色词条:599条
{'acc': 0.93625, 'r': 0.8656716417910447, 'f1': 0.8721804511278195, 'p': 0.8787878787878788}
训练数据：特色词条1807条,非特色词条:5390条
测试数据：特色词条201条,非特色词条:599条
{'acc': 0.94625, 'r': 0.900497512437811, 'f1': 0.8938271604938272, 'p': 0.8872549019607843}
训练数据：特色词条1807条,非特色词条:5390条
测试数据：特色词条201条,非特色词条:599条
{'acc': 0.9475, 'r': 0.8855721393034826, 'f1': 0.8944723618090452, 'p': 0.9035532994923858}
训练数据：特色词条1807条,非特色词条:5390条
测试数据：特色词条201条,非特色词条:599条
{'acc': 0.92125, 'r': 0.8109452736318408, 'f1': 0.8380462724935732, 'p': 0.8670212765957447}
训练数据：特色词条1807条,非特色词条:5390条
测试数据：特色词条201条,非特色词条:599条
{'acc': 0.92125, 'r': 0.8308457711442786, 'f1': 0.8413098236775819, 'p': 0.8520408163265306}
训练数据：特色词条1807条,非特色词条:5390条
测试数据：特色词条201条,非特色词条:599条
{'acc': 0.94, 'r': 0.8706467661691543, 'f1': 0.8793969849246231, 'p': 0.8883248730964467}
训练数据：特色词条1807条,非特色词条:5390条
测试数据：特色词条201条,非特色词条:599条
{'acc': 0.92375, 'r': 0.8557213930348259, 'f1': 0.8493827160493828, 'p': 0.8431372549019608}
训练数据：特色词条1807条,非特色词条:5390条
测试数据：特色词条201条,非特色词条:599条
{'acc': 0.94, 'r': 0.8507462686567164, 'f1': 0.8769230769230769, 'p': 0.9047619047619048}
训练数据：特色词条1807条,非特色词条:5390条
测试数据：特色词条201条,非特色词条:599条
{'acc': 0.92625, 'r': 0.8308457711442786, 'f1': 0.8498727735368957, 'p': 0.8697916666666666}
训练数据：特色词条1807条,非特色词条:5390条
测试数据：特色词条201条,非特色词条:599条
{'acc': 0.9425, 'r': 0.8706467661691543, 'f1': 0.8838383838383838, 'p': 0.8974358974358975}
训练数据：特色词条1807条,非特色词条:5390条
测试数据：特色词条201条,非特色词条:599条
{'acc': 0.935, 'r': 0.8805970149253731, 'f1': 0.8719211822660099, 'p': 0.8634146341463415}
训练数据：特色词条1807条,非特色词条:5390条
测试数据：特色词条201条,非特色词条:599条
{'acc': 0.94875, 'r': 0.8955223880597015, 'f1': 0.8977556109725685, 'p': 0.9}
训练数据：特色词条1807条,非特色词条:5390条
测试数据：特色词条201条,非特色词条:599条
{'acc': 0.91875, 'r': 0.7960199004975125, 'f1': 0.8311688311688312, 'p': 0.8695652173913043}
训练数据：特色词条1807条,非特色词条:5390条
测试数据：特色词条201条,非特色词条:599条
{'acc': 0.93625, 'r': 0.8606965174129353, 'f1': 0.871536523929471, 'p': 0.8826530612244898}
训练数据：特色词条1807条,非特色词条:5390条
测试数据：特色词条201条,非特色词条:599条
{'acc': 0.94125, 'r': 0.845771144278607, 'f1': 0.8785529715762275, 'p': 0.9139784946236559}
训练数据：特色词条1807条,非特色词条:5390条
测试数据：特色词条201条,非特色词条:599条
{'acc': 0.92875, 'r': 0.8507462686567164, 'f1': 0.8571428571428571, 'p': 0.8636363636363636}
训练数据：特色词条1807条,非特色词条:5390条
测试数据：特色词条201条,非特色词条:599条
{'acc': 0.93625, 'r': 0.8706467661691543, 'f1': 0.8728179551122195, 'p': 0.875}
训练数据：特色词条1807条,非特色词条:5390条
测试数据：特色词条201条,非特色词条:599条
{'acc': 0.935, 'r': 0.8606965174129353, 'f1': 0.8693467336683418, 'p': 0.8781725888324873}
训练数据：特色词条1807条,非特色词条:5390条
测试数据：特色词条201条,非特色词条:599条
{'acc': 0.9325, 'r': 0.845771144278607, 'f1': 0.8629441624365483, 'p': 0.8808290155440415}/usr/local/lib/python3.5/dist-packages/sklearn/svm/base.py:196: FutureWarning: The default value of gamma will change from 'auto' to 'scale' in version 0.22 to account better for unscaled features. Set gamma explicitly to 'auto' or 'scale' to avoid this warning.
  "avoid this warning.", FutureWarning)
/usr/local/lib/python3.5/dist-packages/sklearn/svm/base.py:196: FutureWarning: The default value of gamma will change from 'auto' to 'scale' in version 0.22 to account better for unscaled features. Set gamma explicitly to 'auto' or 'scale' to avoid this warning.
  "avoid this warning.", FutureWarning)
/usr/local/lib/python3.5/dist-packages/sklearn/svm/base.py:196: FutureWarning: The default value of gamma will change from 'auto' to 'scale' in version 0.22 to account better for unscaled features. Set gamma explicitly to 'auto' or 'scale' to avoid this warning.
  "avoid this warning.", FutureWarning)
/usr/local/lib/python3.5/dist-packages/sklearn/svm/base.py:196: FutureWarning: The default value of gamma will change from 'auto' to 'scale' in version 0.22 to account better for unscaled features. Set gamma explicitly to 'auto' or 'scale' to avoid this warning.
  "avoid this warning.", FutureWarning)
/usr/local/lib/python3.5/dist-packages/sklearn/svm/base.py:196: FutureWarning: The default value of gamma will change from 'auto' to 'scale' in version 0.22 to account better for unscaled features. Set gamma explicitly to 'auto' or 'scale' to avoid this warning.
  "avoid this warning.", FutureWarning)
/usr/local/lib/python3.5/dist-packages/sklearn/svm/base.py:196: FutureWarning: The default value of gamma will change from 'auto' to 'scale' in version 0.22 to account better for unscaled features. Set gamma explicitly to 'auto' or 'scale' to avoid this warning.
  "avoid this warning.", FutureWarning)
/usr/local/lib/python3.5/dist-packages/sklearn/svm/base.py:196: FutureWarning: The default value of gamma will change from 'auto' to 'scale' in version 0.22 to account better for unscaled features. Set gamma explicitly to 'auto' or 'scale' to avoid this warning.
  "avoid this warning.", FutureWarning)
/usr/local/lib/python3.5/dist-packages/sklearn/svm/base.py:196: FutureWarning: The default value of gamma will change from 'auto' to 'scale' in version 0.22 to account better for unscaled features. Set gamma explicitly to 'auto' or 'scale' to avoid this warning.
  "avoid this warning.", FutureWarning)
/usr/local/lib/python3.5/dist-packages/sklearn/svm/base.py:196: FutureWarning: The default value of gamma will change from 'auto' to 'scale' in version 0.22 to account better for unscaled features. Set gamma explicitly to 'auto' or 'scale' to avoid this warning.
  "avoid this warning.", FutureWarning)
/usr/local/lib/python3.5/dist-packages/sklearn/svm/base.py:196: FutureWarning: The default value of gamma will change from 'auto' to 'scale' in version 0.22 to account better for unscaled features. Set gamma explicitly to 'auto' or 'scale' to avoid this warning.
  "avoid this warning.", FutureWarning)
/usr/local/lib/python3.5/dist-packages/sklearn/svm/base.py:196: FutureWarning: The default value of gamma will change from 'auto' to 'scale' in version 0.22 to account better for unscaled features. Set gamma explicitly to 'auto' or 'scale' to avoid this warning.
  "avoid this warning.", FutureWarning)
/usr/local/lib/python3.5/dist-packages/sklearn/svm/base.py:196: FutureWarning: The default value of gamma will change from 'auto' to 'scale' in version 0.22 to account better for unscaled features. Set gamma explicitly to 'auto' or 'scale' to avoid this warning.
  "avoid this warning.", FutureWarning)
/usr/local/lib/python3.5/dist-packages/sklearn/svm/base.py:196: FutureWarning: The default value of gamma will change from 'auto' to 'scale' in version 0.22 to account better for unscaled features. Set gamma explicitly to 'auto' or 'scale' to avoid this warning.
  "avoid this warning.", FutureWarning)
/usr/local/lib/python3.5/dist-packages/sklearn/svm/base.py:196: FutureWarning: The default value of gamma will change from 'auto' to 'scale' in version 0.22 to account better for unscaled features. Set gamma explicitly to 'auto' or 'scale' to avoid this warning.
  "avoid this warning.", FutureWarning)
/usr/local/lib/python3.5/dist-packages/sklearn/svm/base.py:196: FutureWarning: The default value of gamma will change from 'auto' to 'scale' in version 0.22 to account better for unscaled features. Set gamma explicitly to 'auto' or 'scale' to avoid this warning.
  "avoid this warning.", FutureWarning)
/usr/local/lib/python3.5/dist-packages/sklearn/svm/base.py:196: FutureWarning: The default value of gamma will change from 'auto' to 'scale' in version 0.22 to account better for unscaled features. Set gamma explicitly to 'auto' or 'scale' to avoid this warning.
  "avoid this warning.", FutureWarning)
/usr/local/lib/python3.5/dist-packages/sklearn/svm/base.py:196: FutureWarning: The default value of gamma will change from 'auto' to 'scale' in version 0.22 to account better for unscaled features. Set gamma explicitly to 'auto' or 'scale' to avoid this warning.
  "avoid this warning.", FutureWarning)
/usr/local/lib/python3.5/dist-packages/sklearn/svm/base.py:196: FutureWarning: The default value of gamma will change from 'auto' to 'scale' in version 0.22 to account better for unscaled features. Set gamma explicitly to 'auto' or 'scale' to avoid this warning.
  "avoid this warning.", FutureWarning)
/usr/local/lib/python3.5/dist-packages/sklearn/svm/base.py:196: FutureWarning: The default value of gamma will change from 'auto' to 'scale' in version 0.22 to account better for unscaled features. Set gamma explicitly to 'auto' or 'scale' to avoid this warning.
  "avoid this warning.", FutureWarning)
/usr/local/lib/python3.5/dist-packages/sklearn/svm/base.py:196: FutureWarning: The default value of gamma will change from 'auto' to 'scale' in version 0.22 to account better for unscaled features. Set gamma explicitly to 'auto' or 'scale' to avoid this warning.
  "avoid this warning.", FutureWarning)
/usr/local/lib/python3.5/dist-packages/sklearn/svm/base.py:196: FutureWarning: The default value of gamma will change from 'auto' to 'scale' in version 0.22 to account better for unscaled features. Set gamma explicitly to 'auto' or 'scale' to avoid this warning.
  "avoid this warning.", FutureWarning)
/usr/local/lib/python3.5/dist-packages/sklearn/svm/base.py:196: FutureWarning: The default value of gamma will change from 'auto' to 'scale' in version 0.22 to account better for unscaled features. Set gamma explicitly to 'auto' or 'scale' to avoid this warning.
  "avoid this warning.", FutureWarning)

训练数据：特色词条1807条,非特色词条:5390条
测试数据：特色词条201条,非特色词条:599条
{'acc': 0.935, 'r': 0.845771144278607, 'f1': 0.8673469387755102, 'p': 0.8900523560209425}
训练数据：特色词条1807条,非特色词条:5390条
测试数据：特色词条201条,非特色词条:599条
{'acc': 0.94125, 'r': 0.8656716417910447, 'f1': 0.8810126582278481, 'p': 0.8969072164948454}
训练数据：特色词条1807条,非特色词条:5390条
测试数据：特色词条201条,非特色词条:599条
{'acc': 0.92625, 'r': 0.8258706467661692, 'f1': 0.8491048593350383, 'p': 0.8736842105263158}
训练数据：特色词条1807条,非特色词条:5390条
测试数据：特色词条201条,非特色词条:599条
{'acc': 0.93625, 'r': 0.8208955223880597, 'f1': 0.8661417322834646, 'p': 0.9166666666666666}
训练数据：特色词条1807条,非特色词条:5390条
测试数据：特色词条201条,非特色词条:599条
{'acc': 0.9325, 'r': 0.8009950248756219, 'f1': 0.8563829787234044, 'p': 0.92}
训练数据：特色词条1807条,非特色词条:5390条
测试数据：特色词条201条,非特色词条:599条
{'acc': 0.925, 'r': 0.8159203980099502, 'f1': 0.8453608247422681, 'p': 0.8770053475935828}
训练数据：特色词条1807条,非特色词条:5390条
测试数据：特色词条201条,非特色词条:599条
{'acc': 0.9375, 'r': 0.8557213930348259, 'f1': 0.8730964467005076, 'p': 0.8911917098445595}
训练数据：特色词条1807条,非特色词条:5390条
测试数据：特色词条201条,非特色词条:599条
{'acc': 0.9375, 'r': 0.8557213930348259, 'f1': 0.8730964467005076, 'p': 0.8911917098445595}
训练数据：特色词条1807条,非特色词条:5390条
测试数据：特色词条201条,非特色词条:599条
{'acc': 0.93625, 'r': 0.8557213930348259, 'f1': 0.870886075949367, 'p': 0.8865979381443299}
训练数据：特色词条1807条,非特色词条:5390条
测试数据：特色词条201条,非特色词条:599条
{'acc': 0.9275, 'r': 0.835820895522388, 'f1': 0.8527918781725888, 'p': 0.8704663212435233}
训练数据：特色词条1807条,非特色词条:5390条
测试数据：特色词条201条,非特色词条:599条
平均评估参数:精确度:0.8809804086852808,准确度:0.933725,召回率:0.8518407960199008,f1值:0.8658612622893948
最大评估参数:精确度:0.92,准确度:0.94875,召回率:0.900497512437811,f1值:0.8977556109725685
