训练数据：特色词条1807条,非特色词条:5390条
测试数据：特色词条201条,非特色词条:599条
{'f1': 0.8431372549019608, 'r': 0.8557213930348259, 'p': 0.8309178743961353, 'acc': 0.92}
训练数据：特色词条1807条,非特色词条:5390条
测试数据：特色词条201条,非特色词条:599条
{'f1': 0.8691358024691358, 'r': 0.8756218905472637, 'p': 0.8627450980392157, 'acc': 0.93375}
训练数据：特色词条1807条,非特色词条:5390条
测试数据：特色词条201条,非特色词条:599条
{'f1': 0.8142493638676845, 'r': 0.7960199004975125, 'p': 0.8333333333333334, 'acc': 0.90875}
训练数据：特色词条1807条,非特色词条:5390条
测试数据：特色词条201条,非特色词条:599条
{'f1': 0.8284313725490197, 'r': 0.8407960199004975, 'p': 0.8164251207729468, 'acc': 0.9125}
训练数据：特色词条1807条,非特色词条:5390条
测试数据：特色词条201条,非特色词条:599条
{'f1': 0.836272040302267, 'r': 0.8258706467661692, 'p': 0.8469387755102041, 'acc': 0.91875}
训练数据：特色词条1807条,非特色词条:5390条
测试数据：特色词条201条,非特色词条:599条
{'f1': 0.8387096774193548, 'r': 0.8407960199004975, 'p': 0.8366336633663366, 'acc': 0.91875}
训练数据：特色词条1807条,非特色词条:5390条
测试数据：特色词条201条,非特色词条:599条
{'f1': 0.85012285012285, 'r': 0.8606965174129353, 'p': 0.8398058252427184, 'acc': 0.92375}
训练数据：特色词条1807条,非特色词条:5390条
测试数据：特色词条201条,非特色词条:599条
{'f1': 0.8439897698209718, 'r': 0.8208955223880597, 'p': 0.868421052631579, 'acc': 0.92375}
训练数据：特色词条1807条,非特色词条:5390条
测试数据：特色词条201条,非特色词条:599条
{'f1': 0.8454106280193237, 'r': 0.8706467661691543, 'p': 0.8215962441314554, 'acc': 0.92}
训练数据：特色词条1807条,非特色词条:5390条
测试数据：特色词条201条,非特色词条:599条
{'f1': 0.8390243902439025, 'r': 0.8557213930348259, 'p': 0.8229665071770335, 'acc': 0.9175}
训练数据：特色词条1807条,非特色词条:5390条
测试数据：特色词条201条,非特色词条:599条
{'f1': 0.8457711442786071, 'r': 0.845771144278607, 'p': 0.845771144278607, 'acc': 0.9225}
训练数据：特色词条1807条,非特色词条:5390条
测试数据：特色词条201条,非特色词条:599条
{'f1': 0.8387096774193548, 'r': 0.8407960199004975, 'p': 0.8366336633663366, 'acc': 0.91875}
训练数据：特色词条1807条,非特色词条:5390条
测试数据：特色词条201条,非特色词条:599条
{'f1': 0.8402948402948404, 'r': 0.8507462686567164, 'p': 0.8300970873786407, 'acc': 0.91875}
训练数据：特色词条1807条,非特色词条:5390条
测试数据：特色词条201条,非特色词条:599条
{'f1': 0.8325123152709359, 'r': 0.8407960199004975, 'p': 0.824390243902439, 'acc': 0.915}
训练数据：特色词条1807条,非特色词条:5390条
测试数据：特色词条201条,非特色词条:599条
{'f1': 0.849740932642487, 'r': 0.8159203980099502, 'p': 0.8864864864864865, 'acc': 0.9275}
训练数据：特色词条1807条,非特色词条:5390条
测试数据：特色词条201条,非特色词条:599条
{'f1': 0.8370927318295739, 'r': 0.8308457711442786, 'p': 0.8434343434343434, 'acc': 0.91875}
训练数据：特色词条1807条,非特色词条:5390条
测试数据：特色词条201条,非特色词条:599条
{'f1': 0.7948717948717948, 'r': 0.7711442786069652, 'p': 0.8201058201058201, 'acc': 0.9}
训练数据：特色词条1807条,非特色词条:5390条
测试数据：特色词条201条,非特色词条:599条
{'f1': 0.8658227848101266, 'r': 0.8507462686567164, 'p': 0.8814432989690721, 'acc': 0.93375}
训练数据：特色词条1807条,非特色词条:5390条
测试数据：特色词条201条,非特色词条:599条
{'f1': 0.849246231155779, 'r': 0.8407960199004975, 'p': 0.8578680203045685, 'acc': 0.925}
训练数据：特色词条1807条,非特色词条:5390条
测试数据：特色词条201条,非特色词条:599条
{'f1': 0.8439024390243902, 'r': 0.8606965174129353, 'p': 0.8277511961722488, 'acc': 0.92}
训练数据：特色词条1807条,非特色词条:5390条
测试数据：特色词条201条,非特色词条:599条
{'f1': 0.8120300751879699, 'r': 0.8059701492537313, 'p': 0.8181818181818182, 'acc': 0.90625}
训练数据：特色词条1807条,非特色词条:5390条
测试数据：特色词条201条,非特色词条:599条
{'f1': 0.8238213399503722, 'r': 0.8258706467661692, 'p': 0.8217821782178217, 'acc': 0.91125}
训练数据：特色词条1807条,非特色词条:5390条
测试数据：特色词条201条,非特色词条:599条
{'f1': 0.8480392156862746, 'r': 0.8606965174129353, 'p': 0.8357487922705314, 'acc': 0.9225}
训练数据：特色词条1807条,非特色词条:5390条
测试数据：特色词条201条,非特色词条:599条
{'f1': 0.7938931297709924, 'r': 0.7761194029850746, 'p': 0.8125, 'acc': 0.89875}
训练数据：特色词条1807条,非特色词条:5390条
测试数据：特色词条201条,非特色词条:599条
{'f1': 0.8423645320197045, 'r': 0.8507462686567164, 'p': 0.8341463414634146, 'acc': 0.92}
训练数据：特色词条1807条,非特色词条:5390条
测试数据：特色词条201条,非特色词条:599条
{'f1': 0.8223350253807106, 'r': 0.8059701492537313, 'p': 0.8393782383419689, 'acc': 0.9125}
训练数据：特色词条1807条,非特色词条:5390条
测试数据：特色词条201条,非特色词条:599条
{'f1': 0.8374384236453203, 'r': 0.845771144278607, 'p': 0.8292682926829268, 'acc': 0.9175}
训练数据：特色词条1807条,非特色词条:5390条
测试数据：特色词条201条,非特色词条:599条
{'f1': 0.8140703517587939, 'r': 0.8059701492537313, 'p': 0.8223350253807107, 'acc': 0.9075}
训练数据：特色词条1807条,非特色词条:5390条
测试数据：特色词条201条,非特色词条:599条
{'f1': 0.8585131894484412, 'r': 0.8905472636815921, 'p': 0.8287037037037037, 'acc': 0.92625}
训练数据：特色词条1807条,非特色词条:5390条
测试数据：特色词条201条,非特色词条:599条
{'f1': 0.8407960199004975, 'r': 0.8407960199004975, 'p': 0.8407960199004975, 'acc': 0.92}
训练数据：特色词条1807条,非特色词条:5390条
测试数据：特色词条201条,非特色词条:599条
{'f1': 0.8585607940446649, 'r': 0.8606965174129353, 'p': 0.8564356435643564, 'acc': 0.92875}
训练数据：特色词条1807条,非特色词条:5390条
测试数据：特色词条201条,非特色词条:599条
{'f1': 0.8678304239401496, 'r': 0.8656716417910447, 'p': 0.87, 'acc': 0.93375}
训练数据：特色词条1807条,非特色词条:5390条
测试数据：特色词条201条,非特色词条:599条
{'f1': 0.8629441624365483, 'r': 0.845771144278607, 'p': 0.8808290155440415, 'acc': 0.9325}
训练数据：特色词条1807条,非特色词条:5390条
测试数据：特色词条201条,非特色词条:599条
{'f1': 0.8165374677002585, 'r': 0.7860696517412935, 'p': 0.8494623655913979, 'acc': 0.91125}
训练数据：特色词条1807条,非特色词条:5390条
测试数据：特色词条201条,非特色词条:599条
{'f1': 0.8256410256410256, 'r': 0.8009950248756219, 'p': 0.8518518518518519, 'acc': 0.915}
训练数据：特色词条1807条,非特色词条:5390条
测试数据：特色词条201条,非特色词条:599条
{'f1': 0.8527918781725888, 'r': 0.835820895522388, 'p': 0.8704663212435233, 'acc': 0.9275}
训练数据：特色词条1807条,非特色词条:5390条
测试数据：特色词条201条,非特色词条:599条
{'f1': 0.8431876606683805, 'r': 0.8159203980099502, 'p': 0.8723404255319149, 'acc': 0.92375}
训练数据：特色词条1807条,非特色词条:5390条
测试数据：特色词条201条,非特色词条:599条
{'f1': 0.8391959798994976, 'r': 0.8308457711442786, 'p': 0.8477157360406091, 'acc': 0.92}
训练数据：特色词条1807条,非特色词条:5390条
测试数据：特色词条201条,非特色词条:599条
{'f1': 0.8235294117647058, 'r': 0.8009950248756219, 'p': 0.8473684210526315, 'acc': 0.91375}
训练数据：特色词条1807条,非特色词条:5390条
测试数据：特色词条201条,非特色词条:599条
{'f1': 0.8495145631067962, 'r': 0.8706467661691543, 'p': 0.8293838862559242, 'acc': 0.9225}
训练数据：特色词条1807条,非特色词条:5390条
测试数据：特色词条201条,非特色词条:599条
{'f1': 0.8312342569269522, 'r': 0.8208955223880597, 'p': 0.8418367346938775, 'acc': 0.91625}
训练数据：特色词条1807条,非特色词条:5390条
测试数据：特色词条201条,非特色词条:599条
{'f1': 0.84375, 'r': 0.8059701492537313, 'p': 0.8852459016393442, 'acc': 0.925}
训练数据：特色词条1807条,非特色词条:5390条
测试数据：特色词条201条,非特色词条:599条
{'f1': 0.8284313725490197, 'r': 0.8407960199004975, 'p': 0.8164251207729468, 'acc': 0.9125}
训练数据：特色词条1807条,非特色词条:5390条
测试数据：特色词条201条,非特色词条:599条
{'f1': 0.8256410256410256, 'r': 0.8009950248756219, 'p': 0.8518518518518519, 'acc': 0.915}
训练数据：特色词条1807条,非特色词条:5390条
测试数据：特色词条201条,非特色词条:599条
{'f1': 0.7980049875311721, 'r': 0.7960199004975125, 'p': 0.8, 'acc': 0.89875}
训练数据：特色词条1807条,非特色词条:5390条
测试数据：特色词条201条,非特色词条:599条
{'f1': 0.8506329113924052, 'r': 0.835820895522388, 'p': 0.865979381443299, 'acc': 0.92625}
训练数据：特色词条1807条,非特色词条:5390条
测试数据：特色词条201条,非特色词条:599条
{'f1': 0.8731707317073171, 'r': 0.8905472636815921, 'p': 0.8564593301435407, 'acc': 0.935}
训练数据：特色词条1807条,非特色词条:5390条
测试数据：特色词条201条,非特色词条:599条
{'f1': 0.8255528255528256, 'r': 0.835820895522388, 'p': 0.8155339805825242, 'acc': 0.91125}
训练数据：特色词条1807条,非特色词条:5390条
测试数据：特色词条201条,非特色词条:599条
{'f1': 0.8374384236453203, 'r': 0.845771144278607, 'p': 0.8292682926829268, 'acc': 0.9175}
训练数据：特色词条1807条,非特色词条:5390条
测试数据：特色词条201条,非特色词条:599条
{'f1': 0.8592592592592593, 'r': 0.8656716417910447, 'p': 0.8529411764705882, 'acc': 0.92875}
训练数据：特色词条1807条,非特色词条:5390条
测试数据：特色词条201条,非特色词条:599条
平均评估参数:精确度:0.8421600129220012,准确度:0.9191000000000001,召回率:0.8350248756218908,f1值:0.8382519701128669
最大评估参数:精确度:0.8864864864864865,准确度:0.935,召回率:0.8905472636815921,f1值:0.8731707317073171
