训练数据：特色词条1807条,非特色词条:5390条
测试数据：特色词条201条,非特色词条:599条
t:0,epoch:0
训练数据：特色词条1807条,非特色词条:5390条
测试数据：特色词条201条,非特色词条:599条
t:0,epoch:1
训练数据：特色词条1807条,非特色词条:5390条
测试数据：特色词条201条,非特色词条:599条
t:0,epoch:2
训练数据：特色词条1807条,非特色词条:5390条
测试数据：特色词条201条,非特色词条:599条
t:0,epoch:3
训练数据：特色词条1807条,非特色词条:5390条
测试数据：特色词条201条,非特色词条:599条
t:0,epoch:4
训练数据：特色词条1807条,非特色词条:5390条
测试数据：特色词条201条,非特色词条:599条
t:0,epoch:5
训练数据：特色词条1807条,非特色词条:5390条
测试数据：特色词条201条,非特色词条:599条
t:0,epoch:6
训练数据：特色词条1807条,非特色词条:5390条
测试数据：特色词条201条,非特色词条:599条
t:0,epoch:7
训练数据：特色词条1807条,非特色词条:5390条
测试数据：特色词条201条,非特色词条:599条
t:0,epoch:8
训练数据：特色词条1807条,非特色词条:5390条
测试数据：特色词条201条,非特色词条:599条
t:0,epoch:9
训练数据：特色词条1807条,非特色词条:5390条
测试数据：特色词条201条,非特色词条:599条
t:0,epoch:10
训练数据：特色词条1807条,非特色词条:5390条
测试数据：特色词条201条,非特色词条:599条
t:0,epoch:11
训练数据：特色词条1807条,非特色词条:5390条
测试数据：特色词条201条,非特色词条:599条
t:0,epoch:12
训练数据：特色词条1807条,非特色词条:5390条
测试数据：特色词条201条,非特色词条:599条
t:0,epoch:13
训练数据：特色词条1807条,非特色词条:5390条
测试数据：特色词条201条,非特色词条:599条
t:0,epoch:14
训练数据：特色词条1807条,非特色词条:5390条
测试数据：特色词条201条,非特色词条:599条
t:0,epoch:15
训练数据：特色词条1807条,非特色词条:5390条
测试数据：特色词条201条,非特色词条:599条
t:0,epoch:16
训练数据：特色词条1807条,非特色词条:5390条
测试数据：特色词条201条,非特色词条:599条
t:0,epoch:17
训练数据：特色词条1807条,非特色词条:5390条
测试数据：特色词条201条,非特色词条:599条
t:0,epoch:18
训练数据：特色词条1807条,非特色词条:5390条
测试数据：特色词条201条,非特色词条:599条
t:0,epoch:19
训练数据：特色词条1807条,非特色词条:5390条
测试数据：特色词条201条,非特色词条:599条
t:0,epoch:20
训练数据：特色词条1807条,非特色词条:5390条
测试数据：特色词条201条,非特色词条:599条
t:0,epoch:21
训练数据：特色词条1807条,非特色词条:5390条
测试数据：特色词条201条,非特色词条:599条
t:0,epoch:22
训练数据：特色词条1807条,非特色词条:5390条
测试数据：特色词条201条,非特色词条:599条
t:0,epoch:23
训练数据：特色词条1807条,非特色词条:5390条
测试数据：特色词条201条,非特色词条:599条
t:0,epoch:24
训练数据：特色词条1807条,非特色词条:5390条
测试数据：特色词条201条,非特色词条:599条
t:0,epoch:25
训练数据：特色词条1807条,非特色词条:5390条
测试数据：特色词条201条,非特色词条:599条
t:0,epoch:26
训练数据：特色词条1807条,非特色词条:5390条
测试数据：特色词条201条,非特色词条:599条
t:0,epoch:27
训练数据：特色词条1807条,非特色词条:5390条
测试数据：特色词条201条,非特色词条:599条
t:0,epoch:28
训练数据：特色词条1807条,非特色词条:5390条
测试数据：特色词条201条,非特色词条:599条
t:0,epoch:29
训练数据：特色词条1807条,非特色词条:5390条
测试数据：特色词条201条,非特色词条:599条
t:0,epoch:30
训练数据：特色词条1807条,非特色词条:5390条
测试数据：特色词条201条,非特色词条:599条
t:0,epoch:31
训练数据：特色词条1807条,非特色词条:5390条
测试数据：特色词条201条,非特色词条:599条
t:0,epoch:32
训练数据：特色词条1807条,非特色词条:5390条
测试数据：特色词条201条,非特色词条:599条
t:0,epoch:33
训练数据：特色词条1807条,非特色词条:5390条
测试数据：特色词条201条,非特色词条:599条
t:0,epoch:34
训练数据：特色词条1807条,非特色词条:5390条
测试数据：特色词条201条,非特色词条:599条
t:0,epoch:35
训练数据：特色词条1807条,非特色词条:5390条
测试数据：特色词条201条,非特色词条:599条
t:0,epoch:36
训练数据：特色词条1807条,非特色词条:5390条
测试数据：特色词条201条,非特色词条:599条
t:0,epoch:37
训练数据：特色词条1807条,非特色词条:5390条
测试数据：特色词条201条,非特色词条:599条
t:0,epoch:38
训练数据：特色词条1807条,非特色词条:5390条
测试数据：特色词条201条,非特色词条:599条
t:0,epoch:39
训练数据：特色词条1807条,非特色词条:5390条
测试数据：特色词条201条,非特色词条:599条
t:0,epoch:40
训练数据：特色词条1807条,非特色词条:5390条
测试数据：特色词条201条,非特色词条:599条
t:0,epoch:41
训练数据：特色词条1807条,非特色词条:5390条
测试数据：特色词条201条,非特色词条:599条
t:0,epoch:42
训练数据：特色词条1807条,非特色词条:5390条
测试数据：特色词条201条,非特色词条:599条
t:0,epoch:43
训练数据：特色词条1807条,非特色词条:5390条
测试数据：特色词条201条,非特色词条:599条
t:0,epoch:44
训练数据：特色词条1807条,非特色词条:5390条
测试数据：特色词条201条,非特色词条:599条
t:0,epoch:45
训练数据：特色词条1807条,非特色词条:5390条
测试数据：特色词条201条,非特色词条:599条
t:0,epoch:46
训练数据：特色词条1807条,非特色词条:5390条
测试数据：特色词条201条,非特色词条:599条
t:0,epoch:47
训练数据：特色词条1807条,非特色词条:5390条
测试数据：特色词条201条,非特色词条:599条
t:0,epoch:48
训练数据：特色词条1807条,非特色词条:5390条
测试数据：特色词条201条,非特色词条:599条
t:0,epoch:49
训练数据：特色词条1807条,非特色词条:5390条
测试数据：特色词条201条,非特色词条:599条
平均评估参数:精确度:0.8956778063621889,准确度:0.9147249999999998,召回率:0.7481592039800995,f1值:0.8147927948021432
{'r': 0.7481592039800995, 'acc': 0.9147249999999998, 'f1': 0.8147927948021432, 'p': 0.8956778063621889}
最大评估参数:精确度:0.9358974358974359,准确度:0.9325,召回率:0.8258706467661692,f1值:0.8601036269430051
t:1,epoch:0
训练数据：特色词条1807条,非特色词条:5390条
测试数据：特色词条201条,非特色词条:599条
t:1,epoch:1
训练数据：特色词条1807条,非特色词条:5390条
测试数据：特色词条201条,非特色词条:599条
t:1,epoch:2
训练数据：特色词条1807条,非特色词条:5390条
测试数据：特色词条201条,非特色词条:599条
t:1,epoch:3
训练数据：特色词条1807条,非特色词条:5390条
测试数据：特色词条201条,非特色词条:599条
t:1,epoch:4
训练数据：特色词条1807条,非特色词条:5390条
测试数据：特色词条201条,非特色词条:599条
t:1,epoch:5
训练数据：特色词条1807条,非特色词条:5390条
测试数据：特色词条201条,非特色词条:599条
t:1,epoch:6
训练数据：特色词条1807条,非特色词条:5390条
测试数据：特色词条201条,非特色词条:599条
t:1,epoch:7
训练数据：特色词条1807条,非特色词条:5390条
测试数据：特色词条201条,非特色词条:599条
t:1,epoch:8
训练数据：特色词条1807条,非特色词条:5390条
测试数据：特色词条201条,非特色词条:599条
t:1,epoch:9
训练数据：特色词条1807条,非特色词条:5390条
测试数据：特色词条201条,非特色词条:599条
t:1,epoch:10
训练数据：特色词条1807条,非特色词条:5390条
测试数据：特色词条201条,非特色词条:599条
t:1,epoch:11
训练数据：特色词条1807条,非特色词条:5390条
测试数据：特色词条201条,非特色词条:599条
t:1,epoch:12
训练数据：特色词条1807条,非特色词条:5390条
测试数据：特色词条201条,非特色词条:599条
t:1,epoch:13
训练数据：特色词条1807条,非特色词条:5390条
测试数据：特色词条201条,非特色词条:599条
t:1,epoch:14
训练数据：特色词条1807条,非特色词条:5390条
测试数据：特色词条201条,非特色词条:599条
t:1,epoch:15
训练数据：特色词条1807条,非特色词条:5390条
测试数据：特色词条201条,非特色词条:599条
t:1,epoch:16
训练数据：特色词条1807条,非特色词条:5390条
测试数据：特色词条201条,非特色词条:599条
t:1,epoch:17
训练数据：特色词条1807条,非特色词条:5390条
测试数据：特色词条201条,非特色词条:599条
t:1,epoch:18
训练数据：特色词条1807条,非特色词条:5390条
测试数据：特色词条201条,非特色词条:599条
t:1,epoch:19
训练数据：特色词条1807条,非特色词条:5390条
测试数据：特色词条201条,非特色词条:599条
t:1,epoch:20
训练数据：特色词条1807条,非特色词条:5390条
测试数据：特色词条201条,非特色词条:599条
t:1,epoch:21
训练数据：特色词条1807条,非特色词条:5390条
测试数据：特色词条201条,非特色词条:599条
t:1,epoch:22
训练数据：特色词条1807条,非特色词条:5390条
测试数据：特色词条201条,非特色词条:599条
t:1,epoch:23
训练数据：特色词条1807条,非特色词条:5390条
测试数据：特色词条201条,非特色词条:599条
t:1,epoch:24
训练数据：特色词条1807条,非特色词条:5390条
测试数据：特色词条201条,非特色词条:599条
t:1,epoch:25
训练数据：特色词条1807条,非特色词条:5390条
测试数据：特色词条201条,非特色词条:599条
t:1,epoch:26
训练数据：特色词条1807条,非特色词条:5390条
测试数据：特色词条201条,非特色词条:599条
t:1,epoch:27
训练数据：特色词条1807条,非特色词条:5390条
测试数据：特色词条201条,非特色词条:599条
t:1,epoch:28
训练数据：特色词条1807条,非特色词条:5390条
测试数据：特色词条201条,非特色词条:599条
t:1,epoch:29
训练数据：特色词条1807条,非特色词条:5390条
测试数据：特色词条201条,非特色词条:599条
t:1,epoch:30
训练数据：特色词条1807条,非特色词条:5390条
测试数据：特色词条201条,非特色词条:599条
t:1,epoch:31
训练数据：特色词条1807条,非特色词条:5390条
测试数据：特色词条201条,非特色词条:599条
t:1,epoch:32
训练数据：特色词条1807条,非特色词条:5390条
测试数据：特色词条201条,非特色词条:599条
t:1,epoch:33
训练数据：特色词条1807条,非特色词条:5390条
测试数据：特色词条201条,非特色词条:599条
t:1,epoch:34
训练数据：特色词条1807条,非特色词条:5390条
测试数据：特色词条201条,非特色词条:599条
t:1,epoch:35
训练数据：特色词条1807条,非特色词条:5390条
测试数据：特色词条201条,非特色词条:599条
t:1,epoch:36
训练数据：特色词条1807条,非特色词条:5390条
测试数据：特色词条201条,非特色词条:599条
t:1,epoch:37
训练数据：特色词条1807条,非特色词条:5390条
测试数据：特色词条201条,非特色词条:599条
t:1,epoch:38
训练数据：特色词条1807条,非特色词条:5390条
测试数据：特色词条201条,非特色词条:599条
t:1,epoch:39
训练数据：特色词条1807条,非特色词条:5390条
测试数据：特色词条201条,非特色词条:599条
t:1,epoch:40
训练数据：特色词条1807条,非特色词条:5390条
测试数据：特色词条201条,非特色词条:599条
t:1,epoch:41
训练数据：特色词条1807条,非特色词条:5390条
测试数据：特色词条201条,非特色词条:599条
t:1,epoch:42
训练数据：特色词条1807条,非特色词条:5390条
测试数据：特色词条201条,非特色词条:599条
t:1,epoch:43
训练数据：特色词条1807条,非特色词条:5390条
测试数据：特色词条201条,非特色词条:599条
t:1,epoch:44
训练数据：特色词条1807条,非特色词条:5390条
测试数据：特色词条201条,非特色词条:599条
t:1,epoch:45
训练数据：特色词条1807条,非特色词条:5390条
测试数据：特色词条201条,非特色词条:599条
t:1,epoch:46
训练数据：特色词条1807条,非特色词条:5390条
测试数据：特色词条201条,非特色词条:599条
t:1,epoch:47
训练数据：特色词条1807条,非特色词条:5390条
测试数据：特色词条201条,非特色词条:599条
t:1,epoch:48
训练数据：特色词条1807条,非特色词条:5390条
测试数据：特色词条201条,非特色词条:599条
t:1,epoch:49
训练数据：特色词条1807条,非特色词条:5390条
测试数据：特色词条201条,非特色词条:599条
平均评估参数:精确度:0.8889834008276993,准确度:0.9137500000000002,召回率:0.7513432835820895,f1值:0.8137654486425092
{'r': 0.7513432835820895, 'acc': 0.9137500000000002, 'f1': 0.8137654486425092, 'p': 0.8889834008276993}
最大评估参数:精确度:0.949685534591195,准确度:0.93625,召回率:0.8258706467661692,f1值:0.8661417322834646
t:2,epoch:0
训练数据：特色词条1807条,非特色词条:5390条
测试数据：特色词条201条,非特色词条:599条
t:2,epoch:1
训练数据：特色词条1807条,非特色词条:5390条
测试数据：特色词条201条,非特色词条:599条
t:2,epoch:2
训练数据：特色词条1807条,非特色词条:5390条
测试数据：特色词条201条,非特色词条:599条
t:2,epoch:3
训练数据：特色词条1807条,非特色词条:5390条
测试数据：特色词条201条,非特色词条:599条
t:2,epoch:4
训练数据：特色词条1807条,非特色词条:5390条
测试数据：特色词条201条,非特色词条:599条
t:2,epoch:5
训练数据：特色词条1807条,非特色词条:5390条
测试数据：特色词条201条,非特色词条:599条
t:2,epoch:6
训练数据：特色词条1807条,非特色词条:5390条
测试数据：特色词条201条,非特色词条:599条
t:2,epoch:7
训练数据：特色词条1807条,非特色词条:5390条
测试数据：特色词条201条,非特色词条:599条
t:2,epoch:8
训练数据：特色词条1807条,非特色词条:5390条
测试数据：特色词条201条,非特色词条:599条
t:2,epoch:9
训练数据：特色词条1807条,非特色词条:5390条
测试数据：特色词条201条,非特色词条:599条
t:2,epoch:10
训练数据：特色词条1807条,非特色词条:5390条
测试数据：特色词条201条,非特色词条:599条
t:2,epoch:11
训练数据：特色词条1807条,非特色词条:5390条
测试数据：特色词条201条,非特色词条:599条
t:2,epoch:12
训练数据：特色词条1807条,非特色词条:5390条
测试数据：特色词条201条,非特色词条:599条
t:2,epoch:13
训练数据：特色词条1807条,非特色词条:5390条
测试数据：特色词条201条,非特色词条:599条
t:2,epoch:14
训练数据：特色词条1807条,非特色词条:5390条
测试数据：特色词条201条,非特色词条:599条
t:2,epoch:15
训练数据：特色词条1807条,非特色词条:5390条
测试数据：特色词条201条,非特色词条:599条
t:2,epoch:16
训练数据：特色词条1807条,非特色词条:5390条
测试数据：特色词条201条,非特色词条:599条
t:2,epoch:17
训练数据：特色词条1807条,非特色词条:5390条
测试数据：特色词条201条,非特色词条:599条
t:2,epoch:18
训练数据：特色词条1807条,非特色词条:5390条
测试数据：特色词条201条,非特色词条:599条
t:2,epoch:19
训练数据：特色词条1807条,非特色词条:5390条
测试数据：特色词条201条,非特色词条:599条
t:2,epoch:20
训练数据：特色词条1807条,非特色词条:5390条
测试数据：特色词条201条,非特色词条:599条
t:2,epoch:21
训练数据：特色词条1807条,非特色词条:5390条
测试数据：特色词条201条,非特色词条:599条
t:2,epoch:22
训练数据：特色词条1807条,非特色词条:5390条
测试数据：特色词条201条,非特色词条:599条
t:2,epoch:23
训练数据：特色词条1807条,非特色词条:5390条
测试数据：特色词条201条,非特色词条:599条
t:2,epoch:24
训练数据：特色词条1807条,非特色词条:5390条
测试数据：特色词条201条,非特色词条:599条
t:2,epoch:25
训练数据：特色词条1807条,非特色词条:5390条
测试数据：特色词条201条,非特色词条:599条
t:2,epoch:26
训练数据：特色词条1807条,非特色词条:5390条
测试数据：特色词条201条,非特色词条:599条
t:2,epoch:27
训练数据：特色词条1807条,非特色词条:5390条
测试数据：特色词条201条,非特色词条:599条
t:2,epoch:28
训练数据：特色词条1807条,非特色词条:5390条
测试数据：特色词条201条,非特色词条:599条
t:2,epoch:29
训练数据：特色词条1807条,非特色词条:5390条
测试数据：特色词条201条,非特色词条:599条
t:2,epoch:30
训练数据：特色词条1807条,非特色词条:5390条
测试数据：特色词条201条,非特色词条:599条
t:2,epoch:31
训练数据：特色词条1807条,非特色词条:5390条
测试数据：特色词条201条,非特色词条:599条
t:2,epoch:32
训练数据：特色词条1807条,非特色词条:5390条
测试数据：特色词条201条,非特色词条:599条
t:2,epoch:33
训练数据：特色词条1807条,非特色词条:5390条
测试数据：特色词条201条,非特色词条:599条
t:2,epoch:34
训练数据：特色词条1807条,非特色词条:5390条
测试数据：特色词条201条,非特色词条:599条
t:2,epoch:35
训练数据：特色词条1807条,非特色词条:5390条
测试数据：特色词条201条,非特色词条:599条
t:2,epoch:36
训练数据：特色词条1807条,非特色词条:5390条
测试数据：特色词条201条,非特色词条:599条
t:2,epoch:37
训练数据：特色词条1807条,非特色词条:5390条
测试数据：特色词条201条,非特色词条:599条
t:2,epoch:38
训练数据：特色词条1807条,非特色词条:5390条
测试数据：特色词条201条,非特色词条:599条
t:2,epoch:39
训练数据：特色词条1807条,非特色词条:5390条
测试数据：特色词条201条,非特色词条:599条
t:2,epoch:40
训练数据：特色词条1807条,非特色词条:5390条
测试数据：特色词条201条,非特色词条:599条
t:2,epoch:41
训练数据：特色词条1807条,非特色词条:5390条
测试数据：特色词条201条,非特色词条:599条
t:2,epoch:42
训练数据：特色词条1807条,非特色词条:5390条
测试数据：特色词条201条,非特色词条:599条
t:2,epoch:43
训练数据：特色词条1807条,非特色词条:5390条
测试数据：特色词条201条,非特色词条:599条
t:2,epoch:44
训练数据：特色词条1807条,非特色词条:5390条
测试数据：特色词条201条,非特色词条:599条
t:2,epoch:45
训练数据：特色词条1807条,非特色词条:5390条
测试数据：特色词条201条,非特色词条:599条
t:2,epoch:46
训练数据：特色词条1807条,非特色词条:5390条
测试数据：特色词条201条,非特色词条:599条
t:2,epoch:47
训练数据：特色词条1807条,非特色词条:5390条
测试数据：特色词条201条,非特色词条:599条
t:2,epoch:48
训练数据：特色词条1807条,非特色词条:5390条
测试数据：特色词条201条,非特色词条:599条
t:2,epoch:49
训练数据：特色词条1807条,非特色词条:5390条
测试数据：特色词条201条,非特色词条:599条
平均评估参数:精确度:0.8867372593487929,准确度:0.9145249999999997,召回率:0.7573134328358209,f1值:0.8162779633422482
{'r': 0.7573134328358209, 'acc': 0.9145249999999997, 'f1': 0.8162779633422482, 'p': 0.8867372593487929}
最大评估参数:精确度:0.9523809523809523,准确度:0.93625,召回率:0.8258706467661692,f1值:0.8661417322834646
t:3,epoch:0
训练数据：特色词条1807条,非特色词条:5390条
测试数据：特色词条201条,非特色词条:599条
t:3,epoch:1
训练数据：特色词条1807条,非特色词条:5390条
测试数据：特色词条201条,非特色词条:599条
t:3,epoch:2
训练数据：特色词条1807条,非特色词条:5390条
测试数据：特色词条201条,非特色词条:599条
t:3,epoch:3
训练数据：特色词条1807条,非特色词条:5390条
测试数据：特色词条201条,非特色词条:599条
t:3,epoch:4
训练数据：特色词条1807条,非特色词条:5390条
测试数据：特色词条201条,非特色词条:599条
t:3,epoch:5
训练数据：特色词条1807条,非特色词条:5390条
测试数据：特色词条201条,非特色词条:599条
t:3,epoch:6
训练数据：特色词条1807条,非特色词条:5390条
测试数据：特色词条201条,非特色词条:599条
t:3,epoch:7
训练数据：特色词条1807条,非特色词条:5390条
测试数据：特色词条201条,非特色词条:599条
t:3,epoch:8
训练数据：特色词条1807条,非特色词条:5390条
测试数据：特色词条201条,非特色词条:599条
t:3,epoch:9
训练数据：特色词条1807条,非特色词条:5390条
测试数据：特色词条201条,非特色词条:599条
t:3,epoch:10
训练数据：特色词条1807条,非特色词条:5390条
测试数据：特色词条201条,非特色词条:599条
t:3,epoch:11
训练数据：特色词条1807条,非特色词条:5390条
测试数据：特色词条201条,非特色词条:599条
t:3,epoch:12
训练数据：特色词条1807条,非特色词条:5390条
测试数据：特色词条201条,非特色词条:599条
t:3,epoch:13
训练数据：特色词条1807条,非特色词条:5390条
测试数据：特色词条201条,非特色词条:599条
t:3,epoch:14
训练数据：特色词条1807条,非特色词条:5390条
测试数据：特色词条201条,非特色词条:599条
t:3,epoch:15
训练数据：特色词条1807条,非特色词条:5390条
测试数据：特色词条201条,非特色词条:599条
t:3,epoch:16
训练数据：特色词条1807条,非特色词条:5390条
测试数据：特色词条201条,非特色词条:599条
t:3,epoch:17
训练数据：特色词条1807条,非特色词条:5390条
测试数据：特色词条201条,非特色词条:599条
t:3,epoch:18
训练数据：特色词条1807条,非特色词条:5390条
测试数据：特色词条201条,非特色词条:599条
t:3,epoch:19
训练数据：特色词条1807条,非特色词条:5390条
测试数据：特色词条201条,非特色词条:599条
t:3,epoch:20
训练数据：特色词条1807条,非特色词条:5390条
测试数据：特色词条201条,非特色词条:599条
t:3,epoch:21
训练数据：特色词条1807条,非特色词条:5390条
测试数据：特色词条201条,非特色词条:599条
t:3,epoch:22
训练数据：特色词条1807条,非特色词条:5390条
测试数据：特色词条201条,非特色词条:599条
t:3,epoch:23
训练数据：特色词条1807条,非特色词条:5390条
测试数据：特色词条201条,非特色词条:599条
t:3,epoch:24
训练数据：特色词条1807条,非特色词条:5390条
测试数据：特色词条201条,非特色词条:599条
t:3,epoch:25
训练数据：特色词条1807条,非特色词条:5390条
测试数据：特色词条201条,非特色词条:599条
t:3,epoch:26
训练数据：特色词条1807条,非特色词条:5390条
测试数据：特色词条201条,非特色词条:599条
t:3,epoch:27
训练数据：特色词条1807条,非特色词条:5390条
测试数据：特色词条201条,非特色词条:599条
t:3,epoch:28
训练数据：特色词条1807条,非特色词条:5390条
测试数据：特色词条201条,非特色词条:599条
t:3,epoch:29
训练数据：特色词条1807条,非特色词条:5390条
测试数据：特色词条201条,非特色词条:599条
t:3,epoch:30
训练数据：特色词条1807条,非特色词条:5390条
测试数据：特色词条201条,非特色词条:599条
t:3,epoch:31
训练数据：特色词条1807条,非特色词条:5390条
测试数据：特色词条201条,非特色词条:599条
t:3,epoch:32
训练数据：特色词条1807条,非特色词条:5390条
测试数据：特色词条201条,非特色词条:599条
t:3,epoch:33
训练数据：特色词条1807条,非特色词条:5390条
测试数据：特色词条201条,非特色词条:599条
t:3,epoch:34
训练数据：特色词条1807条,非特色词条:5390条
测试数据：特色词条201条,非特色词条:599条
t:3,epoch:35
训练数据：特色词条1807条,非特色词条:5390条
测试数据：特色词条201条,非特色词条:599条
t:3,epoch:36
训练数据：特色词条1807条,非特色词条:5390条
测试数据：特色词条201条,非特色词条:599条
t:3,epoch:37
训练数据：特色词条1807条,非特色词条:5390条
测试数据：特色词条201条,非特色词条:599条
t:3,epoch:38
训练数据：特色词条1807条,非特色词条:5390条
测试数据：特色词条201条,非特色词条:599条
t:3,epoch:39
训练数据：特色词条1807条,非特色词条:5390条
测试数据：特色词条201条,非特色词条:599条
t:3,epoch:40
训练数据：特色词条1807条,非特色词条:5390条
测试数据：特色词条201条,非特色词条:599条
t:3,epoch:41
训练数据：特色词条1807条,非特色词条:5390条
测试数据：特色词条201条,非特色词条:599条
t:3,epoch:42
训练数据：特色词条1807条,非特色词条:5390条
测试数据：特色词条201条,非特色词条:599条
t:3,epoch:43
训练数据：特色词条1807条,非特色词条:5390条
测试数据：特色词条201条,非特色词条:599条
t:3,epoch:44
训练数据：特色词条1807条,非特色词条:5390条
测试数据：特色词条201条,非特色词条:599条
t:3,epoch:45
训练数据：特色词条1807条,非特色词条:5390条
测试数据：特色词条201条,非特色词条:599条
t:3,epoch:46
训练数据：特色词条1807条,非特色词条:5390条
测试数据：特色词条201条,非特色词条:599条
t:3,epoch:47
训练数据：特色词条1807条,非特色词条:5390条
测试数据：特色词条201条,非特色词条:599条
t:3,epoch:48
训练数据：特色词条1807条,非特色词条:5390条
测试数据：特色词条201条,非特色词条:599条
t:3,epoch:49
训练数据：特色词条1807条,非特色词条:5390条
测试数据：特色词条201条,非特色词条:599条
平均评估参数:精确度:0.8862788126567892,准确度:0.9119999999999997,召回率:0.7459701492537311,f1值:0.8096904829002065
{'r': 0.7459701492537311, 'acc': 0.9119999999999997, 'f1': 0.8096904829002065, 'p': 0.8862788126567892}
最大评估参数:精确度:0.9523809523809523,准确度:0.93625,召回率:0.8258706467661692,f1值:0.8661417322834646
t:4,epoch:0
训练数据：特色词条1807条,非特色词条:5390条
测试数据：特色词条201条,非特色词条:599条
t:4,epoch:1
训练数据：特色词条1807条,非特色词条:5390条
测试数据：特色词条201条,非特色词条:599条
t:4,epoch:2
训练数据：特色词条1807条,非特色词条:5390条
测试数据：特色词条201条,非特色词条:599条
t:4,epoch:3
训练数据：特色词条1807条,非特色词条:5390条
测试数据：特色词条201条,非特色词条:599条
t:4,epoch:4
训练数据：特色词条1807条,非特色词条:5390条
测试数据：特色词条201条,非特色词条:599条
t:4,epoch:5
训练数据：特色词条1807条,非特色词条:5390条
测试数据：特色词条201条,非特色词条:599条
t:4,epoch:6
训练数据：特色词条1807条,非特色词条:5390条
测试数据：特色词条201条,非特色词条:599条
t:4,epoch:7
训练数据：特色词条1807条,非特色词条:5390条
测试数据：特色词条201条,非特色词条:599条
t:4,epoch:8
训练数据：特色词条1807条,非特色词条:5390条
测试数据：特色词条201条,非特色词条:599条
t:4,epoch:9
训练数据：特色词条1807条,非特色词条:5390条
测试数据：特色词条201条,非特色词条:599条
t:4,epoch:10
训练数据：特色词条1807条,非特色词条:5390条
测试数据：特色词条201条,非特色词条:599条
t:4,epoch:11
训练数据：特色词条1807条,非特色词条:5390条
测试数据：特色词条201条,非特色词条:599条
t:4,epoch:12
训练数据：特色词条1807条,非特色词条:5390条
测试数据：特色词条201条,非特色词条:599条
t:4,epoch:13
训练数据：特色词条1807条,非特色词条:5390条
测试数据：特色词条201条,非特色词条:599条
t:4,epoch:14
训练数据：特色词条1807条,非特色词条:5390条
测试数据：特色词条201条,非特色词条:599条
t:4,epoch:15
训练数据：特色词条1807条,非特色词条:5390条
测试数据：特色词条201条,非特色词条:599条
t:4,epoch:16
训练数据：特色词条1807条,非特色词条:5390条
测试数据：特色词条201条,非特色词条:599条
t:4,epoch:17
训练数据：特色词条1807条,非特色词条:5390条
测试数据：特色词条201条,非特色词条:599条
t:4,epoch:18
训练数据：特色词条1807条,非特色词条:5390条
测试数据：特色词条201条,非特色词条:599条
t:4,epoch:19
训练数据：特色词条1807条,非特色词条:5390条
测试数据：特色词条201条,非特色词条:599条
t:4,epoch:20
训练数据：特色词条1807条,非特色词条:5390条
测试数据：特色词条201条,非特色词条:599条
t:4,epoch:21
训练数据：特色词条1807条,非特色词条:5390条
测试数据：特色词条201条,非特色词条:599条
t:4,epoch:22
训练数据：特色词条1807条,非特色词条:5390条
测试数据：特色词条201条,非特色词条:599条
t:4,epoch:23
训练数据：特色词条1807条,非特色词条:5390条
测试数据：特色词条201条,非特色词条:599条
t:4,epoch:24
训练数据：特色词条1807条,非特色词条:5390条
测试数据：特色词条201条,非特色词条:599条
t:4,epoch:25
训练数据：特色词条1807条,非特色词条:5390条
测试数据：特色词条201条,非特色词条:599条
t:4,epoch:26
训练数据：特色词条1807条,非特色词条:5390条
测试数据：特色词条201条,非特色词条:599条
t:4,epoch:27
训练数据：特色词条1807条,非特色词条:5390条
测试数据：特色词条201条,非特色词条:599条
t:4,epoch:28
训练数据：特色词条1807条,非特色词条:5390条
测试数据：特色词条201条,非特色词条:599条
t:4,epoch:29
训练数据：特色词条1807条,非特色词条:5390条
测试数据：特色词条201条,非特色词条:599条
t:4,epoch:30
训练数据：特色词条1807条,非特色词条:5390条
测试数据：特色词条201条,非特色词条:599条
t:4,epoch:31
训练数据：特色词条1807条,非特色词条:5390条
测试数据：特色词条201条,非特色词条:599条
t:4,epoch:32
训练数据：特色词条1807条,非特色词条:5390条
测试数据：特色词条201条,非特色词条:599条
t:4,epoch:33
训练数据：特色词条1807条,非特色词条:5390条
测试数据：特色词条201条,非特色词条:599条
t:4,epoch:34
训练数据：特色词条1807条,非特色词条:5390条
测试数据：特色词条201条,非特色词条:599条
t:4,epoch:35
训练数据：特色词条1807条,非特色词条:5390条
测试数据：特色词条201条,非特色词条:599条
t:4,epoch:36
训练数据：特色词条1807条,非特色词条:5390条
测试数据：特色词条201条,非特色词条:599条
t:4,epoch:37
训练数据：特色词条1807条,非特色词条:5390条
测试数据：特色词条201条,非特色词条:599条
t:4,epoch:38
训练数据：特色词条1807条,非特色词条:5390条
测试数据：特色词条201条,非特色词条:599条
t:4,epoch:39
训练数据：特色词条1807条,非特色词条:5390条
测试数据：特色词条201条,非特色词条:599条
t:4,epoch:40
训练数据：特色词条1807条,非特色词条:5390条
测试数据：特色词条201条,非特色词条:599条
t:4,epoch:41
训练数据：特色词条1807条,非特色词条:5390条
测试数据：特色词条201条,非特色词条:599条
t:4,epoch:42
训练数据：特色词条1807条,非特色词条:5390条
测试数据：特色词条201条,非特色词条:599条
t:4,epoch:43
训练数据：特色词条1807条,非特色词条:5390条
测试数据：特色词条201条,非特色词条:599条
t:4,epoch:44
训练数据：特色词条1807条,非特色词条:5390条
测试数据：特色词条201条,非特色词条:599条
t:4,epoch:45
训练数据：特色词条1807条,非特色词条:5390条
测试数据：特色词条201条,非特色词条:599条
t:4,epoch:46
训练数据：特色词条1807条,非特色词条:5390条
测试数据：特色词条201条,非特色词条:599条
t:4,epoch:47
训练数据：特色词条1807条,非特色词条:5390条
测试数据：特色词条201条,非特色词条:599条
t:4,epoch:48
训练数据：特色词条1807条,非特色词条:5390条
测试数据：特色词条201条,非特色词条:599条
t:4,epoch:49
训练数据：特色词条1807条,非特色词条:5390条
测试数据：特色词条201条,非特色词条:599条
平均评估参数:精确度:0.8885803739994906,准确度:0.9149500000000002,召回率:0.7565174129353232,f1值:0.8168679477848088
{'r': 0.7565174129353232, 'acc': 0.9149500000000002, 'f1': 0.8168679477848088, 'p': 0.8885803739994906}
最大评估参数:精确度:0.9523809523809523,准确度:0.93625,召回率:0.8258706467661692,f1值:0.8661417322834646
t:5,epoch:0
训练数据：特色词条1807条,非特色词条:5390条
测试数据：特色词条201条,非特色词条:599条
t:5,epoch:1
训练数据：特色词条1807条,非特色词条:5390条
测试数据：特色词条201条,非特色词条:599条
t:5,epoch:2
训练数据：特色词条1807条,非特色词条:5390条
测试数据：特色词条201条,非特色词条:599条
t:5,epoch:3
训练数据：特色词条1807条,非特色词条:5390条
测试数据：特色词条201条,非特色词条:599条
t:5,epoch:4
训练数据：特色词条1807条,非特色词条:5390条
测试数据：特色词条201条,非特色词条:599条
t:5,epoch:5
训练数据：特色词条1807条,非特色词条:5390条
测试数据：特色词条201条,非特色词条:599条
t:5,epoch:6
训练数据：特色词条1807条,非特色词条:5390条
测试数据：特色词条201条,非特色词条:599条
t:5,epoch:7
训练数据：特色词条1807条,非特色词条:5390条
测试数据：特色词条201条,非特色词条:599条
t:5,epoch:8
训练数据：特色词条1807条,非特色词条:5390条
测试数据：特色词条201条,非特色词条:599条
t:5,epoch:9
训练数据：特色词条1807条,非特色词条:5390条
测试数据：特色词条201条,非特色词条:599条
t:5,epoch:10
训练数据：特色词条1807条,非特色词条:5390条
测试数据：特色词条201条,非特色词条:599条
t:5,epoch:11
训练数据：特色词条1807条,非特色词条:5390条
测试数据：特色词条201条,非特色词条:599条
t:5,epoch:12
训练数据：特色词条1807条,非特色词条:5390条
测试数据：特色词条201条,非特色词条:599条
t:5,epoch:13
训练数据：特色词条1807条,非特色词条:5390条
测试数据：特色词条201条,非特色词条:599条
t:5,epoch:14
训练数据：特色词条1807条,非特色词条:5390条
测试数据：特色词条201条,非特色词条:599条
t:5,epoch:15
训练数据：特色词条1807条,非特色词条:5390条
测试数据：特色词条201条,非特色词条:599条
t:5,epoch:16
训练数据：特色词条1807条,非特色词条:5390条
测试数据：特色词条201条,非特色词条:599条
t:5,epoch:17
训练数据：特色词条1807条,非特色词条:5390条
测试数据：特色词条201条,非特色词条:599条
t:5,epoch:18
训练数据：特色词条1807条,非特色词条:5390条
测试数据：特色词条201条,非特色词条:599条
t:5,epoch:19
训练数据：特色词条1807条,非特色词条:5390条
测试数据：特色词条201条,非特色词条:599条
t:5,epoch:20
训练数据：特色词条1807条,非特色词条:5390条
测试数据：特色词条201条,非特色词条:599条
t:5,epoch:21
训练数据：特色词条1807条,非特色词条:5390条
测试数据：特色词条201条,非特色词条:599条
t:5,epoch:22
训练数据：特色词条1807条,非特色词条:5390条
测试数据：特色词条201条,非特色词条:599条
t:5,epoch:23
训练数据：特色词条1807条,非特色词条:5390条
测试数据：特色词条201条,非特色词条:599条
t:5,epoch:24
训练数据：特色词条1807条,非特色词条:5390条
测试数据：特色词条201条,非特色词条:599条
t:5,epoch:25
训练数据：特色词条1807条,非特色词条:5390条
测试数据：特色词条201条,非特色词条:599条
t:5,epoch:26
训练数据：特色词条1807条,非特色词条:5390条
测试数据：特色词条201条,非特色词条:599条
t:5,epoch:27
训练数据：特色词条1807条,非特色词条:5390条
测试数据：特色词条201条,非特色词条:599条
t:5,epoch:28
训练数据：特色词条1807条,非特色词条:5390条
测试数据：特色词条201条,非特色词条:599条
t:5,epoch:29
训练数据：特色词条1807条,非特色词条:5390条
测试数据：特色词条201条,非特色词条:599条
t:5,epoch:30
训练数据：特色词条1807条,非特色词条:5390条
测试数据：特色词条201条,非特色词条:599条
t:5,epoch:31
训练数据：特色词条1807条,非特色词条:5390条
测试数据：特色词条201条,非特色词条:599条
t:5,epoch:32
训练数据：特色词条1807条,非特色词条:5390条
测试数据：特色词条201条,非特色词条:599条
t:5,epoch:33
训练数据：特色词条1807条,非特色词条:5390条
测试数据：特色词条201条,非特色词条:599条
t:5,epoch:34
训练数据：特色词条1807条,非特色词条:5390条
测试数据：特色词条201条,非特色词条:599条
t:5,epoch:35
训练数据：特色词条1807条,非特色词条:5390条
测试数据：特色词条201条,非特色词条:599条
t:5,epoch:36
训练数据：特色词条1807条,非特色词条:5390条
测试数据：特色词条201条,非特色词条:599条
t:5,epoch:37
训练数据：特色词条1807条,非特色词条:5390条
测试数据：特色词条201条,非特色词条:599条
t:5,epoch:38
训练数据：特色词条1807条,非特色词条:5390条
测试数据：特色词条201条,非特色词条:599条
t:5,epoch:39
训练数据：特色词条1807条,非特色词条:5390条
测试数据：特色词条201条,非特色词条:599条
t:5,epoch:40
训练数据：特色词条1807条,非特色词条:5390条
测试数据：特色词条201条,非特色词条:599条
t:5,epoch:41
训练数据：特色词条1807条,非特色词条:5390条
测试数据：特色词条201条,非特色词条:599条
t:5,epoch:42
训练数据：特色词条1807条,非特色词条:5390条
测试数据：特色词条201条,非特色词条:599条
t:5,epoch:43
训练数据：特色词条1807条,非特色词条:5390条
测试数据：特色词条201条,非特色词条:599条
t:5,epoch:44
训练数据：特色词条1807条,非特色词条:5390条
测试数据：特色词条201条,非特色词条:599条
t:5,epoch:45
训练数据：特色词条1807条,非特色词条:5390条
测试数据：特色词条201条,非特色词条:599条
t:5,epoch:46
训练数据：特色词条1807条,非特色词条:5390条
测试数据：特色词条201条,非特色词条:599条
t:5,epoch:47
训练数据：特色词条1807条,非特色词条:5390条
测试数据：特色词条201条,非特色词条:599条
t:5,epoch:48
训练数据：特色词条1807条,非特色词条:5390条
测试数据：特色词条201条,非特色词条:599条
t:5,epoch:49
训练数据：特色词条1807条,非特色词条:5390条
测试数据：特色词条201条,非特色词条:599条
平均评估参数:精确度:0.8944841869373983,准确度:0.915425,召回率:0.7526368159203979,f1值:0.8171012558423779
{'r': 0.7526368159203979, 'acc': 0.915425, 'f1': 0.8171012558423779, 'p': 0.8944841869373983}
最大评估参数:精确度:0.9523809523809523,准确度:0.93625,召回率:0.8258706467661692,f1值:0.8661417322834646
t:6,epoch:0
训练数据：特色词条1807条,非特色词条:5390条
测试数据：特色词条201条,非特色词条:599条
t:6,epoch:1
训练数据：特色词条1807条,非特色词条:5390条
测试数据：特色词条201条,非特色词条:599条
t:6,epoch:2
训练数据：特色词条1807条,非特色词条:5390条
测试数据：特色词条201条,非特色词条:599条
t:6,epoch:3
训练数据：特色词条1807条,非特色词条:5390条
测试数据：特色词条201条,非特色词条:599条
t:6,epoch:4
训练数据：特色词条1807条,非特色词条:5390条
测试数据：特色词条201条,非特色词条:599条
t:6,epoch:5
训练数据：特色词条1807条,非特色词条:5390条
测试数据：特色词条201条,非特色词条:599条
t:6,epoch:6
训练数据：特色词条1807条,非特色词条:5390条
测试数据：特色词条201条,非特色词条:599条
t:6,epoch:7
训练数据：特色词条1807条,非特色词条:5390条
测试数据：特色词条201条,非特色词条:599条
t:6,epoch:8
训练数据：特色词条1807条,非特色词条:5390条
测试数据：特色词条201条,非特色词条:599条
t:6,epoch:9
训练数据：特色词条1807条,非特色词条:5390条
测试数据：特色词条201条,非特色词条:599条
t:6,epoch:10
训练数据：特色词条1807条,非特色词条:5390条
测试数据：特色词条201条,非特色词条:599条
t:6,epoch:11
训练数据：特色词条1807条,非特色词条:5390条
测试数据：特色词条201条,非特色词条:599条
t:6,epoch:12
训练数据：特色词条1807条,非特色词条:5390条
测试数据：特色词条201条,非特色词条:599条
t:6,epoch:13
训练数据：特色词条1807条,非特色词条:5390条
测试数据：特色词条201条,非特色词条:599条
t:6,epoch:14
训练数据：特色词条1807条,非特色词条:5390条
测试数据：特色词条201条,非特色词条:599条
t:6,epoch:15
训练数据：特色词条1807条,非特色词条:5390条
测试数据：特色词条201条,非特色词条:599条
t:6,epoch:16
训练数据：特色词条1807条,非特色词条:5390条
测试数据：特色词条201条,非特色词条:599条
t:6,epoch:17
训练数据：特色词条1807条,非特色词条:5390条
测试数据：特色词条201条,非特色词条:599条
t:6,epoch:18
训练数据：特色词条1807条,非特色词条:5390条
测试数据：特色词条201条,非特色词条:599条
t:6,epoch:19
训练数据：特色词条1807条,非特色词条:5390条
测试数据：特色词条201条,非特色词条:599条
t:6,epoch:20
训练数据：特色词条1807条,非特色词条:5390条
测试数据：特色词条201条,非特色词条:599条
t:6,epoch:21
训练数据：特色词条1807条,非特色词条:5390条
测试数据：特色词条201条,非特色词条:599条
t:6,epoch:22
训练数据：特色词条1807条,非特色词条:5390条
测试数据：特色词条201条,非特色词条:599条
t:6,epoch:23
训练数据：特色词条1807条,非特色词条:5390条
测试数据：特色词条201条,非特色词条:599条
t:6,epoch:24
训练数据：特色词条1807条,非特色词条:5390条
测试数据：特色词条201条,非特色词条:599条
t:6,epoch:25
训练数据：特色词条1807条,非特色词条:5390条
测试数据：特色词条201条,非特色词条:599条
t:6,epoch:26
训练数据：特色词条1807条,非特色词条:5390条
测试数据：特色词条201条,非特色词条:599条
t:6,epoch:27
训练数据：特色词条1807条,非特色词条:5390条
测试数据：特色词条201条,非特色词条:599条
t:6,epoch:28
训练数据：特色词条1807条,非特色词条:5390条
测试数据：特色词条201条,非特色词条:599条
t:6,epoch:29
训练数据：特色词条1807条,非特色词条:5390条
测试数据：特色词条201条,非特色词条:599条
t:6,epoch:30
训练数据：特色词条1807条,非特色词条:5390条
测试数据：特色词条201条,非特色词条:599条
t:6,epoch:31
训练数据：特色词条1807条,非特色词条:5390条
测试数据：特色词条201条,非特色词条:599条
t:6,epoch:32
训练数据：特色词条1807条,非特色词条:5390条
测试数据：特色词条201条,非特色词条:599条
t:6,epoch:33
训练数据：特色词条1807条,非特色词条:5390条
测试数据：特色词条201条,非特色词条:599条
t:6,epoch:34
训练数据：特色词条1807条,非特色词条:5390条
测试数据：特色词条201条,非特色词条:599条
t:6,epoch:35
训练数据：特色词条1807条,非特色词条:5390条
测试数据：特色词条201条,非特色词条:599条
t:6,epoch:36
训练数据：特色词条1807条,非特色词条:5390条
测试数据：特色词条201条,非特色词条:599条
t:6,epoch:37
训练数据：特色词条1807条,非特色词条:5390条
测试数据：特色词条201条,非特色词条:599条
t:6,epoch:38
训练数据：特色词条1807条,非特色词条:5390条
测试数据：特色词条201条,非特色词条:599条
t:6,epoch:39
训练数据：特色词条1807条,非特色词条:5390条
测试数据：特色词条201条,非特色词条:599条
t:6,epoch:40
训练数据：特色词条1807条,非特色词条:5390条
测试数据：特色词条201条,非特色词条:599条
t:6,epoch:41
训练数据：特色词条1807条,非特色词条:5390条
测试数据：特色词条201条,非特色词条:599条
t:6,epoch:42
训练数据：特色词条1807条,非特色词条:5390条
测试数据：特色词条201条,非特色词条:599条
t:6,epoch:43
训练数据：特色词条1807条,非特色词条:5390条
测试数据：特色词条201条,非特色词条:599条
t:6,epoch:44
训练数据：特色词条1807条,非特色词条:5390条
测试数据：特色词条201条,非特色词条:599条
t:6,epoch:45
训练数据：特色词条1807条,非特色词条:5390条
测试数据：特色词条201条,非特色词条:599条
t:6,epoch:46
训练数据：特色词条1807条,非特色词条:5390条
测试数据：特色词条201条,非特色词条:599条
t:6,epoch:47
训练数据：特色词条1807条,非特色词条:5390条
测试数据：特色词条201条,非特色词条:599条
t:6,epoch:48
训练数据：特色词条1807条,非特色词条:5390条
测试数据：特色词条201条,非特色词条:599条
t:6,epoch:49
训练数据：特色词条1807条,非特色词条:5390条
测试数据：特色词条201条,非特色词条:599条
平均评估参数:精确度:0.890697711966074,准确度:0.9132750000000002,召回率:0.747064676616915,f1值:0.8120952982670897
{'r': 0.747064676616915, 'acc': 0.9132750000000002, 'f1': 0.8120952982670897, 'p': 0.890697711966074}
最大评估参数:精确度:0.9523809523809523,准确度:0.93625,召回率:0.8258706467661692,f1值:0.8661417322834646
t:7,epoch:0
训练数据：特色词条1807条,非特色词条:5390条
测试数据：特色词条201条,非特色词条:599条
t:7,epoch:1
训练数据：特色词条1807条,非特色词条:5390条
测试数据：特色词条201条,非特色词条:599条
t:7,epoch:2
训练数据：特色词条1807条,非特色词条:5390条
测试数据：特色词条201条,非特色词条:599条
t:7,epoch:3
训练数据：特色词条1807条,非特色词条:5390条
测试数据：特色词条201条,非特色词条:599条
t:7,epoch:4
训练数据：特色词条1807条,非特色词条:5390条
测试数据：特色词条201条,非特色词条:599条
t:7,epoch:5
训练数据：特色词条1807条,非特色词条:5390条
测试数据：特色词条201条,非特色词条:599条
t:7,epoch:6
训练数据：特色词条1807条,非特色词条:5390条
测试数据：特色词条201条,非特色词条:599条
t:7,epoch:7
训练数据：特色词条1807条,非特色词条:5390条
测试数据：特色词条201条,非特色词条:599条
t:7,epoch:8
训练数据：特色词条1807条,非特色词条:5390条
测试数据：特色词条201条,非特色词条:599条
t:7,epoch:9
训练数据：特色词条1807条,非特色词条:5390条
测试数据：特色词条201条,非特色词条:599条
t:7,epoch:10
训练数据：特色词条1807条,非特色词条:5390条
测试数据：特色词条201条,非特色词条:599条
t:7,epoch:11
训练数据：特色词条1807条,非特色词条:5390条
测试数据：特色词条201条,非特色词条:599条
t:7,epoch:12
训练数据：特色词条1807条,非特色词条:5390条
测试数据：特色词条201条,非特色词条:599条
t:7,epoch:13
训练数据：特色词条1807条,非特色词条:5390条
测试数据：特色词条201条,非特色词条:599条
t:7,epoch:14
训练数据：特色词条1807条,非特色词条:5390条
测试数据：特色词条201条,非特色词条:599条
t:7,epoch:15
训练数据：特色词条1807条,非特色词条:5390条
测试数据：特色词条201条,非特色词条:599条
t:7,epoch:16
训练数据：特色词条1807条,非特色词条:5390条
测试数据：特色词条201条,非特色词条:599条
t:7,epoch:17
训练数据：特色词条1807条,非特色词条:5390条
测试数据：特色词条201条,非特色词条:599条
t:7,epoch:18
训练数据：特色词条1807条,非特色词条:5390条
测试数据：特色词条201条,非特色词条:599条
t:7,epoch:19
训练数据：特色词条1807条,非特色词条:5390条
测试数据：特色词条201条,非特色词条:599条
t:7,epoch:20
训练数据：特色词条1807条,非特色词条:5390条
测试数据：特色词条201条,非特色词条:599条
t:7,epoch:21
训练数据：特色词条1807条,非特色词条:5390条
测试数据：特色词条201条,非特色词条:599条
t:7,epoch:22
训练数据：特色词条1807条,非特色词条:5390条
测试数据：特色词条201条,非特色词条:599条
t:7,epoch:23
训练数据：特色词条1807条,非特色词条:5390条
测试数据：特色词条201条,非特色词条:599条
t:7,epoch:24
训练数据：特色词条1807条,非特色词条:5390条
测试数据：特色词条201条,非特色词条:599条
t:7,epoch:25
训练数据：特色词条1807条,非特色词条:5390条
测试数据：特色词条201条,非特色词条:599条
t:7,epoch:26
训练数据：特色词条1807条,非特色词条:5390条
测试数据：特色词条201条,非特色词条:599条
t:7,epoch:27
训练数据：特色词条1807条,非特色词条:5390条
测试数据：特色词条201条,非特色词条:599条
t:7,epoch:28
训练数据：特色词条1807条,非特色词条:5390条
测试数据：特色词条201条,非特色词条:599条
t:7,epoch:29
训练数据：特色词条1807条,非特色词条:5390条
测试数据：特色词条201条,非特色词条:599条
t:7,epoch:30
训练数据：特色词条1807条,非特色词条:5390条
测试数据：特色词条201条,非特色词条:599条
t:7,epoch:31
训练数据：特色词条1807条,非特色词条:5390条
测试数据：特色词条201条,非特色词条:599条
t:7,epoch:32
训练数据：特色词条1807条,非特色词条:5390条
测试数据：特色词条201条,非特色词条:599条
t:7,epoch:33
训练数据：特色词条1807条,非特色词条:5390条
测试数据：特色词条201条,非特色词条:599条
t:7,epoch:34
训练数据：特色词条1807条,非特色词条:5390条
测试数据：特色词条201条,非特色词条:599条
t:7,epoch:35
训练数据：特色词条1807条,非特色词条:5390条
测试数据：特色词条201条,非特色词条:599条
t:7,epoch:36
训练数据：特色词条1807条,非特色词条:5390条
测试数据：特色词条201条,非特色词条:599条
t:7,epoch:37
训练数据：特色词条1807条,非特色词条:5390条
测试数据：特色词条201条,非特色词条:599条
t:7,epoch:38
训练数据：特色词条1807条,非特色词条:5390条
测试数据：特色词条201条,非特色词条:599条
t:7,epoch:39
训练数据：特色词条1807条,非特色词条:5390条
测试数据：特色词条201条,非特色词条:599条
t:7,epoch:40
训练数据：特色词条1807条,非特色词条:5390条
测试数据：特色词条201条,非特色词条:599条
t:7,epoch:41
训练数据：特色词条1807条,非特色词条:5390条
测试数据：特色词条201条,非特色词条:599条
t:7,epoch:42
训练数据：特色词条1807条,非特色词条:5390条
测试数据：特色词条201条,非特色词条:599条
t:7,epoch:43
训练数据：特色词条1807条,非特色词条:5390条
测试数据：特色词条201条,非特色词条:599条
t:7,epoch:44
训练数据：特色词条1807条,非特色词条:5390条
测试数据：特色词条201条,非特色词条:599条
t:7,epoch:45
训练数据：特色词条1807条,非特色词条:5390条
测试数据：特色词条201条,非特色词条:599条
t:7,epoch:46
训练数据：特色词条1807条,非特色词条:5390条
测试数据：特色词条201条,非特色词条:599条
t:7,epoch:47
训练数据：特色词条1807条,非特色词条:5390条
测试数据：特色词条201条,非特色词条:599条
t:7,epoch:48
训练数据：特色词条1807条,非特色词条:5390条
测试数据：特色词条201条,非特色词条:599条
t:7,epoch:49
训练数据：特色词条1807条,非特色词条:5390条
测试数据：特色词条201条,非特色词条:599条
平均评估参数:精确度:0.8899493886313646,准确度:0.91455,召回率:0.7535323383084576,f1值:0.8155752843018393
{'r': 0.7535323383084576, 'acc': 0.91455, 'f1': 0.8155752843018393, 'p': 0.8899493886313646}
最大评估参数:精确度:0.9523809523809523,准确度:0.93625,召回率:0.8258706467661692,f1值:0.8661417322834646
t:8,epoch:0
训练数据：特色词条1807条,非特色词条:5390条
测试数据：特色词条201条,非特色词条:599条
t:8,epoch:1
训练数据：特色词条1807条,非特色词条:5390条
测试数据：特色词条201条,非特色词条:599条
t:8,epoch:2
训练数据：特色词条1807条,非特色词条:5390条
测试数据：特色词条201条,非特色词条:599条
t:8,epoch:3
训练数据：特色词条1807条,非特色词条:5390条
测试数据：特色词条201条,非特色词条:599条
t:8,epoch:4
训练数据：特色词条1807条,非特色词条:5390条
测试数据：特色词条201条,非特色词条:599条
t:8,epoch:5
训练数据：特色词条1807条,非特色词条:5390条
测试数据：特色词条201条,非特色词条:599条
t:8,epoch:6
训练数据：特色词条1807条,非特色词条:5390条
测试数据：特色词条201条,非特色词条:599条
t:8,epoch:7
训练数据：特色词条1807条,非特色词条:5390条
测试数据：特色词条201条,非特色词条:599条
t:8,epoch:8
训练数据：特色词条1807条,非特色词条:5390条
测试数据：特色词条201条,非特色词条:599条
t:8,epoch:9
训练数据：特色词条1807条,非特色词条:5390条
测试数据：特色词条201条,非特色词条:599条
t:8,epoch:10
训练数据：特色词条1807条,非特色词条:5390条
测试数据：特色词条201条,非特色词条:599条
t:8,epoch:11
训练数据：特色词条1807条,非特色词条:5390条
测试数据：特色词条201条,非特色词条:599条
t:8,epoch:12
训练数据：特色词条1807条,非特色词条:5390条
测试数据：特色词条201条,非特色词条:599条
t:8,epoch:13
训练数据：特色词条1807条,非特色词条:5390条
测试数据：特色词条201条,非特色词条:599条
t:8,epoch:14
训练数据：特色词条1807条,非特色词条:5390条
测试数据：特色词条201条,非特色词条:599条
t:8,epoch:15
训练数据：特色词条1807条,非特色词条:5390条
测试数据：特色词条201条,非特色词条:599条
t:8,epoch:16
训练数据：特色词条1807条,非特色词条:5390条
测试数据：特色词条201条,非特色词条:599条
t:8,epoch:17
训练数据：特色词条1807条,非特色词条:5390条
测试数据：特色词条201条,非特色词条:599条
t:8,epoch:18
训练数据：特色词条1807条,非特色词条:5390条
测试数据：特色词条201条,非特色词条:599条
t:8,epoch:19
训练数据：特色词条1807条,非特色词条:5390条
测试数据：特色词条201条,非特色词条:599条
t:8,epoch:20
训练数据：特色词条1807条,非特色词条:5390条
测试数据：特色词条201条,非特色词条:599条
t:8,epoch:21
训练数据：特色词条1807条,非特色词条:5390条
测试数据：特色词条201条,非特色词条:599条
t:8,epoch:22
训练数据：特色词条1807条,非特色词条:5390条
测试数据：特色词条201条,非特色词条:599条
t:8,epoch:23
训练数据：特色词条1807条,非特色词条:5390条
测试数据：特色词条201条,非特色词条:599条
t:8,epoch:24
训练数据：特色词条1807条,非特色词条:5390条
测试数据：特色词条201条,非特色词条:599条
t:8,epoch:25
训练数据：特色词条1807条,非特色词条:5390条
测试数据：特色词条201条,非特色词条:599条
t:8,epoch:26
训练数据：特色词条1807条,非特色词条:5390条
测试数据：特色词条201条,非特色词条:599条
t:8,epoch:27
训练数据：特色词条1807条,非特色词条:5390条
测试数据：特色词条201条,非特色词条:599条
t:8,epoch:28
训练数据：特色词条1807条,非特色词条:5390条
测试数据：特色词条201条,非特色词条:599条
t:8,epoch:29
训练数据：特色词条1807条,非特色词条:5390条
测试数据：特色词条201条,非特色词条:599条
t:8,epoch:30
训练数据：特色词条1807条,非特色词条:5390条
测试数据：特色词条201条,非特色词条:599条
t:8,epoch:31
训练数据：特色词条1807条,非特色词条:5390条
测试数据：特色词条201条,非特色词条:599条
t:8,epoch:32
训练数据：特色词条1807条,非特色词条:5390条
测试数据：特色词条201条,非特色词条:599条
t:8,epoch:33
训练数据：特色词条1807条,非特色词条:5390条
测试数据：特色词条201条,非特色词条:599条
t:8,epoch:34
训练数据：特色词条1807条,非特色词条:5390条
测试数据：特色词条201条,非特色词条:599条
t:8,epoch:35
训练数据：特色词条1807条,非特色词条:5390条
测试数据：特色词条201条,非特色词条:599条
t:8,epoch:36
训练数据：特色词条1807条,非特色词条:5390条
测试数据：特色词条201条,非特色词条:599条
t:8,epoch:37
训练数据：特色词条1807条,非特色词条:5390条
测试数据：特色词条201条,非特色词条:599条
t:8,epoch:38
训练数据：特色词条1807条,非特色词条:5390条
测试数据：特色词条201条,非特色词条:599条
t:8,epoch:39
训练数据：特色词条1807条,非特色词条:5390条
测试数据：特色词条201条,非特色词条:599条
t:8,epoch:40
训练数据：特色词条1807条,非特色词条:5390条
测试数据：特色词条201条,非特色词条:599条
t:8,epoch:41
训练数据：特色词条1807条,非特色词条:5390条
测试数据：特色词条201条,非特色词条:599条
t:8,epoch:42
训练数据：特色词条1807条,非特色词条:5390条
测试数据：特色词条201条,非特色词条:599条
t:8,epoch:43
训练数据：特色词条1807条,非特色词条:5390条
测试数据：特色词条201条,非特色词条:599条
t:8,epoch:44
训练数据：特色词条1807条,非特色词条:5390条
测试数据：特色词条201条,非特色词条:599条
t:8,epoch:45
训练数据：特色词条1807条,非特色词条:5390条
测试数据：特色词条201条,非特色词条:599条
t:8,epoch:46
训练数据：特色词条1807条,非特色词条:5390条
测试数据：特色词条201条,非特色词条:599条
t:8,epoch:47
训练数据：特色词条1807条,非特色词条:5390条
测试数据：特色词条201条,非特色词条:599条
t:8,epoch:48
训练数据：特色词条1807条,非特色词条:5390条
测试数据：特色词条201条,非特色词条:599条
t:8,epoch:49
训练数据：特色词条1807条,非特色词条:5390条
测试数据：特色词条201条,非特色词条:599条
平均评估参数:精确度:0.881330338682465,准确度:0.913775,召回率:0.759502487562189,f1值:0.8156035988617297
{'r': 0.759502487562189, 'acc': 0.913775, 'f1': 0.8156035988617297, 'p': 0.881330338682465}
最大评估参数:精确度:0.9523809523809523,准确度:0.93625,召回率:0.8258706467661692,f1值:0.8661417322834646
t:9,epoch:0
训练数据：特色词条1807条,非特色词条:5390条
测试数据：特色词条201条,非特色词条:599条
t:9,epoch:1
训练数据：特色词条1807条,非特色词条:5390条
测试数据：特色词条201条,非特色词条:599条
t:9,epoch:2
训练数据：特色词条1807条,非特色词条:5390条
测试数据：特色词条201条,非特色词条:599条
t:9,epoch:3
训练数据：特色词条1807条,非特色词条:5390条
测试数据：特色词条201条,非特色词条:599条
t:9,epoch:4
训练数据：特色词条1807条,非特色词条:5390条
测试数据：特色词条201条,非特色词条:599条
t:9,epoch:5
训练数据：特色词条1807条,非特色词条:5390条
测试数据：特色词条201条,非特色词条:599条
t:9,epoch:6
训练数据：特色词条1807条,非特色词条:5390条
测试数据：特色词条201条,非特色词条:599条
t:9,epoch:7
训练数据：特色词条1807条,非特色词条:5390条
测试数据：特色词条201条,非特色词条:599条
t:9,epoch:8
训练数据：特色词条1807条,非特色词条:5390条
测试数据：特色词条201条,非特色词条:599条
t:9,epoch:9
训练数据：特色词条1807条,非特色词条:5390条
测试数据：特色词条201条,非特色词条:599条
t:9,epoch:10
训练数据：特色词条1807条,非特色词条:5390条
测试数据：特色词条201条,非特色词条:599条
t:9,epoch:11
训练数据：特色词条1807条,非特色词条:5390条
测试数据：特色词条201条,非特色词条:599条
t:9,epoch:12
训练数据：特色词条1807条,非特色词条:5390条
测试数据：特色词条201条,非特色词条:599条
t:9,epoch:13
训练数据：特色词条1807条,非特色词条:5390条
测试数据：特色词条201条,非特色词条:599条
t:9,epoch:14
训练数据：特色词条1807条,非特色词条:5390条
测试数据：特色词条201条,非特色词条:599条
t:9,epoch:15
训练数据：特色词条1807条,非特色词条:5390条
测试数据：特色词条201条,非特色词条:599条
t:9,epoch:16
训练数据：特色词条1807条,非特色词条:5390条
测试数据：特色词条201条,非特色词条:599条
t:9,epoch:17
训练数据：特色词条1807条,非特色词条:5390条
测试数据：特色词条201条,非特色词条:599条
t:9,epoch:18
训练数据：特色词条1807条,非特色词条:5390条
测试数据：特色词条201条,非特色词条:599条
t:9,epoch:19
训练数据：特色词条1807条,非特色词条:5390条
测试数据：特色词条201条,非特色词条:599条
t:9,epoch:20
训练数据：特色词条1807条,非特色词条:5390条
测试数据：特色词条201条,非特色词条:599条
t:9,epoch:21
训练数据：特色词条1807条,非特色词条:5390条
测试数据：特色词条201条,非特色词条:599条
t:9,epoch:22
训练数据：特色词条1807条,非特色词条:5390条
测试数据：特色词条201条,非特色词条:599条
t:9,epoch:23
训练数据：特色词条1807条,非特色词条:5390条
测试数据：特色词条201条,非特色词条:599条
t:9,epoch:24
训练数据：特色词条1807条,非特色词条:5390条
测试数据：特色词条201条,非特色词条:599条
t:9,epoch:25
训练数据：特色词条1807条,非特色词条:5390条
测试数据：特色词条201条,非特色词条:599条
t:9,epoch:26
训练数据：特色词条1807条,非特色词条:5390条
测试数据：特色词条201条,非特色词条:599条
t:9,epoch:27
训练数据：特色词条1807条,非特色词条:5390条
测试数据：特色词条201条,非特色词条:599条
t:9,epoch:28
训练数据：特色词条1807条,非特色词条:5390条
测试数据：特色词条201条,非特色词条:599条
t:9,epoch:29
训练数据：特色词条1807条,非特色词条:5390条
测试数据：特色词条201条,非特色词条:599条
t:9,epoch:30
训练数据：特色词条1807条,非特色词条:5390条
测试数据：特色词条201条,非特色词条:599条
t:9,epoch:31
训练数据：特色词条1807条,非特色词条:5390条
测试数据：特色词条201条,非特色词条:599条
t:9,epoch:32
训练数据：特色词条1807条,非特色词条:5390条
测试数据：特色词条201条,非特色词条:599条
t:9,epoch:33
训练数据：特色词条1807条,非特色词条:5390条
测试数据：特色词条201条,非特色词条:599条
t:9,epoch:34
训练数据：特色词条1807条,非特色词条:5390条
测试数据：特色词条201条,非特色词条:599条
t:9,epoch:35
训练数据：特色词条1807条,非特色词条:5390条
测试数据：特色词条201条,非特色词条:599条
t:9,epoch:36
训练数据：特色词条1807条,非特色词条:5390条
测试数据：特色词条201条,非特色词条:599条
t:9,epoch:37
训练数据：特色词条1807条,非特色词条:5390条
测试数据：特色词条201条,非特色词条:599条
t:9,epoch:38
训练数据：特色词条1807条,非特色词条:5390条
测试数据：特色词条201条,非特色词条:599条
t:9,epoch:39
训练数据：特色词条1807条,非特色词条:5390条
测试数据：特色词条201条,非特色词条:599条
t:9,epoch:40
训练数据：特色词条1807条,非特色词条:5390条
测试数据：特色词条201条,非特色词条:599条
t:9,epoch:41
训练数据：特色词条1807条,非特色词条:5390条
测试数据：特色词条201条,非特色词条:599条
t:9,epoch:42
训练数据：特色词条1807条,非特色词条:5390条
测试数据：特色词条201条,非特色词条:599条
t:9,epoch:43
训练数据：特色词条1807条,非特色词条:5390条
测试数据：特色词条201条,非特色词条:599条
t:9,epoch:44
训练数据：特色词条1807条,非特色词条:5390条
测试数据：特色词条201条,非特色词条:599条
t:9,epoch:45
训练数据：特色词条1807条,非特色词条:5390条
测试数据：特色词条201条,非特色词条:599条
t:9,epoch:46
训练数据：特色词条1807条,非特色词条:5390条
测试数据：特色词条201条,非特色词条:599条
t:9,epoch:47
训练数据：特色词条1807条,非特色词条:5390条
测试数据：特色词条201条,非特色词条:599条
t:9,epoch:48
训练数据：特色词条1807条,非特色词条:5390条
测试数据：特色词条201条,非特色词条:599条
t:9,epoch:49
训练数据：特色词条1807条,非特色词条:5390条
测试数据：特色词条201条,非特色词条:599条
平均评估参数:精确度:0.8855688397546863,准确度:0.9142249999999998,召回率:0.756915422885572,f1值:0.8157160633721232
{'r': 0.756915422885572, 'acc': 0.9142249999999998, 'f1': 0.8157160633721232, 'p': 0.8855688397546863}
最大评估参数:精确度:0.9523809523809523,准确度:0.93625,召回率:0.8258706467661692,f1值:0.8661417322834646
t:10,epoch:0
训练数据：特色词条1807条,非特色词条:5390条
测试数据：特色词条201条,非特色词条:599条
t:10,epoch:1
训练数据：特色词条1807条,非特色词条:5390条
测试数据：特色词条201条,非特色词条:599条
t:10,epoch:2
训练数据：特色词条1807条,非特色词条:5390条
测试数据：特色词条201条,非特色词条:599条
t:10,epoch:3
训练数据：特色词条1807条,非特色词条:5390条
测试数据：特色词条201条,非特色词条:599条
t:10,epoch:4
训练数据：特色词条1807条,非特色词条:5390条
测试数据：特色词条201条,非特色词条:599条
t:10,epoch:5
训练数据：特色词条1807条,非特色词条:5390条
测试数据：特色词条201条,非特色词条:599条
t:10,epoch:6
训练数据：特色词条1807条,非特色词条:5390条
测试数据：特色词条201条,非特色词条:599条
t:10,epoch:7
训练数据：特色词条1807条,非特色词条:5390条
测试数据：特色词条201条,非特色词条:599条
t:10,epoch:8
训练数据：特色词条1807条,非特色词条:5390条
测试数据：特色词条201条,非特色词条:599条
t:10,epoch:9
训练数据：特色词条1807条,非特色词条:5390条
测试数据：特色词条201条,非特色词条:599条
t:10,epoch:10
训练数据：特色词条1807条,非特色词条:5390条
测试数据：特色词条201条,非特色词条:599条
t:10,epoch:11
训练数据：特色词条1807条,非特色词条:5390条
测试数据：特色词条201条,非特色词条:599条
t:10,epoch:12
训练数据：特色词条1807条,非特色词条:5390条
测试数据：特色词条201条,非特色词条:599条
t:10,epoch:13
训练数据：特色词条1807条,非特色词条:5390条
测试数据：特色词条201条,非特色词条:599条
t:10,epoch:14
训练数据：特色词条1807条,非特色词条:5390条
测试数据：特色词条201条,非特色词条:599条
t:10,epoch:15
训练数据：特色词条1807条,非特色词条:5390条
测试数据：特色词条201条,非特色词条:599条
t:10,epoch:16
训练数据：特色词条1807条,非特色词条:5390条
测试数据：特色词条201条,非特色词条:599条
t:10,epoch:17
训练数据：特色词条1807条,非特色词条:5390条
测试数据：特色词条201条,非特色词条:599条
t:10,epoch:18
训练数据：特色词条1807条,非特色词条:5390条
测试数据：特色词条201条,非特色词条:599条
t:10,epoch:19
训练数据：特色词条1807条,非特色词条:5390条
测试数据：特色词条201条,非特色词条:599条
t:10,epoch:20
训练数据：特色词条1807条,非特色词条:5390条
测试数据：特色词条201条,非特色词条:599条
t:10,epoch:21
训练数据：特色词条1807条,非特色词条:5390条
测试数据：特色词条201条,非特色词条:599条
t:10,epoch:22
训练数据：特色词条1807条,非特色词条:5390条
测试数据：特色词条201条,非特色词条:599条
t:10,epoch:23
训练数据：特色词条1807条,非特色词条:5390条
测试数据：特色词条201条,非特色词条:599条
t:10,epoch:24
训练数据：特色词条1807条,非特色词条:5390条
测试数据：特色词条201条,非特色词条:599条
t:10,epoch:25
训练数据：特色词条1807条,非特色词条:5390条
测试数据：特色词条201条,非特色词条:599条
t:10,epoch:26
训练数据：特色词条1807条,非特色词条:5390条
测试数据：特色词条201条,非特色词条:599条
t:10,epoch:27
训练数据：特色词条1807条,非特色词条:5390条
测试数据：特色词条201条,非特色词条:599条
t:10,epoch:28
训练数据：特色词条1807条,非特色词条:5390条
测试数据：特色词条201条,非特色词条:599条
t:10,epoch:29
训练数据：特色词条1807条,非特色词条:5390条
测试数据：特色词条201条,非特色词条:599条
t:10,epoch:30
训练数据：特色词条1807条,非特色词条:5390条
测试数据：特色词条201条,非特色词条:599条
t:10,epoch:31
训练数据：特色词条1807条,非特色词条:5390条
测试数据：特色词条201条,非特色词条:599条
t:10,epoch:32
训练数据：特色词条1807条,非特色词条:5390条
测试数据：特色词条201条,非特色词条:599条
t:10,epoch:33
训练数据：特色词条1807条,非特色词条:5390条
测试数据：特色词条201条,非特色词条:599条
t:10,epoch:34
训练数据：特色词条1807条,非特色词条:5390条
测试数据：特色词条201条,非特色词条:599条
t:10,epoch:35
训练数据：特色词条1807条,非特色词条:5390条
测试数据：特色词条201条,非特色词条:599条
t:10,epoch:36
训练数据：特色词条1807条,非特色词条:5390条
测试数据：特色词条201条,非特色词条:599条
t:10,epoch:37
训练数据：特色词条1807条,非特色词条:5390条
测试数据：特色词条201条,非特色词条:599条
t:10,epoch:38
训练数据：特色词条1807条,非特色词条:5390条
测试数据：特色词条201条,非特色词条:599条
t:10,epoch:39
训练数据：特色词条1807条,非特色词条:5390条
测试数据：特色词条201条,非特色词条:599条
t:10,epoch:40
训练数据：特色词条1807条,非特色词条:5390条
测试数据：特色词条201条,非特色词条:599条
t:10,epoch:41
训练数据：特色词条1807条,非特色词条:5390条
测试数据：特色词条201条,非特色词条:599条
t:10,epoch:42
训练数据：特色词条1807条,非特色词条:5390条
测试数据：特色词条201条,非特色词条:599条
t:10,epoch:43
训练数据：特色词条1807条,非特色词条:5390条
测试数据：特色词条201条,非特色词条:599条
t:10,epoch:44
训练数据：特色词条1807条,非特色词条:5390条
测试数据：特色词条201条,非特色词条:599条
t:10,epoch:45
训练数据：特色词条1807条,非特色词条:5390条
测试数据：特色词条201条,非特色词条:599条
t:10,epoch:46
训练数据：特色词条1807条,非特色词条:5390条
测试数据：特色词条201条,非特色词条:599条
t:10,epoch:47
训练数据：特色词条1807条,非特色词条:5390条
测试数据：特色词条201条,非特色词条:599条
t:10,epoch:48
训练数据：特色词条1807条,非特色词条:5390条
测试数据：特色词条201条,非特色词条:599条
t:10,epoch:49
训练数据：特色词条1807条,非特色词条:5390条
测试数据：特色词条201条,非特色词条:599条
平均评估参数:精确度:0.8913212476805046,准确度:0.9172749999999996,召回率:0.7641791044776117,f1值:0.8226200972356142
{'r': 0.7641791044776117, 'acc': 0.9172749999999996, 'f1': 0.8226200972356142, 'p': 0.8913212476805046}
最大评估参数:精确度:0.9523809523809523,准确度:0.93625,召回率:0.8258706467661692,f1值:0.8661417322834646
t:11,epoch:0
训练数据：特色词条1807条,非特色词条:5390条
测试数据：特色词条201条,非特色词条:599条
t:11,epoch:1
训练数据：特色词条1807条,非特色词条:5390条
测试数据：特色词条201条,非特色词条:599条
t:11,epoch:2
训练数据：特色词条1807条,非特色词条:5390条
测试数据：特色词条201条,非特色词条:599条
t:11,epoch:3
训练数据：特色词条1807条,非特色词条:5390条
测试数据：特色词条201条,非特色词条:599条
t:11,epoch:4
训练数据：特色词条1807条,非特色词条:5390条
测试数据：特色词条201条,非特色词条:599条
t:11,epoch:5
训练数据：特色词条1807条,非特色词条:5390条
测试数据：特色词条201条,非特色词条:599条
t:11,epoch:6
训练数据：特色词条1807条,非特色词条:5390条
测试数据：特色词条201条,非特色词条:599条
t:11,epoch:7
训练数据：特色词条1807条,非特色词条:5390条
测试数据：特色词条201条,非特色词条:599条
t:11,epoch:8
训练数据：特色词条1807条,非特色词条:5390条
测试数据：特色词条201条,非特色词条:599条
t:11,epoch:9
训练数据：特色词条1807条,非特色词条:5390条
测试数据：特色词条201条,非特色词条:599条
t:11,epoch:10
训练数据：特色词条1807条,非特色词条:5390条
测试数据：特色词条201条,非特色词条:599条
t:11,epoch:11
训练数据：特色词条1807条,非特色词条:5390条
测试数据：特色词条201条,非特色词条:599条
t:11,epoch:12
训练数据：特色词条1807条,非特色词条:5390条
测试数据：特色词条201条,非特色词条:599条
t:11,epoch:13
训练数据：特色词条1807条,非特色词条:5390条
测试数据：特色词条201条,非特色词条:599条
t:11,epoch:14
训练数据：特色词条1807条,非特色词条:5390条
测试数据：特色词条201条,非特色词条:599条
t:11,epoch:15
训练数据：特色词条1807条,非特色词条:5390条
测试数据：特色词条201条,非特色词条:599条
t:11,epoch:16
训练数据：特色词条1807条,非特色词条:5390条
测试数据：特色词条201条,非特色词条:599条
t:11,epoch:17
训练数据：特色词条1807条,非特色词条:5390条
测试数据：特色词条201条,非特色词条:599条
t:11,epoch:18
训练数据：特色词条1807条,非特色词条:5390条
测试数据：特色词条201条,非特色词条:599条
t:11,epoch:19
训练数据：特色词条1807条,非特色词条:5390条
测试数据：特色词条201条,非特色词条:599条
t:11,epoch:20
训练数据：特色词条1807条,非特色词条:5390条
测试数据：特色词条201条,非特色词条:599条
t:11,epoch:21
训练数据：特色词条1807条,非特色词条:5390条
测试数据：特色词条201条,非特色词条:599条
t:11,epoch:22
训练数据：特色词条1807条,非特色词条:5390条
测试数据：特色词条201条,非特色词条:599条
t:11,epoch:23
训练数据：特色词条1807条,非特色词条:5390条
测试数据：特色词条201条,非特色词条:599条
t:11,epoch:24
训练数据：特色词条1807条,非特色词条:5390条
测试数据：特色词条201条,非特色词条:599条
t:11,epoch:25
训练数据：特色词条1807条,非特色词条:5390条
测试数据：特色词条201条,非特色词条:599条
t:11,epoch:26
训练数据：特色词条1807条,非特色词条:5390条
测试数据：特色词条201条,非特色词条:599条
t:11,epoch:27
训练数据：特色词条1807条,非特色词条:5390条
测试数据：特色词条201条,非特色词条:599条
t:11,epoch:28
训练数据：特色词条1807条,非特色词条:5390条
测试数据：特色词条201条,非特色词条:599条
t:11,epoch:29
训练数据：特色词条1807条,非特色词条:5390条
测试数据：特色词条201条,非特色词条:599条
t:11,epoch:30
训练数据：特色词条1807条,非特色词条:5390条
测试数据：特色词条201条,非特色词条:599条
t:11,epoch:31
训练数据：特色词条1807条,非特色词条:5390条
测试数据：特色词条201条,非特色词条:599条
t:11,epoch:32
训练数据：特色词条1807条,非特色词条:5390条
测试数据：特色词条201条,非特色词条:599条
t:11,epoch:33
训练数据：特色词条1807条,非特色词条:5390条
测试数据：特色词条201条,非特色词条:599条
t:11,epoch:34
训练数据：特色词条1807条,非特色词条:5390条
测试数据：特色词条201条,非特色词条:599条
t:11,epoch:35
训练数据：特色词条1807条,非特色词条:5390条
测试数据：特色词条201条,非特色词条:599条
t:11,epoch:36
训练数据：特色词条1807条,非特色词条:5390条
测试数据：特色词条201条,非特色词条:599条
t:11,epoch:37
训练数据：特色词条1807条,非特色词条:5390条
测试数据：特色词条201条,非特色词条:599条
t:11,epoch:38
训练数据：特色词条1807条,非特色词条:5390条
测试数据：特色词条201条,非特色词条:599条
t:11,epoch:39
训练数据：特色词条1807条,非特色词条:5390条
测试数据：特色词条201条,非特色词条:599条
t:11,epoch:40
训练数据：特色词条1807条,非特色词条:5390条
测试数据：特色词条201条,非特色词条:599条
t:11,epoch:41
训练数据：特色词条1807条,非特色词条:5390条
测试数据：特色词条201条,非特色词条:599条
t:11,epoch:42
训练数据：特色词条1807条,非特色词条:5390条
测试数据：特色词条201条,非特色词条:599条
t:11,epoch:43
训练数据：特色词条1807条,非特色词条:5390条
测试数据：特色词条201条,非特色词条:599条
t:11,epoch:44
训练数据：特色词条1807条,非特色词条:5390条
测试数据：特色词条201条,非特色词条:599条
t:11,epoch:45
训练数据：特色词条1807条,非特色词条:5390条
测试数据：特色词条201条,非特色词条:599条
t:11,epoch:46
训练数据：特色词条1807条,非特色词条:5390条
测试数据：特色词条201条,非特色词条:599条
t:11,epoch:47
训练数据：特色词条1807条,非特色词条:5390条
测试数据：特色词条201条,非特色词条:599条
t:11,epoch:48
训练数据：特色词条1807条,非特色词条:5390条
测试数据：特色词条201条,非特色词条:599条
t:11,epoch:49
训练数据：特色词条1807条,非特色词条:5390条
测试数据：特色词条201条,非特色词条:599条
平均评估参数:精确度:0.8927041572314894,准确度:0.9148750000000002,召回率:0.7519402985074626,f1值:0.8159906390937564
{'r': 0.7519402985074626, 'acc': 0.9148750000000002, 'f1': 0.8159906390937564, 'p': 0.8927041572314894}
最大评估参数:精确度:0.9523809523809523,准确度:0.93625,召回率:0.8258706467661692,f1值:0.8661417322834646
t:12,epoch:0
训练数据：特色词条1807条,非特色词条:5390条
测试数据：特色词条201条,非特色词条:599条
t:12,epoch:1
训练数据：特色词条1807条,非特色词条:5390条
测试数据：特色词条201条,非特色词条:599条
t:12,epoch:2
训练数据：特色词条1807条,非特色词条:5390条
测试数据：特色词条201条,非特色词条:599条
t:12,epoch:3
训练数据：特色词条1807条,非特色词条:5390条
测试数据：特色词条201条,非特色词条:599条
t:12,epoch:4
训练数据：特色词条1807条,非特色词条:5390条
测试数据：特色词条201条,非特色词条:599条
t:12,epoch:5
训练数据：特色词条1807条,非特色词条:5390条
测试数据：特色词条201条,非特色词条:599条
t:12,epoch:6
训练数据：特色词条1807条,非特色词条:5390条
测试数据：特色词条201条,非特色词条:599条
t:12,epoch:7
训练数据：特色词条1807条,非特色词条:5390条
测试数据：特色词条201条,非特色词条:599条
t:12,epoch:8
训练数据：特色词条1807条,非特色词条:5390条
测试数据：特色词条201条,非特色词条:599条
t:12,epoch:9
训练数据：特色词条1807条,非特色词条:5390条
测试数据：特色词条201条,非特色词条:599条
t:12,epoch:10
训练数据：特色词条1807条,非特色词条:5390条
测试数据：特色词条201条,非特色词条:599条
t:12,epoch:11
训练数据：特色词条1807条,非特色词条:5390条
测试数据：特色词条201条,非特色词条:599条
t:12,epoch:12
训练数据：特色词条1807条,非特色词条:5390条
测试数据：特色词条201条,非特色词条:599条
t:12,epoch:13
训练数据：特色词条1807条,非特色词条:5390条
测试数据：特色词条201条,非特色词条:599条
t:12,epoch:14
训练数据：特色词条1807条,非特色词条:5390条
测试数据：特色词条201条,非特色词条:599条
t:12,epoch:15
训练数据：特色词条1807条,非特色词条:5390条
测试数据：特色词条201条,非特色词条:599条
t:12,epoch:16
训练数据：特色词条1807条,非特色词条:5390条
测试数据：特色词条201条,非特色词条:599条
t:12,epoch:17
训练数据：特色词条1807条,非特色词条:5390条
测试数据：特色词条201条,非特色词条:599条
t:12,epoch:18
训练数据：特色词条1807条,非特色词条:5390条
测试数据：特色词条201条,非特色词条:599条
t:12,epoch:19
训练数据：特色词条1807条,非特色词条:5390条
测试数据：特色词条201条,非特色词条:599条
t:12,epoch:20
训练数据：特色词条1807条,非特色词条:5390条
测试数据：特色词条201条,非特色词条:599条
t:12,epoch:21
训练数据：特色词条1807条,非特色词条:5390条
测试数据：特色词条201条,非特色词条:599条
t:12,epoch:22
训练数据：特色词条1807条,非特色词条:5390条
测试数据：特色词条201条,非特色词条:599条
t:12,epoch:23
训练数据：特色词条1807条,非特色词条:5390条
测试数据：特色词条201条,非特色词条:599条
t:12,epoch:24
训练数据：特色词条1807条,非特色词条:5390条
测试数据：特色词条201条,非特色词条:599条
t:12,epoch:25
训练数据：特色词条1807条,非特色词条:5390条
测试数据：特色词条201条,非特色词条:599条
t:12,epoch:26
训练数据：特色词条1807条,非特色词条:5390条
测试数据：特色词条201条,非特色词条:599条
t:12,epoch:27
训练数据：特色词条1807条,非特色词条:5390条
测试数据：特色词条201条,非特色词条:599条
t:12,epoch:28
训练数据：特色词条1807条,非特色词条:5390条
测试数据：特色词条201条,非特色词条:599条
t:12,epoch:29
训练数据：特色词条1807条,非特色词条:5390条
测试数据：特色词条201条,非特色词条:599条
t:12,epoch:30
训练数据：特色词条1807条,非特色词条:5390条
测试数据：特色词条201条,非特色词条:599条
t:12,epoch:31
训练数据：特色词条1807条,非特色词条:5390条
测试数据：特色词条201条,非特色词条:599条
t:12,epoch:32
训练数据：特色词条1807条,非特色词条:5390条
测试数据：特色词条201条,非特色词条:599条
t:12,epoch:33
训练数据：特色词条1807条,非特色词条:5390条
测试数据：特色词条201条,非特色词条:599条
t:12,epoch:34
训练数据：特色词条1807条,非特色词条:5390条
测试数据：特色词条201条,非特色词条:599条
t:12,epoch:35
训练数据：特色词条1807条,非特色词条:5390条
测试数据：特色词条201条,非特色词条:599条
t:12,epoch:36
训练数据：特色词条1807条,非特色词条:5390条
测试数据：特色词条201条,非特色词条:599条
t:12,epoch:37
训练数据：特色词条1807条,非特色词条:5390条
测试数据：特色词条201条,非特色词条:599条
t:12,epoch:38
训练数据：特色词条1807条,非特色词条:5390条
测试数据：特色词条201条,非特色词条:599条
t:12,epoch:39
训练数据：特色词条1807条,非特色词条:5390条
测试数据：特色词条201条,非特色词条:599条
t:12,epoch:40
训练数据：特色词条1807条,非特色词条:5390条
测试数据：特色词条201条,非特色词条:599条
t:12,epoch:41
训练数据：特色词条1807条,非特色词条:5390条
测试数据：特色词条201条,非特色词条:599条
t:12,epoch:42
训练数据：特色词条1807条,非特色词条:5390条
测试数据：特色词条201条,非特色词条:599条
t:12,epoch:43
训练数据：特色词条1807条,非特色词条:5390条
测试数据：特色词条201条,非特色词条:599条
t:12,epoch:44
训练数据：特色词条1807条,非特色词条:5390条
测试数据：特色词条201条,非特色词条:599条
t:12,epoch:45
训练数据：特色词条1807条,非特色词条:5390条
测试数据：特色词条201条,非特色词条:599条
t:12,epoch:46
训练数据：特色词条1807条,非特色词条:5390条
测试数据：特色词条201条,非特色词条:599条
t:12,epoch:47
训练数据：特色词条1807条,非特色词条:5390条
测试数据：特色词条201条,非特色词条:599条
t:12,epoch:48
训练数据：特色词条1807条,非特色词条:5390条
测试数据：特色词条201条,非特色词条:599条
t:12,epoch:49
训练数据：特色词条1807条,非特色词条:5390条
测试数据：特色词条201条,非特色词条:599条
平均评估参数:精确度:0.8843428225086366,准确度:0.9120750000000002,召回率:0.7484577114427861,f1值:0.8101637576926316
{'r': 0.7484577114427861, 'acc': 0.9120750000000002, 'f1': 0.8101637576926316, 'p': 0.8843428225086366}
最大评估参数:精确度:0.9523809523809523,准确度:0.93875,召回率:0.8258706467661692,f1值:0.8713910761154856
t:13,epoch:0
训练数据：特色词条1807条,非特色词条:5390条
测试数据：特色词条201条,非特色词条:599条
t:13,epoch:1
训练数据：特色词条1807条,非特色词条:5390条
测试数据：特色词条201条,非特色词条:599条
t:13,epoch:2
训练数据：特色词条1807条,非特色词条:5390条
测试数据：特色词条201条,非特色词条:599条
t:13,epoch:3
训练数据：特色词条1807条,非特色词条:5390条
测试数据：特色词条201条,非特色词条:599条
t:13,epoch:4
训练数据：特色词条1807条,非特色词条:5390条
测试数据：特色词条201条,非特色词条:599条
t:13,epoch:5
训练数据：特色词条1807条,非特色词条:5390条
测试数据：特色词条201条,非特色词条:599条
t:13,epoch:6
训练数据：特色词条1807条,非特色词条:5390条
测试数据：特色词条201条,非特色词条:599条
t:13,epoch:7
训练数据：特色词条1807条,非特色词条:5390条
测试数据：特色词条201条,非特色词条:599条
t:13,epoch:8
训练数据：特色词条1807条,非特色词条:5390条
测试数据：特色词条201条,非特色词条:599条
t:13,epoch:9
训练数据：特色词条1807条,非特色词条:5390条
测试数据：特色词条201条,非特色词条:599条
t:13,epoch:10
训练数据：特色词条1807条,非特色词条:5390条
测试数据：特色词条201条,非特色词条:599条
t:13,epoch:11
训练数据：特色词条1807条,非特色词条:5390条
测试数据：特色词条201条,非特色词条:599条
t:13,epoch:12
训练数据：特色词条1807条,非特色词条:5390条
测试数据：特色词条201条,非特色词条:599条
t:13,epoch:13
训练数据：特色词条1807条,非特色词条:5390条
测试数据：特色词条201条,非特色词条:599条
t:13,epoch:14
训练数据：特色词条1807条,非特色词条:5390条
测试数据：特色词条201条,非特色词条:599条
t:13,epoch:15
训练数据：特色词条1807条,非特色词条:5390条
测试数据：特色词条201条,非特色词条:599条
t:13,epoch:16
训练数据：特色词条1807条,非特色词条:5390条
测试数据：特色词条201条,非特色词条:599条
t:13,epoch:17
训练数据：特色词条1807条,非特色词条:5390条
测试数据：特色词条201条,非特色词条:599条
t:13,epoch:18
训练数据：特色词条1807条,非特色词条:5390条
测试数据：特色词条201条,非特色词条:599条
t:13,epoch:19
训练数据：特色词条1807条,非特色词条:5390条
测试数据：特色词条201条,非特色词条:599条
t:13,epoch:20
训练数据：特色词条1807条,非特色词条:5390条
测试数据：特色词条201条,非特色词条:599条
t:13,epoch:21
训练数据：特色词条1807条,非特色词条:5390条
测试数据：特色词条201条,非特色词条:599条
t:13,epoch:22
训练数据：特色词条1807条,非特色词条:5390条
测试数据：特色词条201条,非特色词条:599条
t:13,epoch:23
训练数据：特色词条1807条,非特色词条:5390条
测试数据：特色词条201条,非特色词条:599条
t:13,epoch:24
训练数据：特色词条1807条,非特色词条:5390条
测试数据：特色词条201条,非特色词条:599条
t:13,epoch:25
训练数据：特色词条1807条,非特色词条:5390条
测试数据：特色词条201条,非特色词条:599条
t:13,epoch:26
训练数据：特色词条1807条,非特色词条:5390条
测试数据：特色词条201条,非特色词条:599条
t:13,epoch:27
训练数据：特色词条1807条,非特色词条:5390条
测试数据：特色词条201条,非特色词条:599条
t:13,epoch:28
训练数据：特色词条1807条,非特色词条:5390条
测试数据：特色词条201条,非特色词条:599条
t:13,epoch:29
训练数据：特色词条1807条,非特色词条:5390条
测试数据：特色词条201条,非特色词条:599条
t:13,epoch:30
训练数据：特色词条1807条,非特色词条:5390条
测试数据：特色词条201条,非特色词条:599条
t:13,epoch:31
训练数据：特色词条1807条,非特色词条:5390条
测试数据：特色词条201条,非特色词条:599条
t:13,epoch:32
训练数据：特色词条1807条,非特色词条:5390条
测试数据：特色词条201条,非特色词条:599条
t:13,epoch:33
训练数据：特色词条1807条,非特色词条:5390条
测试数据：特色词条201条,非特色词条:599条
t:13,epoch:34
训练数据：特色词条1807条,非特色词条:5390条
测试数据：特色词条201条,非特色词条:599条
t:13,epoch:35
训练数据：特色词条1807条,非特色词条:5390条
测试数据：特色词条201条,非特色词条:599条
t:13,epoch:36
训练数据：特色词条1807条,非特色词条:5390条
测试数据：特色词条201条,非特色词条:599条
t:13,epoch:37
训练数据：特色词条1807条,非特色词条:5390条
测试数据：特色词条201条,非特色词条:599条
t:13,epoch:38
训练数据：特色词条1807条,非特色词条:5390条
测试数据：特色词条201条,非特色词条:599条
t:13,epoch:39
训练数据：特色词条1807条,非特色词条:5390条
测试数据：特色词条201条,非特色词条:599条
t:13,epoch:40
训练数据：特色词条1807条,非特色词条:5390条
测试数据：特色词条201条,非特色词条:599条
t:13,epoch:41
训练数据：特色词条1807条,非特色词条:5390条
测试数据：特色词条201条,非特色词条:599条
t:13,epoch:42
训练数据：特色词条1807条,非特色词条:5390条
测试数据：特色词条201条,非特色词条:599条
t:13,epoch:43
训练数据：特色词条1807条,非特色词条:5390条
测试数据：特色词条201条,非特色词条:599条
t:13,epoch:44
训练数据：特色词条1807条,非特色词条:5390条
测试数据：特色词条201条,非特色词条:599条
t:13,epoch:45
训练数据：特色词条1807条,非特色词条:5390条
测试数据：特色词条201条,非特色词条:599条
t:13,epoch:46
训练数据：特色词条1807条,非特色词条:5390条
测试数据：特色词条201条,非特色词条:599条
t:13,epoch:47
训练数据：特色词条1807条,非特色词条:5390条
测试数据：特色词条201条,非特色词条:599条
t:13,epoch:48
训练数据：特色词条1807条,非特色词条:5390条
测试数据：特色词条201条,非特色词条:599条
t:13,epoch:49
训练数据：特色词条1807条,非特色词条:5390条
测试数据：特色词条201条,非特色词条:599条
平均评估参数:精确度:0.891202116333416,准确度:0.9155249999999999,召回率:0.756915422885572,f1值:0.8180705383855432
{'r': 0.756915422885572, 'acc': 0.9155249999999999, 'f1': 0.8180705383855432, 'p': 0.891202116333416}
最大评估参数:精确度:0.9523809523809523,准确度:0.93875,召回率:0.8258706467661692,f1值:0.8713910761154856
t:14,epoch:0
训练数据：特色词条1807条,非特色词条:5390条
测试数据：特色词条201条,非特色词条:599条
t:14,epoch:1
训练数据：特色词条1807条,非特色词条:5390条
测试数据：特色词条201条,非特色词条:599条
t:14,epoch:2
训练数据：特色词条1807条,非特色词条:5390条
测试数据：特色词条201条,非特色词条:599条
t:14,epoch:3
训练数据：特色词条1807条,非特色词条:5390条
测试数据：特色词条201条,非特色词条:599条
t:14,epoch:4
训练数据：特色词条1807条,非特色词条:5390条
测试数据：特色词条201条,非特色词条:599条
t:14,epoch:5
训练数据：特色词条1807条,非特色词条:5390条
测试数据：特色词条201条,非特色词条:599条
t:14,epoch:6
训练数据：特色词条1807条,非特色词条:5390条
测试数据：特色词条201条,非特色词条:599条
t:14,epoch:7
训练数据：特色词条1807条,非特色词条:5390条
测试数据：特色词条201条,非特色词条:599条
t:14,epoch:8
训练数据：特色词条1807条,非特色词条:5390条
测试数据：特色词条201条,非特色词条:599条
t:14,epoch:9
训练数据：特色词条1807条,非特色词条:5390条
测试数据：特色词条201条,非特色词条:599条
t:14,epoch:10
训练数据：特色词条1807条,非特色词条:5390条
测试数据：特色词条201条,非特色词条:599条
t:14,epoch:11
训练数据：特色词条1807条,非特色词条:5390条
测试数据：特色词条201条,非特色词条:599条
t:14,epoch:12
训练数据：特色词条1807条,非特色词条:5390条
测试数据：特色词条201条,非特色词条:599条
t:14,epoch:13
训练数据：特色词条1807条,非特色词条:5390条
测试数据：特色词条201条,非特色词条:599条
t:14,epoch:14
训练数据：特色词条1807条,非特色词条:5390条
测试数据：特色词条201条,非特色词条:599条
t:14,epoch:15
训练数据：特色词条1807条,非特色词条:5390条
测试数据：特色词条201条,非特色词条:599条
t:14,epoch:16
训练数据：特色词条1807条,非特色词条:5390条
测试数据：特色词条201条,非特色词条:599条
t:14,epoch:17
训练数据：特色词条1807条,非特色词条:5390条
测试数据：特色词条201条,非特色词条:599条
t:14,epoch:18
训练数据：特色词条1807条,非特色词条:5390条
测试数据：特色词条201条,非特色词条:599条
t:14,epoch:19
训练数据：特色词条1807条,非特色词条:5390条
测试数据：特色词条201条,非特色词条:599条
t:14,epoch:20
训练数据：特色词条1807条,非特色词条:5390条
测试数据：特色词条201条,非特色词条:599条
t:14,epoch:21
训练数据：特色词条1807条,非特色词条:5390条
测试数据：特色词条201条,非特色词条:599条
t:14,epoch:22
训练数据：特色词条1807条,非特色词条:5390条
测试数据：特色词条201条,非特色词条:599条
t:14,epoch:23
训练数据：特色词条1807条,非特色词条:5390条
测试数据：特色词条201条,非特色词条:599条
t:14,epoch:24
训练数据：特色词条1807条,非特色词条:5390条
测试数据：特色词条201条,非特色词条:599条
t:14,epoch:25
训练数据：特色词条1807条,非特色词条:5390条
测试数据：特色词条201条,非特色词条:599条
t:14,epoch:26
训练数据：特色词条1807条,非特色词条:5390条
测试数据：特色词条201条,非特色词条:599条
t:14,epoch:27
训练数据：特色词条1807条,非特色词条:5390条
测试数据：特色词条201条,非特色词条:599条
t:14,epoch:28
训练数据：特色词条1807条,非特色词条:5390条
测试数据：特色词条201条,非特色词条:599条
t:14,epoch:29
训练数据：特色词条1807条,非特色词条:5390条
测试数据：特色词条201条,非特色词条:599条
t:14,epoch:30
训练数据：特色词条1807条,非特色词条:5390条
测试数据：特色词条201条,非特色词条:599条
t:14,epoch:31
训练数据：特色词条1807条,非特色词条:5390条
测试数据：特色词条201条,非特色词条:599条
t:14,epoch:32
训练数据：特色词条1807条,非特色词条:5390条
测试数据：特色词条201条,非特色词条:599条
t:14,epoch:33
训练数据：特色词条1807条,非特色词条:5390条
测试数据：特色词条201条,非特色词条:599条
t:14,epoch:34
训练数据：特色词条1807条,非特色词条:5390条
测试数据：特色词条201条,非特色词条:599条
t:14,epoch:35
训练数据：特色词条1807条,非特色词条:5390条
测试数据：特色词条201条,非特色词条:599条
t:14,epoch:36
训练数据：特色词条1807条,非特色词条:5390条
测试数据：特色词条201条,非特色词条:599条
t:14,epoch:37
训练数据：特色词条1807条,非特色词条:5390条
测试数据：特色词条201条,非特色词条:599条
t:14,epoch:38
训练数据：特色词条1807条,非特色词条:5390条
测试数据：特色词条201条,非特色词条:599条
t:14,epoch:39
训练数据：特色词条1807条,非特色词条:5390条
测试数据：特色词条201条,非特色词条:599条
t:14,epoch:40
训练数据：特色词条1807条,非特色词条:5390条
测试数据：特色词条201条,非特色词条:599条
t:14,epoch:41
训练数据：特色词条1807条,非特色词条:5390条
测试数据：特色词条201条,非特色词条:599条
t:14,epoch:42
训练数据：特色词条1807条,非特色词条:5390条
测试数据：特色词条201条,非特色词条:599条
t:14,epoch:43
训练数据：特色词条1807条,非特色词条:5390条
测试数据：特色词条201条,非特色词条:599条
t:14,epoch:44
训练数据：特色词条1807条,非特色词条:5390条
测试数据：特色词条201条,非特色词条:599条
t:14,epoch:45
训练数据：特色词条1807条,非特色词条:5390条
测试数据：特色词条201条,非特色词条:599条
t:14,epoch:46
训练数据：特色词条1807条,非特色词条:5390条
测试数据：特色词条201条,非特色词条:599条
t:14,epoch:47
训练数据：特色词条1807条,非特色词条:5390条
测试数据：特色词条201条,非特色词条:599条
t:14,epoch:48
训练数据：特色词条1807条,非特色词条:5390条
测试数据：特色词条201条,非特色词条:599条
t:14,epoch:49
训练数据：特色词条1807条,非特色词条:5390条
测试数据：特色词条201条,非特色词条:599条
平均评估参数:精确度:0.8852178151987792,准确度:0.9143500000000002,召回率:0.7580099502487562,f1值:0.8162657773125107
{'r': 0.7580099502487562, 'acc': 0.9143500000000002, 'f1': 0.8162657773125107, 'p': 0.8852178151987792}
最大评估参数:精确度:0.9540229885057471,准确度:0.94625,召回率:0.8258706467661692,f1值:0.8853333333333333
