训练数据：特色词条1807条,非特色词条:5390条
测试数据：特色词条201条,非特色词条:599条
{'p': 0.8876404494382022, 'f1': 0.83377308707124, 'r': 0.7860696517412935, 'acc': 0.92125}
训练数据：特色词条1807条,非特色词条:5390条
测试数据：特色词条201条,非特色词条:599条
{'p': 0.9197860962566845, 'f1': 0.8865979381443299, 'r': 0.8557213930348259, 'acc': 0.945}
训练数据：特色词条1807条,非特色词条:5390条
测试数据：特色词条201条,非特色词条:599条
{'p': 0.9042553191489362, 'f1': 0.8740359897172237, 'r': 0.845771144278607, 'acc': 0.93875}
训练数据：特色词条1807条,非特色词条:5390条
测试数据：特色词条201条,非特色词条:599条
{'p': 0.898936170212766, 'f1': 0.8688946015424164, 'r': 0.8407960199004975, 'acc': 0.93625}
训练数据：特色词条1807条,非特色词条:5390条
测试数据：特色词条201条,非特色词条:599条
{'p': 0.8769230769230769, 'f1': 0.8636363636363636, 'r': 0.8507462686567164, 'acc': 0.9325}
训练数据：特色词条1807条,非特色词条:5390条
测试数据：特色词条201条,非特色词条:599条
{'p': 0.9617486338797814, 'f1': 0.9166666666666666, 'r': 0.8756218905472637, 'acc': 0.96}
训练数据：特色词条1807条,非特色词条:5390条
测试数据：特色词条201条,非特色词条:599条
{'p': 0.8958333333333334, 'f1': 0.8753180661577609, 'r': 0.8557213930348259, 'acc': 0.93875}
训练数据：特色词条1807条,非特色词条:5390条
测试数据：特色词条201条,非特色词条:599条
{'p': 0.9139784946236559, 'f1': 0.8785529715762275, 'r': 0.845771144278607, 'acc': 0.94125}
训练数据：特色词条1807条,非特色词条:5390条
测试数据：特色词条201条,非特色词条:599条
{'p': 0.9206349206349206, 'f1': 0.8923076923076922, 'r': 0.8656716417910447, 'acc': 0.9475}
训练数据：特色词条1807条,非特色词条:5390条
测试数据：特色词条201条,非特色词条:599条
{'p': 0.8952879581151832, 'f1': 0.8724489795918368, 'r': 0.8507462686567164, 'acc': 0.9375}
训练数据：特色词条1807条,非特色词条:5390条
测试数据：特色词条201条,非特色词条:599条
{'p': 0.9308510638297872, 'f1': 0.8997429305912596, 'r': 0.8706467661691543, 'acc': 0.95125}
训练数据：特色词条1807条,非特色词条:5390条
测试数据：特色词条201条,非特色词条:599条
{'p': 0.9114583333333334, 'f1': 0.8905852417302799, 'r': 0.8706467661691543, 'acc': 0.94625}
训练数据：特色词条1807条,非特色词条:5390条
测试数据：特色词条201条,非特色词条:599条
{'p': 0.9315789473684211, 'f1': 0.9053708439897697, 'r': 0.8805970149253731, 'acc': 0.95375}
训练数据：特色词条1807条,非特色词条:5390条
测试数据：特色词条201条,非特色词条:599条
{'p': 0.8939393939393939, 'f1': 0.887218045112782, 'r': 0.8805970149253731, 'acc': 0.94375}
训练数据：特色词条1807条,非特色词条:5390条
测试数据：特色词条201条,非特色词条:599条
{'p': 0.92, 'f1': 0.8563829787234044, 'r': 0.8009950248756219, 'acc': 0.9325}
训练数据：特色词条1807条,非特色词条:5390条
测试数据：特色词条201条,非特色词条:599条
{'p': 0.90625, 'f1': 0.8854961832061069, 'r': 0.8656716417910447, 'acc': 0.94375}
训练数据：特色词条1807条,非特色词条:5390条
测试数据：特色词条201条,非特色词条:599条
{'p': 0.9222797927461139, 'f1': 0.9035532994923857, 'r': 0.8855721393034826, 'acc': 0.9525}
训练数据：特色词条1807条,非特色词条:5390条
测试数据：特色词条201条,非特色词条:599条
{'p': 0.9226519337016574, 'f1': 0.8743455497382199, 'r': 0.8308457711442786, 'acc': 0.94}
训练数据：特色词条1807条,非特色词条:5390条
测试数据：特色词条201条,非特色词条:599条
{'p': 0.8978494623655914, 'f1': 0.8630490956072351, 'r': 0.8308457711442786, 'acc': 0.93375}
训练数据：特色词条1807条,非特色词条:5390条
测试数据：特色词条201条,非特色词条:599条
{'p': 0.9086294416243654, 'f1': 0.8994974874371859, 'r': 0.8905472636815921, 'acc': 0.95}
训练数据：特色词条1807条,非特色词条:5390条
测试数据：特色词条201条,非特色词条:599条
{'p': 0.8507462686567164, 'f1': 0.8507462686567164, 'r': 0.8507462686567164, 'acc': 0.925}
训练数据：特色词条1807条,非特色词条:5390条
测试数据：特色词条201条,非特色词条:599条
{'p': 0.9010989010989011, 'f1': 0.856396866840731, 'r': 0.8159203980099502, 'acc': 0.93125}
训练数据：特色词条1807条,非特色词条:5390条
测试数据：特色词条201条,非特色词条:599条
{'p': 0.9358288770053476, 'f1': 0.902061855670103, 'r': 0.8706467661691543, 'acc': 0.9525}
训练数据：特色词条1807条,非特色词条:5390条
测试数据：特色词条201条,非特色词条:599条
{'p': 0.8979591836734694, 'f1': 0.8866498740554155, 'r': 0.8756218905472637, 'acc': 0.94375}
训练数据：特色词条1807条,非特色词条:5390条
测试数据：特色词条201条,非特色词条:599条
{'p': 0.9213483146067416, 'f1': 0.8654353562005277, 'r': 0.8159203980099502, 'acc': 0.93625}
训练数据：特色词条1807条,非特色词条:5390条
测试数据：特色词条201条,非特色词条:599条
{'p': 0.8978494623655914, 'f1': 0.8630490956072351, 'r': 0.8308457711442786, 'acc': 0.93375}
训练数据：特色词条1807条,非特色词条:5390条
测试数据：特色词条201条,非特色词条:599条
{'p': 0.907608695652174, 'f1': 0.8675324675324676, 'r': 0.8308457711442786, 'acc': 0.93625}
训练数据：特色词条1807条,非特色词条:5390条
测试数据：特色词条201条,非特色词条:599条
{'p': 0.9015544041450777, 'f1': 0.8832487309644669, 'r': 0.8656716417910447, 'acc': 0.9425}
训练数据：特色词条1807条,非特色词条:5390条
测试数据：特色词条201条,非特色词条:599条
{'p': 0.9047619047619048, 'f1': 0.8769230769230769, 'r': 0.8507462686567164, 'acc': 0.94}
训练数据：特色词条1807条,非特色词条:5390条
测试数据：特色词条201条,非特色词条:599条
{'p': 0.9055555555555556, 'f1': 0.8556430446194224, 'r': 0.8109452736318408, 'acc': 0.93125}
训练数据：特色词条1807条,非特色词条:5390条
测试数据：特色词条201条,非特色词条:599条
{'p': 0.9032258064516129, 'f1': 0.8682170542635659, 'r': 0.835820895522388, 'acc': 0.93625}
训练数据：特色词条1807条,非特色词条:5390条
测试数据：特色词条201条,非特色词条:599条
{'p': 0.8974358974358975, 'f1': 0.8838383838383838, 'r': 0.8706467661691543, 'acc': 0.9425}
训练数据：特色词条1807条,非特色词条:5390条
测试数据：特色词条201条,非特色词条:599条
{'p': 0.9162303664921466, 'f1': 0.8928571428571429, 'r': 0.8706467661691543, 'acc': 0.9475}
训练数据：特色词条1807条,非特色词条:5390条
测试数据：特色词条201条,非特色词条:599条
{'p': 0.9037433155080213, 'f1': 0.8711340206185567, 'r': 0.8407960199004975, 'acc': 0.9375}
训练数据：特色词条1807条,非特色词条:5390条
测试数据：特色词条201条,非特色词条:599条
{'p': 0.9057591623036649, 'f1': 0.8826530612244897, 'r': 0.8606965174129353, 'acc': 0.9425}
训练数据：特色词条1807条,非特色词条:5390条
测试数据：特色词条201条,非特色词条:599条
{'p': 0.9153439153439153, 'f1': 0.8871794871794872, 'r': 0.8606965174129353, 'acc': 0.945}
训练数据：特色词条1807条,非特色词条:5390条
测试数据：特色词条201条,非特色词条:599条
{'p': 0.9120879120879121, 'f1': 0.8668407310704961, 'r': 0.8258706467661692, 'acc': 0.93625}
训练数据：特色词条1807条,非特色词条:5390条
测试数据：特色词条201条,非特色词条:599条
{'p': 0.9226804123711341, 'f1': 0.9063291139240507, 'r': 0.8905472636815921, 'acc': 0.95375}
训练数据：特色词条1807条,非特色词条:5390条
测试数据：特色词条201条,非特色词条:599条
{'p': 0.91005291005291, 'f1': 0.882051282051282, 'r': 0.8557213930348259, 'acc': 0.9425}
训练数据：特色词条1807条,非特色词条:5390条
测试数据：特色词条201条,非特色词条:599条
{'p': 0.9016393442622951, 'f1': 0.8593750000000001, 'r': 0.8208955223880597, 'acc': 0.9325}
训练数据：特色词条1807条,非特色词条:5390条
测试数据：特色词条201条,非特色词条:599条
{'p': 0.9269662921348315, 'f1': 0.870712401055409, 'r': 0.8208955223880597, 'acc': 0.93875}
训练数据：特色词条1807条,非特色词条:5390条
测试数据：特色词条201条,非特色词条:599条
{'p': 0.9052631578947369, 'f1': 0.8797953964194374, 'r': 0.8557213930348259, 'acc': 0.94125}
训练数据：特色词条1807条,非特色词条:5390条
测试数据：特色词条201条,非特色词条:599条
{'p': 0.8894736842105263, 'f1': 0.8644501278772379, 'r': 0.8407960199004975, 'acc': 0.93375}
训练数据：特色词条1807条,非特色词条:5390条
测试数据：特色词条201条,非特色词条:599条
{'p': 0.8952879581151832, 'f1': 0.8724489795918368, 'r': 0.8507462686567164, 'acc': 0.9375}
训练数据：特色词条1807条,非特色词条:5390条
测试数据：特色词条201条,非特色词条:599条
{'p': 0.9392265193370166, 'f1': 0.8900523560209426, 'r': 0.845771144278607, 'acc': 0.9475}
训练数据：特色词条1807条,非特色词条:5390条
测试数据：特色词条201条,非特色词条:599条
{'p': 0.9035532994923858, 'f1': 0.8944723618090452, 'r': 0.8855721393034826, 'acc': 0.9475}
训练数据：特色词条1807条,非特色词条:5390条
测试数据：特色词条201条,非特色词条:599条
{'p': 0.9135135135135135, 'f1': 0.8756476683937824, 'r': 0.8407960199004975, 'acc': 0.94}
训练数据：特色词条1807条,非特色词条:5390条
测试数据：特色词条201条,非特色词条:599条
{'p': 0.9243243243243243, 'f1': 0.8860103626943006, 'r': 0.8507462686567164, 'acc': 0.945}
训练数据：特色词条1807条,非特色词条:5390条
测试数据：特色词条201条,非特色词条:599条
{'p': 0.9020618556701031, 'f1': 0.8860759493670887, 'r': 0.8706467661691543, 'acc': 0.94375}
训练数据：特色词条1807条,非特色词条:5390条
测试数据：特色词条201条,非特色词条:599条
{'p': 0.8666666666666667, 'f1': 0.8535353535353535, 'r': 0.8407960199004975, 'acc': 0.9275}
训练数据：特色词条1807条,非特色词条:5390条
测试数据：特色词条201条,非特色词条:599条
平均评估参数:精确度:0.9079872140533098,准确度:0.94075,召回率:0.850646766169154,f1值:0.8781767376580488
最大评估参数:精确度:0.9617486338797814,准确度:0.96,召回率:0.8905472636815921,f1值:0.9166666666666666
